2018-02-22 14:47:30.728 [main] INFO  effect.effect.EffectApplication.logStarting(48) - Starting EffectApplication on Feilongs-MacBook-Pro.local with PID 52391 (/Users/feilongchen/source/myWorkspace/effect-backend/target/classes started by feilongchen in /Users/feilongchen/source/myWorkspace/effect-backend)
2018-02-22 14:47:30.733 [main] DEBUG effect.effect.EffectApplication.logStarting(51) - Running with Spring Boot v1.5.9.RELEASE, Spring v4.3.13.RELEASE
2018-02-22 14:47:30.733 [main] INFO  effect.effect.EffectApplication.logStartupProfileInfo(597) - The following profiles are active: dev
2018-02-22 14:47:30.819 [main] INFO  o.s.b.c.e.AnnotationConfigEmbeddedWebApplicationContext.prepareRefresh(583) - Refreshing org.springframework.boot.context.embedded.AnnotationConfigEmbeddedWebApplicationContext@2e377400: startup date [Thu Feb 22 14:47:30 CST 2018]; root of context hierarchy
2018-02-22 14:47:32.262 [main] INFO  o.s.c.s.PostProcessorRegistrationDelegate$BeanPostProcessorChecker.postProcessAfterInitialization(327) - Bean 'org.springframework.transaction.annotation.ProxyTransactionManagementConfiguration' of type [org.springframework.transaction.annotation.ProxyTransactionManagementConfiguration$$EnhancerBySpringCGLIB$$9b43d220] is not eligible for getting processed by all BeanPostProcessors (for example: not eligible for auto-proxying)
2018-02-22 14:47:32.705 [main] INFO  o.s.b.c.e.t.TomcatEmbeddedServletContainer.initialize(89) - Tomcat initialized with port(s): 8080 (http)
2018-02-22 14:47:32.789 [localhost-startStop-1] INFO  o.s.web.context.ContextLoader.prepareEmbeddedWebApplicationContext(276) - Root WebApplicationContext: initialization completed in 1970 ms
2018-02-22 14:47:33.380 [localhost-startStop-1] INFO  o.s.o.j.LocalContainerEntityManagerFactoryBean.createNativeEntityManagerFactory(356) - Building JPA container EntityManagerFactory for persistence unit 'default'
2018-02-22 14:47:34.835 [localhost-startStop-1] INFO  o.s.o.j.LocalContainerEntityManagerFactoryBean.buildNativeEntityManagerFactory(392) - Initialized JPA EntityManagerFactory for persistence unit 'default'
2018-02-22 14:47:35.291 [localhost-startStop-1] INFO  o.s.b.w.s.FilterRegistrationBean.configure(271) - Mapping filter: 'tokenFilter' to urls: [/v1/member/*]
2018-02-22 14:47:35.292 [localhost-startStop-1] INFO  o.s.b.w.s.FilterRegistrationBean.configure(258) - Mapping filter: 'metricsFilter' to: [/*]
2018-02-22 14:47:35.292 [localhost-startStop-1] INFO  o.s.b.w.s.FilterRegistrationBean.configure(258) - Mapping filter: 'characterEncodingFilter' to: [/*]
2018-02-22 14:47:35.292 [localhost-startStop-1] INFO  o.s.b.w.s.FilterRegistrationBean.configure(258) - Mapping filter: 'hiddenHttpMethodFilter' to: [/*]
2018-02-22 14:47:35.292 [localhost-startStop-1] INFO  o.s.b.w.s.FilterRegistrationBean.configure(258) - Mapping filter: 'httpPutFormContentFilter' to: [/*]
2018-02-22 14:47:35.292 [localhost-startStop-1] INFO  o.s.b.w.s.FilterRegistrationBean.configure(258) - Mapping filter: 'requestContextFilter' to: [/*]
2018-02-22 14:47:35.292 [localhost-startStop-1] INFO  o.s.b.w.s.FilterRegistrationBean.configure(258) - Mapping filter: 'corsFilter' to: [/*]
2018-02-22 14:47:35.292 [localhost-startStop-1] INFO  o.s.b.w.s.FilterRegistrationBean.configure(258) - Mapping filter: 'webRequestLoggingFilter' to: [/*]
2018-02-22 14:47:35.292 [localhost-startStop-1] INFO  o.s.b.w.s.FilterRegistrationBean.configure(258) - Mapping filter: 'applicationContextIdFilter' to: [/*]
2018-02-22 14:47:35.293 [localhost-startStop-1] INFO  o.s.b.w.s.ServletRegistrationBean.onStartup(190) - Mapping servlet: 'dispatcherServlet' to [/]
2018-02-22 14:47:35.324 [localhost-startStop-1] DEBUG e.effect.common.filter.TokenFilter.init(208) - Initializing filter 'tokenFilter'
2018-02-22 14:47:35.325 [localhost-startStop-1] DEBUG e.effect.common.filter.TokenFilter.init(239) - Filter 'tokenFilter' configured successfully
2018-02-22 14:47:35.409 [main] WARN  o.s.b.c.e.AnnotationConfigEmbeddedWebApplicationContext.refresh(551) - Exception encountered during context initialization - cancelling refresh attempt: org.springframework.beans.factory.UnsatisfiedDependencyException: Error creating bean with name 'replyMemberController': Unsatisfied dependency expressed through field 'replyAutoRepo'; nested exception is org.springframework.beans.factory.BeanCreationException: Error creating bean with name 'replyAutoRepo': Invocation of init method failed; nested exception is java.lang.IllegalArgumentException: Failed to create query method public abstract java.util.List effect.effect.repo.ReplyAutoRepo.findByCommentIdOrderBycreTime(java.lang.String)! No property orderBycreTime found for type String! Traversed path: Reply.commentId.
2018-02-22 14:47:35.411 [main] INFO  o.s.o.j.LocalContainerEntityManagerFactoryBean.destroy(563) - Closing JPA EntityManagerFactory for persistence unit 'default'
2018-02-22 14:47:35.420 [localhost-startStop-1] WARN  o.a.c.loader.WebappClassLoaderBase.log(179) - The web application [ROOT] appears to have started a thread named [Abandoned connection cleanup thread] but has failed to stop it. This is very likely to create a memory leak. Stack trace of thread:
 java.lang.Object.wait(Native Method)
 java.lang.ref.ReferenceQueue.remove(ReferenceQueue.java:143)
 com.mysql.cj.jdbc.AbandonedConnectionCleanupThread.run(AbandonedConnectionCleanupThread.java:43)
2018-02-22 14:47:35.430 [main] INFO  o.s.b.a.l.AutoConfigurationReportLoggingInitializer.logAutoConfigurationReport(101) - 

Error starting ApplicationContext. To display the auto-configuration report re-run your application with 'debug' enabled.
2018-02-22 14:47:35.436 [main] ERROR o.s.boot.SpringApplication.reportFailure(771) - Application startup failed
org.springframework.beans.factory.UnsatisfiedDependencyException: Error creating bean with name 'replyMemberController': Unsatisfied dependency expressed through field 'replyAutoRepo'; nested exception is org.springframework.beans.factory.BeanCreationException: Error creating bean with name 'replyAutoRepo': Invocation of init method failed; nested exception is java.lang.IllegalArgumentException: Failed to create query method public abstract java.util.List effect.effect.repo.ReplyAutoRepo.findByCommentIdOrderBycreTime(java.lang.String)! No property orderBycreTime found for type String! Traversed path: Reply.commentId.
	at org.springframework.beans.factory.annotation.AutowiredAnnotationBeanPostProcessor$AutowiredFieldElement.inject(AutowiredAnnotationBeanPostProcessor.java:588)
	at org.springframework.beans.factory.annotation.InjectionMetadata.inject(InjectionMetadata.java:88)
	at org.springframework.beans.factory.annotation.AutowiredAnnotationBeanPostProcessor.postProcessPropertyValues(AutowiredAnnotationBeanPostProcessor.java:366)
	at org.springframework.beans.factory.support.AbstractAutowireCapableBeanFactory.populateBean(AbstractAutowireCapableBeanFactory.java:1264)
	at org.springframework.beans.factory.support.AbstractAutowireCapableBeanFactory.doCreateBean(AbstractAutowireCapableBeanFactory.java:553)
	at org.springframework.beans.factory.support.AbstractAutowireCapableBeanFactory.createBean(AbstractAutowireCapableBeanFactory.java:483)
	at org.springframework.beans.factory.support.AbstractBeanFactory$1.getObject(AbstractBeanFactory.java:306)
	at org.springframework.beans.factory.support.DefaultSingletonBeanRegistry.getSingleton(DefaultSingletonBeanRegistry.java:230)
	at org.springframework.beans.factory.support.AbstractBeanFactory.doGetBean(AbstractBeanFactory.java:302)
	at org.springframework.beans.factory.support.AbstractBeanFactory.getBean(AbstractBeanFactory.java:197)
	at org.springframework.beans.factory.support.DefaultListableBeanFactory.preInstantiateSingletons(DefaultListableBeanFactory.java:761)
	at org.springframework.context.support.AbstractApplicationContext.finishBeanFactoryInitialization(AbstractApplicationContext.java:867)
	at org.springframework.context.support.AbstractApplicationContext.refresh(AbstractApplicationContext.java:543)
	at org.springframework.boot.context.embedded.EmbeddedWebApplicationContext.refresh(EmbeddedWebApplicationContext.java:122)
	at org.springframework.boot.SpringApplication.refresh(SpringApplication.java:693)
	at org.springframework.boot.SpringApplication.refreshContext(SpringApplication.java:360)
	at org.springframework.boot.SpringApplication.run(SpringApplication.java:303)
	at org.springframework.boot.SpringApplication.run(SpringApplication.java:1118)
	at org.springframework.boot.SpringApplication.run(SpringApplication.java:1107)
	at effect.effect.EffectApplication.main(EffectApplication.java:22)
Caused by: org.springframework.beans.factory.BeanCreationException: Error creating bean with name 'replyAutoRepo': Invocation of init method failed; nested exception is java.lang.IllegalArgumentException: Failed to create query method public abstract java.util.List effect.effect.repo.ReplyAutoRepo.findByCommentIdOrderBycreTime(java.lang.String)! No property orderBycreTime found for type String! Traversed path: Reply.commentId.
	at org.springframework.beans.factory.support.AbstractAutowireCapableBeanFactory.initializeBean(AbstractAutowireCapableBeanFactory.java:1628)
	at org.springframework.beans.factory.support.AbstractAutowireCapableBeanFactory.doCreateBean(AbstractAutowireCapableBeanFactory.java:555)
	at org.springframework.beans.factory.support.AbstractAutowireCapableBeanFactory.createBean(AbstractAutowireCapableBeanFactory.java:483)
	at org.springframework.beans.factory.support.AbstractBeanFactory$1.getObject(AbstractBeanFactory.java:306)
	at org.springframework.beans.factory.support.DefaultSingletonBeanRegistry.getSingleton(DefaultSingletonBeanRegistry.java:230)
	at org.springframework.beans.factory.support.AbstractBeanFactory.doGetBean(AbstractBeanFactory.java:302)
	at org.springframework.beans.factory.support.AbstractBeanFactory.getBean(AbstractBeanFactory.java:202)
	at org.springframework.beans.factory.config.DependencyDescriptor.resolveCandidate(DependencyDescriptor.java:208)
	at org.springframework.beans.factory.support.DefaultListableBeanFactory.doResolveDependency(DefaultListableBeanFactory.java:1138)
	at org.springframework.beans.factory.support.DefaultListableBeanFactory.resolveDependency(DefaultListableBeanFactory.java:1066)
	at org.springframework.beans.factory.annotation.AutowiredAnnotationBeanPostProcessor$AutowiredFieldElement.inject(AutowiredAnnotationBeanPostProcessor.java:585)
	... 19 common frames omitted
Caused by: java.lang.IllegalArgumentException: Failed to create query method public abstract java.util.List effect.effect.repo.ReplyAutoRepo.findByCommentIdOrderBycreTime(java.lang.String)! No property orderBycreTime found for type String! Traversed path: Reply.commentId.
	at org.springframework.data.jpa.repository.query.PartTreeJpaQuery.<init>(PartTreeJpaQuery.java:76)
	at org.springframework.data.jpa.repository.query.JpaQueryLookupStrategy$CreateQueryLookupStrategy.resolveQuery(JpaQueryLookupStrategy.java:101)
	at org.springframework.data.jpa.repository.query.JpaQueryLookupStrategy$CreateIfNotFoundQueryLookupStrategy.resolveQuery(JpaQueryLookupStrategy.java:207)
	at org.springframework.data.jpa.repository.query.JpaQueryLookupStrategy$AbstractQueryLookupStrategy.resolveQuery(JpaQueryLookupStrategy.java:77)
	at org.springframework.data.repository.core.support.RepositoryFactorySupport$QueryExecutorMethodInterceptor.<init>(RepositoryFactorySupport.java:451)
	at org.springframework.data.repository.core.support.RepositoryFactorySupport.getRepository(RepositoryFactorySupport.java:224)
	at org.springframework.data.repository.core.support.RepositoryFactoryBeanSupport.initAndReturn(RepositoryFactoryBeanSupport.java:277)
	at org.springframework.data.repository.core.support.RepositoryFactoryBeanSupport.afterPropertiesSet(RepositoryFactoryBeanSupport.java:263)
	at org.springframework.data.jpa.repository.support.JpaRepositoryFactoryBean.afterPropertiesSet(JpaRepositoryFactoryBean.java:101)
	at org.springframework.beans.factory.support.AbstractAutowireCapableBeanFactory.invokeInitMethods(AbstractAutowireCapableBeanFactory.java:1687)
	at org.springframework.beans.factory.support.AbstractAutowireCapableBeanFactory.initializeBean(AbstractAutowireCapableBeanFactory.java:1624)
	... 29 common frames omitted
Caused by: org.springframework.data.mapping.PropertyReferenceException: No property orderBycreTime found for type String! Traversed path: Reply.commentId.
	at org.springframework.data.mapping.PropertyPath.<init>(PropertyPath.java:77)
	at org.springframework.data.mapping.PropertyPath.create(PropertyPath.java:329)
	at org.springframework.data.mapping.PropertyPath.create(PropertyPath.java:309)
	at org.springframework.data.mapping.PropertyPath.create(PropertyPath.java:339)
	at org.springframework.data.mapping.PropertyPath.create(PropertyPath.java:363)
	at org.springframework.data.mapping.PropertyPath.create(PropertyPath.java:363)
	at org.springframework.data.mapping.PropertyPath.create(PropertyPath.java:363)
	at org.springframework.data.mapping.PropertyPath.create(PropertyPath.java:309)
	at org.springframework.data.mapping.PropertyPath.from(PropertyPath.java:272)
	at org.springframework.data.mapping.PropertyPath.from(PropertyPath.java:243)
	at org.springframework.data.repository.query.parser.Part.<init>(Part.java:76)
	at org.springframework.data.repository.query.parser.PartTree$OrPart.<init>(PartTree.java:247)
	at org.springframework.data.repository.query.parser.PartTree$Predicate.buildTree(PartTree.java:398)
	at org.springframework.data.repository.query.parser.PartTree$Predicate.<init>(PartTree.java:378)
	at org.springframework.data.repository.query.parser.PartTree.<init>(PartTree.java:89)
	at org.springframework.data.jpa.repository.query.PartTreeJpaQuery.<init>(PartTreeJpaQuery.java:70)
	... 39 common frames omitted
2018-02-22 14:50:48.710 [main] INFO  effect.effect.EffectApplication.logStarting(48) - Starting EffectApplication on Feilongs-MacBook-Pro.local with PID 52990 (/Users/feilongchen/source/myWorkspace/effect-backend/target/classes started by feilongchen in /Users/feilongchen/source/myWorkspace/effect-backend)
2018-02-22 14:50:48.713 [main] DEBUG effect.effect.EffectApplication.logStarting(51) - Running with Spring Boot v1.5.9.RELEASE, Spring v4.3.13.RELEASE
2018-02-22 14:50:48.713 [main] INFO  effect.effect.EffectApplication.logStartupProfileInfo(597) - The following profiles are active: dev
2018-02-22 14:50:48.758 [main] INFO  o.s.b.c.e.AnnotationConfigEmbeddedWebApplicationContext.prepareRefresh(583) - Refreshing org.springframework.boot.context.embedded.AnnotationConfigEmbeddedWebApplicationContext@2e377400: startup date [Thu Feb 22 14:50:48 CST 2018]; root of context hierarchy
2018-02-22 14:50:50.362 [main] INFO  o.s.c.s.PostProcessorRegistrationDelegate$BeanPostProcessorChecker.postProcessAfterInitialization(327) - Bean 'org.springframework.transaction.annotation.ProxyTransactionManagementConfiguration' of type [org.springframework.transaction.annotation.ProxyTransactionManagementConfiguration$$EnhancerBySpringCGLIB$$9b43d220] is not eligible for getting processed by all BeanPostProcessors (for example: not eligible for auto-proxying)
2018-02-22 14:50:50.730 [main] INFO  o.s.b.c.e.t.TomcatEmbeddedServletContainer.initialize(89) - Tomcat initialized with port(s): 8080 (http)
2018-02-22 14:50:50.806 [localhost-startStop-1] INFO  o.s.web.context.ContextLoader.prepareEmbeddedWebApplicationContext(276) - Root WebApplicationContext: initialization completed in 2048 ms
2018-02-22 14:50:51.274 [localhost-startStop-1] INFO  o.s.o.j.LocalContainerEntityManagerFactoryBean.createNativeEntityManagerFactory(356) - Building JPA container EntityManagerFactory for persistence unit 'default'
2018-02-22 14:50:52.565 [localhost-startStop-1] INFO  o.s.o.j.LocalContainerEntityManagerFactoryBean.buildNativeEntityManagerFactory(392) - Initialized JPA EntityManagerFactory for persistence unit 'default'
2018-02-22 14:50:53.002 [localhost-startStop-1] INFO  o.s.b.w.s.FilterRegistrationBean.configure(271) - Mapping filter: 'tokenFilter' to urls: [/v1/member/*]
2018-02-22 14:50:53.002 [localhost-startStop-1] INFO  o.s.b.w.s.FilterRegistrationBean.configure(258) - Mapping filter: 'metricsFilter' to: [/*]
2018-02-22 14:50:53.003 [localhost-startStop-1] INFO  o.s.b.w.s.FilterRegistrationBean.configure(258) - Mapping filter: 'characterEncodingFilter' to: [/*]
2018-02-22 14:50:53.003 [localhost-startStop-1] INFO  o.s.b.w.s.FilterRegistrationBean.configure(258) - Mapping filter: 'hiddenHttpMethodFilter' to: [/*]
2018-02-22 14:50:53.003 [localhost-startStop-1] INFO  o.s.b.w.s.FilterRegistrationBean.configure(258) - Mapping filter: 'httpPutFormContentFilter' to: [/*]
2018-02-22 14:50:53.003 [localhost-startStop-1] INFO  o.s.b.w.s.FilterRegistrationBean.configure(258) - Mapping filter: 'requestContextFilter' to: [/*]
2018-02-22 14:50:53.003 [localhost-startStop-1] INFO  o.s.b.w.s.FilterRegistrationBean.configure(258) - Mapping filter: 'corsFilter' to: [/*]
2018-02-22 14:50:53.003 [localhost-startStop-1] INFO  o.s.b.w.s.FilterRegistrationBean.configure(258) - Mapping filter: 'webRequestLoggingFilter' to: [/*]
2018-02-22 14:50:53.003 [localhost-startStop-1] INFO  o.s.b.w.s.FilterRegistrationBean.configure(258) - Mapping filter: 'applicationContextIdFilter' to: [/*]
2018-02-22 14:50:53.003 [localhost-startStop-1] INFO  o.s.b.w.s.ServletRegistrationBean.onStartup(190) - Mapping servlet: 'dispatcherServlet' to [/]
2018-02-22 14:50:53.024 [localhost-startStop-1] DEBUG e.effect.common.filter.TokenFilter.init(208) - Initializing filter 'tokenFilter'
2018-02-22 14:50:53.024 [localhost-startStop-1] DEBUG e.effect.common.filter.TokenFilter.init(239) - Filter 'tokenFilter' configured successfully
2018-02-22 14:50:53.510 [main] INFO  o.s.w.s.m.m.a.RequestMappingHandlerMapping.register(543) - Mapped "{[/v1/member/{account}/categories],methods=[POST]}" onto public effect.effect.common.vo.ResponseVO effect.effect.web.controller.member.ArticleCategoryMemberController.addArticleCategory(java.lang.String,effect.effect.web.vo.ArticleCategoryAddVO,javax.servlet.http.HttpServletRequest)
2018-02-22 14:50:53.511 [main] INFO  o.s.w.s.m.m.a.RequestMappingHandlerMapping.register(543) - Mapped "{[/v1/member/{account}/categories/{id}],methods=[DELETE]}" onto public effect.effect.common.vo.ResponseVO effect.effect.web.controller.member.ArticleCategoryMemberController.deleteArticleCategory(java.lang.String,java.lang.String)
2018-02-22 14:50:53.512 [main] INFO  o.s.w.s.m.m.a.RequestMappingHandlerMapping.register(543) - Mapped "{[/v1/member/{account}/categories],methods=[PUT]}" onto public effect.effect.common.vo.ResponseVO effect.effect.web.controller.member.ArticleCategoryMemberController.updateArticleCategory(java.lang.String,effect.effect.web.vo.ArticleCategoryVO)
2018-02-22 14:50:53.513 [main] INFO  o.s.w.s.m.m.a.RequestMappingHandlerMapping.register(543) - Mapped "{[/v1/member/{account}/articles],methods=[POST]}" onto public effect.effect.common.vo.ResponseVO effect.effect.web.controller.member.ArticleMemberController.newArticle(java.lang.String,effect.effect.web.vo.ArticleAddVO,javax.servlet.http.HttpServletRequest)
2018-02-22 14:50:53.513 [main] INFO  o.s.w.s.m.m.a.RequestMappingHandlerMapping.register(543) - Mapped "{[/v1/member/{account}/articles/{id}],methods=[DELETE]}" onto public effect.effect.common.vo.ResponseVO effect.effect.web.controller.member.ArticleMemberController.deleteArticle(java.lang.String,java.lang.String)
2018-02-22 14:50:53.513 [main] INFO  o.s.w.s.m.m.a.RequestMappingHandlerMapping.register(543) - Mapped "{[/v1/member/{account}/articles],methods=[PUT]}" onto public effect.effect.common.vo.ResponseVO effect.effect.web.controller.member.ArticleMemberController.updateArticle(java.lang.String,effect.effect.web.vo.ArticleUpdateVO)
2018-02-22 14:50:53.514 [main] INFO  o.s.w.s.m.m.a.RequestMappingHandlerMapping.register(543) - Mapped "{[/v1/member/{account}/comments],methods=[POST]}" onto public effect.effect.common.vo.ResponseVO effect.effect.web.controller.member.CommentMemberController.commit(java.lang.String,effect.effect.web.vo.CommentAddVO,javax.servlet.http.HttpServletRequest)
2018-02-22 14:50:53.514 [main] INFO  o.s.w.s.m.m.a.RequestMappingHandlerMapping.register(543) - Mapped "{[/v1/member/{account}/replies],methods=[POST]}" onto public effect.effect.common.vo.ResponseVO effect.effect.web.controller.member.ReplyMemberController.addReply(java.lang.String,effect.effect.web.vo.ReplyAddVO,javax.servlet.http.HttpServletRequest)
2018-02-22 14:50:53.515 [main] INFO  o.s.w.s.m.m.a.RequestMappingHandlerMapping.register(543) - Mapped "{[/v1/member/users/resetPwd],methods=[POST]}" onto public effect.effect.common.vo.ResponseVO effect.effect.web.controller.member.UserMemberController.resetPassword(effect.effect.web.vo.ResetPasswordVO)
2018-02-22 14:50:53.516 [main] INFO  o.s.w.s.m.m.a.RequestMappingHandlerMapping.register(543) - Mapped "{[/v1/pub/{account}/categories],methods=[GET]}" onto public effect.effect.common.vo.ResponseVO effect.effect.web.controller.pub.ArticleCategoryPubController.getArticleCategoryByAccount(java.lang.String)
2018-02-22 14:50:53.517 [main] INFO  o.s.w.s.m.m.a.RequestMappingHandlerMapping.register(543) - Mapped "{[/v1/pub/{account}/articles/{id}],methods=[GET]}" onto public effect.effect.common.vo.ResponseVO effect.effect.web.controller.pub.ArticlepubController.detail(java.lang.String,java.lang.String)
2018-02-22 14:50:53.517 [main] INFO  o.s.w.s.m.m.a.RequestMappingHandlerMapping.register(543) - Mapped "{[/v1/pub/{account}/articles],methods=[GET]}" onto public effect.effect.common.vo.ResponseVO effect.effect.web.controller.pub.ArticlepubController.listArticle(java.lang.String,java.lang.Long,java.lang.Integer,java.lang.String)
2018-02-22 14:50:53.518 [main] INFO  o.s.w.s.m.m.a.RequestMappingHandlerMapping.register(543) - Mapped "{[/v1/pub/{account}/comments/{id}],methods=[GET]}" onto public effect.effect.common.vo.ResponseVO effect.effect.web.controller.pub.CommentPubController.showComments(java.lang.String,java.lang.String,java.lang.Long,java.lang.Integer) throws java.lang.InstantiationException,java.lang.IllegalAccessException,java.lang.NoSuchMethodException,java.lang.reflect.InvocationTargetException
2018-02-22 14:50:53.519 [main] INFO  o.s.w.s.m.m.a.RequestMappingHandlerMapping.register(543) - Mapped "{[/v1/pub/search.do],methods=[GET]}" onto public effect.effect.common.vo.ResponseVO effect.effect.web.controller.pub.CommonController.queryArticle(java.lang.String,java.lang.Long,java.lang.Integer)
2018-02-22 14:50:53.519 [main] INFO  o.s.w.s.m.m.a.RequestMappingHandlerMapping.register(543) - Mapped "{[/v1/pub/{account}/replies/{id}],methods=[GET]}" onto public effect.effect.common.vo.ResponseVO effect.effect.web.controller.pub.ReplyPubController.showReply(java.lang.String,java.lang.String)
2018-02-22 14:50:53.520 [main] INFO  o.s.w.s.m.m.a.RequestMappingHandlerMapping.register(543) - Mapped "{[/v1/pub/users/register],methods=[POST]}" onto public effect.effect.common.vo.ResponseVO effect.effect.web.controller.pub.UserPubController.register(effect.effect.web.vo.RegisterVO)
2018-02-22 14:50:53.521 [main] INFO  o.s.w.s.m.m.a.RequestMappingHandlerMapping.register(543) - Mapped "{[/v1/pub/users/login],methods=[POST]}" onto public effect.effect.common.vo.ResponseVO effect.effect.web.controller.pub.UserPubController.signup(effect.effect.web.vo.LoginVO)
2018-02-22 14:50:53.523 [main] INFO  o.s.w.s.m.m.a.RequestMappingHandlerMapping.register(543) - Mapped "{[/swagger-resources/configuration/ui]}" onto public org.springframework.http.ResponseEntity<springfox.documentation.swagger.web.UiConfiguration> springfox.documentation.swagger.web.ApiResourceController.uiConfiguration()
2018-02-22 14:50:53.523 [main] INFO  o.s.w.s.m.m.a.RequestMappingHandlerMapping.register(543) - Mapped "{[/swagger-resources/configuration/security]}" onto public org.springframework.http.ResponseEntity<springfox.documentation.swagger.web.SecurityConfiguration> springfox.documentation.swagger.web.ApiResourceController.securityConfiguration()
2018-02-22 14:50:53.524 [main] INFO  o.s.w.s.m.m.a.RequestMappingHandlerMapping.register(543) - Mapped "{[/swagger-resources]}" onto public org.springframework.http.ResponseEntity<java.util.List<springfox.documentation.swagger.web.SwaggerResource>> springfox.documentation.swagger.web.ApiResourceController.swaggerResources()
2018-02-22 14:50:53.526 [main] INFO  o.s.w.s.m.m.a.RequestMappingHandlerMapping.register(543) - Mapped "{[/error]}" onto public org.springframework.http.ResponseEntity<java.util.Map<java.lang.String, java.lang.Object>> org.springframework.boot.autoconfigure.web.BasicErrorController.error(javax.servlet.http.HttpServletRequest)
2018-02-22 14:50:53.526 [main] INFO  o.s.w.s.m.m.a.RequestMappingHandlerMapping.register(543) - Mapped "{[/error],produces=[text/html]}" onto public org.springframework.web.servlet.ModelAndView org.springframework.boot.autoconfigure.web.BasicErrorController.errorHtml(javax.servlet.http.HttpServletRequest,javax.servlet.http.HttpServletResponse)
2018-02-22 14:50:53.745 [main] INFO  o.s.b.a.e.mvc.EndpointHandlerMapping.register(543) - Mapped "{[/env/{name:.*}],methods=[GET],produces=[application/vnd.spring-boot.actuator.v1+json || application/json]}" onto public java.lang.Object org.springframework.boot.actuate.endpoint.mvc.EnvironmentMvcEndpoint.value(java.lang.String)
2018-02-22 14:50:53.745 [main] INFO  o.s.b.a.e.mvc.EndpointHandlerMapping.register(543) - Mapped "{[/env || /env.json],methods=[GET],produces=[application/vnd.spring-boot.actuator.v1+json || application/json]}" onto public java.lang.Object org.springframework.boot.actuate.endpoint.mvc.EndpointMvcAdapter.invoke()
2018-02-22 14:50:53.745 [main] INFO  o.s.b.a.e.mvc.EndpointHandlerMapping.register(543) - Mapped "{[/autoconfig || /autoconfig.json],methods=[GET],produces=[application/vnd.spring-boot.actuator.v1+json || application/json]}" onto public java.lang.Object org.springframework.boot.actuate.endpoint.mvc.EndpointMvcAdapter.invoke()
2018-02-22 14:50:53.746 [main] INFO  o.s.b.a.e.mvc.EndpointHandlerMapping.register(543) - Mapped "{[/beans || /beans.json],methods=[GET],produces=[application/vnd.spring-boot.actuator.v1+json || application/json]}" onto public java.lang.Object org.springframework.boot.actuate.endpoint.mvc.EndpointMvcAdapter.invoke()
2018-02-22 14:50:53.747 [main] INFO  o.s.b.a.e.mvc.EndpointHandlerMapping.register(543) - Mapped "{[/configprops || /configprops.json],methods=[GET],produces=[application/vnd.spring-boot.actuator.v1+json || application/json]}" onto public java.lang.Object org.springframework.boot.actuate.endpoint.mvc.EndpointMvcAdapter.invoke()
2018-02-22 14:50:53.748 [main] INFO  o.s.b.a.e.mvc.EndpointHandlerMapping.register(543) - Mapped "{[/loggers/{name:.*}],methods=[GET],produces=[application/vnd.spring-boot.actuator.v1+json || application/json]}" onto public java.lang.Object org.springframework.boot.actuate.endpoint.mvc.LoggersMvcEndpoint.get(java.lang.String)
2018-02-22 14:50:53.748 [main] INFO  o.s.b.a.e.mvc.EndpointHandlerMapping.register(543) - Mapped "{[/loggers/{name:.*}],methods=[POST],consumes=[application/vnd.spring-boot.actuator.v1+json || application/json],produces=[application/vnd.spring-boot.actuator.v1+json || application/json]}" onto public java.lang.Object org.springframework.boot.actuate.endpoint.mvc.LoggersMvcEndpoint.set(java.lang.String,java.util.Map<java.lang.String, java.lang.String>)
2018-02-22 14:50:53.749 [main] INFO  o.s.b.a.e.mvc.EndpointHandlerMapping.register(543) - Mapped "{[/loggers || /loggers.json],methods=[GET],produces=[application/vnd.spring-boot.actuator.v1+json || application/json]}" onto public java.lang.Object org.springframework.boot.actuate.endpoint.mvc.EndpointMvcAdapter.invoke()
2018-02-22 14:50:53.749 [main] INFO  o.s.b.a.e.mvc.EndpointHandlerMapping.register(543) - Mapped "{[/prometheus || /prometheus.json],methods=[GET],produces=[*/*]}" onto public org.springframework.http.ResponseEntity io.prometheus.client.spring.boot.PrometheusMvcEndpoint.value(java.util.Set<java.lang.String>)
2018-02-22 14:50:53.749 [main] INFO  o.s.b.a.e.mvc.EndpointHandlerMapping.register(543) - Mapped "{[/prometheus || /prometheus.json],methods=[GET],produces=[application/vnd.spring-boot.actuator.v1+json || application/json]}" onto public java.lang.Object org.springframework.boot.actuate.endpoint.mvc.EndpointMvcAdapter.invoke()
2018-02-22 14:50:53.750 [main] INFO  o.s.b.a.e.mvc.EndpointHandlerMapping.register(543) - Mapped "{[/auditevents || /auditevents.json],methods=[GET],produces=[application/vnd.spring-boot.actuator.v1+json || application/json]}" onto public org.springframework.http.ResponseEntity<?> org.springframework.boot.actuate.endpoint.mvc.AuditEventsMvcEndpoint.findByPrincipalAndAfterAndType(java.lang.String,java.util.Date,java.lang.String)
2018-02-22 14:50:53.751 [main] INFO  o.s.b.a.e.mvc.EndpointHandlerMapping.register(543) - Mapped "{[/heapdump || /heapdump.json],methods=[GET],produces=[application/octet-stream]}" onto public void org.springframework.boot.actuate.endpoint.mvc.HeapdumpMvcEndpoint.invoke(boolean,javax.servlet.http.HttpServletRequest,javax.servlet.http.HttpServletResponse) throws java.io.IOException,javax.servlet.ServletException
2018-02-22 14:50:53.753 [main] INFO  o.s.b.a.e.mvc.EndpointHandlerMapping.register(543) - Mapped "{[/health || /health.json],methods=[GET],produces=[application/vnd.spring-boot.actuator.v1+json || application/json]}" onto public java.lang.Object org.springframework.boot.actuate.endpoint.mvc.HealthMvcEndpoint.invoke(javax.servlet.http.HttpServletRequest,java.security.Principal)
2018-02-22 14:50:53.753 [main] INFO  o.s.b.a.e.mvc.EndpointHandlerMapping.register(543) - Mapped "{[/info || /info.json],methods=[GET],produces=[application/vnd.spring-boot.actuator.v1+json || application/json]}" onto public java.lang.Object org.springframework.boot.actuate.endpoint.mvc.EndpointMvcAdapter.invoke()
2018-02-22 14:50:53.754 [main] INFO  o.s.b.a.e.mvc.EndpointHandlerMapping.register(543) - Mapped "{[/trace || /trace.json],methods=[GET],produces=[application/vnd.spring-boot.actuator.v1+json || application/json]}" onto public java.lang.Object org.springframework.boot.actuate.endpoint.mvc.EndpointMvcAdapter.invoke()
2018-02-22 14:50:53.754 [main] INFO  o.s.b.a.e.mvc.EndpointHandlerMapping.register(543) - Mapped "{[/metrics/{name:.*}],methods=[GET],produces=[application/vnd.spring-boot.actuator.v1+json || application/json]}" onto public java.lang.Object org.springframework.boot.actuate.endpoint.mvc.MetricsMvcEndpoint.value(java.lang.String)
2018-02-22 14:50:53.755 [main] INFO  o.s.b.a.e.mvc.EndpointHandlerMapping.register(543) - Mapped "{[/metrics || /metrics.json],methods=[GET],produces=[application/vnd.spring-boot.actuator.v1+json || application/json]}" onto public java.lang.Object org.springframework.boot.actuate.endpoint.mvc.EndpointMvcAdapter.invoke()
2018-02-22 14:50:53.755 [main] INFO  o.s.b.a.e.mvc.EndpointHandlerMapping.register(543) - Mapped "{[/mappings || /mappings.json],methods=[GET],produces=[application/vnd.spring-boot.actuator.v1+json || application/json]}" onto public java.lang.Object org.springframework.boot.actuate.endpoint.mvc.EndpointMvcAdapter.invoke()
2018-02-22 14:50:53.756 [main] INFO  o.s.b.a.e.mvc.EndpointHandlerMapping.register(543) - Mapped "{[/dump || /dump.json],methods=[GET],produces=[application/vnd.spring-boot.actuator.v1+json || application/json]}" onto public java.lang.Object org.springframework.boot.actuate.endpoint.mvc.EndpointMvcAdapter.invoke()
2018-02-22 14:50:54.038 [main] INFO  o.s.w.s.m.m.a.RequestMappingHandlerAdapter.initControllerAdviceCache(534) - Looking for @ControllerAdvice: org.springframework.boot.context.embedded.AnnotationConfigEmbeddedWebApplicationContext@2e377400: startup date [Thu Feb 22 14:50:48 CST 2018]; root of context hierarchy
2018-02-22 14:50:54.083 [main] INFO  o.s.w.s.h.SimpleUrlHandlerMapping.registerHandler(362) - Mapped URL path [/webjars/**] onto handler of type [class org.springframework.web.servlet.resource.ResourceHttpRequestHandler]
2018-02-22 14:50:54.084 [main] INFO  o.s.w.s.h.SimpleUrlHandlerMapping.registerHandler(362) - Mapped URL path [/**] onto handler of type [class org.springframework.web.servlet.resource.ResourceHttpRequestHandler]
2018-02-22 14:50:54.115 [main] INFO  o.s.w.s.h.SimpleUrlHandlerMapping.registerHandler(362) - Mapped URL path [/**/favicon.ico] onto handler of type [class org.springframework.web.servlet.resource.ResourceHttpRequestHandler]
2018-02-22 14:50:54.383 [main] INFO  o.s.j.e.a.AnnotationMBeanExporter.afterSingletonsInstantiated(431) - Registering beans for JMX exposure on startup
2018-02-22 14:50:54.388 [main] INFO  o.s.j.e.a.AnnotationMBeanExporter.autodetect(916) - Bean with name 'dataSource' has been autodetected for JMX exposure
2018-02-22 14:50:54.395 [main] INFO  o.s.j.e.a.AnnotationMBeanExporter.registerBeanInstance(671) - Located MBean 'dataSource': registering with JMX server as MBean [com.alibaba.druid.pool:name=dataSource,type=DruidDataSource]
2018-02-22 14:50:54.395 [main] INFO  o.s.b.a.e.jmx.EndpointMBeanExporter.afterSingletonsInstantiated(431) - Registering beans for JMX exposure on startup
2018-02-22 14:50:54.400 [main] INFO  o.s.c.s.DefaultLifecycleProcessor.start(343) - Starting beans in phase 0
2018-02-22 14:50:54.402 [main] INFO  o.s.b.a.e.jmx.EndpointMBeanExporter.registerBeanInstance(678) - Located managed bean 'auditEventsEndpoint': registering with JMX server as MBean [org.springframework.boot:type=Endpoint,name=auditEventsEndpoint]
2018-02-22 14:50:54.419 [main] INFO  o.s.b.a.e.jmx.EndpointMBeanExporter.registerBeanInstance(678) - Located managed bean 'prometheusEndpoint': registering with JMX server as MBean [org.springframework.boot:type=Endpoint,name=prometheusEndpoint]
2018-02-22 14:50:54.426 [main] INFO  o.s.b.a.e.jmx.EndpointMBeanExporter.registerBeanInstance(678) - Located managed bean 'requestMappingEndpoint': registering with JMX server as MBean [org.springframework.boot:type=Endpoint,name=requestMappingEndpoint]
2018-02-22 14:50:54.430 [main] INFO  o.s.b.a.e.jmx.EndpointMBeanExporter.registerBeanInstance(678) - Located managed bean 'environmentEndpoint': registering with JMX server as MBean [org.springframework.boot:type=Endpoint,name=environmentEndpoint]
2018-02-22 14:50:54.433 [main] INFO  o.s.b.a.e.jmx.EndpointMBeanExporter.registerBeanInstance(678) - Located managed bean 'healthEndpoint': registering with JMX server as MBean [org.springframework.boot:type=Endpoint,name=healthEndpoint]
2018-02-22 14:50:54.436 [main] INFO  o.s.b.a.e.jmx.EndpointMBeanExporter.registerBeanInstance(678) - Located managed bean 'beansEndpoint': registering with JMX server as MBean [org.springframework.boot:type=Endpoint,name=beansEndpoint]
2018-02-22 14:50:54.439 [main] INFO  o.s.b.a.e.jmx.EndpointMBeanExporter.registerBeanInstance(678) - Located managed bean 'infoEndpoint': registering with JMX server as MBean [org.springframework.boot:type=Endpoint,name=infoEndpoint]
2018-02-22 14:50:54.442 [main] INFO  o.s.b.a.e.jmx.EndpointMBeanExporter.registerBeanInstance(678) - Located managed bean 'loggersEndpoint': registering with JMX server as MBean [org.springframework.boot:type=Endpoint,name=loggersEndpoint]
2018-02-22 14:50:54.447 [main] INFO  o.s.b.a.e.jmx.EndpointMBeanExporter.registerBeanInstance(678) - Located managed bean 'metricsEndpoint': registering with JMX server as MBean [org.springframework.boot:type=Endpoint,name=metricsEndpoint]
2018-02-22 14:50:54.449 [main] INFO  o.s.b.a.e.jmx.EndpointMBeanExporter.registerBeanInstance(678) - Located managed bean 'traceEndpoint': registering with JMX server as MBean [org.springframework.boot:type=Endpoint,name=traceEndpoint]
2018-02-22 14:50:54.451 [main] INFO  o.s.b.a.e.jmx.EndpointMBeanExporter.registerBeanInstance(678) - Located managed bean 'dumpEndpoint': registering with JMX server as MBean [org.springframework.boot:type=Endpoint,name=dumpEndpoint]
2018-02-22 14:50:54.453 [main] INFO  o.s.b.a.e.jmx.EndpointMBeanExporter.registerBeanInstance(678) - Located managed bean 'autoConfigurationReportEndpoint': registering with JMX server as MBean [org.springframework.boot:type=Endpoint,name=autoConfigurationReportEndpoint]
2018-02-22 14:50:54.454 [main] INFO  o.s.b.a.e.jmx.EndpointMBeanExporter.registerBeanInstance(678) - Located managed bean 'configurationPropertiesReportEndpoint': registering with JMX server as MBean [org.springframework.boot:type=Endpoint,name=configurationPropertiesReportEndpoint]
2018-02-22 14:50:54.455 [main] INFO  o.s.c.s.DefaultLifecycleProcessor.start(343) - Starting beans in phase 2147483647
2018-02-22 14:50:54.787 [main] INFO  o.s.b.c.e.t.TomcatEmbeddedServletContainer.start(201) - Tomcat started on port(s): 8080 (http)
2018-02-22 14:50:54.793 [main] INFO  effect.effect.EffectApplication.logStarted(57) - Started EffectApplication in 6.5 seconds (JVM running for 7.476)
2018-02-22 14:51:06.290 [http-nio-8080-exec-1] INFO  o.s.web.servlet.DispatcherServlet.initServletBean(489) - FrameworkServlet 'dispatcherServlet': initialization started
2018-02-22 14:51:06.325 [http-nio-8080-exec-1] INFO  o.s.web.servlet.DispatcherServlet.initServletBean(508) - FrameworkServlet 'dispatcherServlet': initialization completed in 34 ms
2018-02-22 14:53:12.798 [http-nio-8080-exec-10] INFO  o.s.b.a.e.m.MvcEndpointSecurityInterceptor.logUnauthorizedAttempt(122) - Full authentication is required to access actuator endpoints. Consider adding Spring Security or set 'management.security.enabled' to false.
2018-02-22 14:54:43.727 [http-nio-8080-exec-5] INFO  e.e.common.controller.BaseController.queryArticle(53) - Common query without condition
2018-02-22 14:56:04.430 [Thread-16] INFO  o.s.b.c.e.AnnotationConfigEmbeddedWebApplicationContext.doClose(984) - Closing org.springframework.boot.context.embedded.AnnotationConfigEmbeddedWebApplicationContext@2e377400: startup date [Thu Feb 22 14:50:48 CST 2018]; root of context hierarchy
2018-02-22 14:56:04.437 [Thread-16] INFO  o.s.c.s.DefaultLifecycleProcessor.stop(358) - Stopping beans in phase 2147483647
2018-02-22 14:56:04.439 [Thread-16] INFO  o.s.c.s.DefaultLifecycleProcessor.stop(358) - Stopping beans in phase 0
2018-02-22 14:56:04.441 [Thread-16] INFO  o.s.b.a.e.jmx.EndpointMBeanExporter.destroy(449) - Unregistering JMX-exposed beans on shutdown
2018-02-22 14:56:04.441 [Thread-16] INFO  o.s.b.a.e.jmx.EndpointMBeanExporter.unregisterBeans(241) - Unregistering JMX-exposed beans
2018-02-22 14:56:04.442 [Thread-16] INFO  o.s.j.e.a.AnnotationMBeanExporter.destroy(449) - Unregistering JMX-exposed beans on shutdown
2018-02-22 14:56:04.442 [Thread-16] INFO  o.s.j.e.a.AnnotationMBeanExporter.unregisterBeans(241) - Unregistering JMX-exposed beans
2018-02-22 14:56:04.446 [Thread-16] INFO  o.s.o.j.LocalContainerEntityManagerFactoryBean.destroy(563) - Closing JPA EntityManagerFactory for persistence unit 'default'
2018-02-22 14:57:31.221 [main] INFO  effect.effect.EffectApplication.logStarting(48) - Starting EffectApplication on Feilongs-MacBook-Pro.local with PID 54232 (/Users/feilongchen/source/myWorkspace/effect-backend/target/classes started by feilongchen in /Users/feilongchen/source/myWorkspace/effect-backend)
2018-02-22 14:57:31.225 [main] DEBUG effect.effect.EffectApplication.logStarting(51) - Running with Spring Boot v1.5.9.RELEASE, Spring v4.3.13.RELEASE
2018-02-22 14:57:31.227 [main] INFO  effect.effect.EffectApplication.logStartupProfileInfo(597) - The following profiles are active: dev
2018-02-22 14:57:31.279 [main] INFO  o.s.b.c.e.AnnotationConfigEmbeddedWebApplicationContext.prepareRefresh(583) - Refreshing org.springframework.boot.context.embedded.AnnotationConfigEmbeddedWebApplicationContext@2e377400: startup date [Thu Feb 22 14:57:31 CST 2018]; root of context hierarchy
2018-02-22 14:57:32.660 [main] INFO  o.s.c.s.PostProcessorRegistrationDelegate$BeanPostProcessorChecker.postProcessAfterInitialization(327) - Bean 'org.springframework.transaction.annotation.ProxyTransactionManagementConfiguration' of type [org.springframework.transaction.annotation.ProxyTransactionManagementConfiguration$$EnhancerBySpringCGLIB$$9b43d220] is not eligible for getting processed by all BeanPostProcessors (for example: not eligible for auto-proxying)
2018-02-22 14:57:33.040 [main] INFO  o.s.b.c.e.t.TomcatEmbeddedServletContainer.initialize(89) - Tomcat initialized with port(s): 8080 (http)
2018-02-22 14:57:33.103 [localhost-startStop-1] INFO  o.s.web.context.ContextLoader.prepareEmbeddedWebApplicationContext(276) - Root WebApplicationContext: initialization completed in 1824 ms
2018-02-22 14:57:33.579 [localhost-startStop-1] INFO  o.s.o.j.LocalContainerEntityManagerFactoryBean.createNativeEntityManagerFactory(356) - Building JPA container EntityManagerFactory for persistence unit 'default'
2018-02-22 14:57:35.159 [localhost-startStop-1] INFO  o.s.o.j.LocalContainerEntityManagerFactoryBean.buildNativeEntityManagerFactory(392) - Initialized JPA EntityManagerFactory for persistence unit 'default'
2018-02-22 14:57:35.732 [localhost-startStop-1] INFO  o.s.b.w.s.FilterRegistrationBean.configure(271) - Mapping filter: 'tokenFilter' to urls: [/v1/member/*]
2018-02-22 14:57:35.733 [localhost-startStop-1] INFO  o.s.b.w.s.FilterRegistrationBean.configure(258) - Mapping filter: 'metricsFilter' to: [/*]
2018-02-22 14:57:35.733 [localhost-startStop-1] INFO  o.s.b.w.s.FilterRegistrationBean.configure(258) - Mapping filter: 'characterEncodingFilter' to: [/*]
2018-02-22 14:57:35.733 [localhost-startStop-1] INFO  o.s.b.w.s.FilterRegistrationBean.configure(258) - Mapping filter: 'hiddenHttpMethodFilter' to: [/*]
2018-02-22 14:57:35.733 [localhost-startStop-1] INFO  o.s.b.w.s.FilterRegistrationBean.configure(258) - Mapping filter: 'httpPutFormContentFilter' to: [/*]
2018-02-22 14:57:35.733 [localhost-startStop-1] INFO  o.s.b.w.s.FilterRegistrationBean.configure(258) - Mapping filter: 'requestContextFilter' to: [/*]
2018-02-22 14:57:35.734 [localhost-startStop-1] INFO  o.s.b.w.s.FilterRegistrationBean.configure(258) - Mapping filter: 'corsFilter' to: [/*]
2018-02-22 14:57:35.734 [localhost-startStop-1] INFO  o.s.b.w.s.FilterRegistrationBean.configure(258) - Mapping filter: 'webRequestLoggingFilter' to: [/*]
2018-02-22 14:57:35.734 [localhost-startStop-1] INFO  o.s.b.w.s.FilterRegistrationBean.configure(258) - Mapping filter: 'applicationContextIdFilter' to: [/*]
2018-02-22 14:57:35.734 [localhost-startStop-1] INFO  o.s.b.w.s.ServletRegistrationBean.onStartup(190) - Mapping servlet: 'dispatcherServlet' to [/]
2018-02-22 14:57:35.751 [localhost-startStop-1] DEBUG e.effect.common.filter.TokenFilter.init(208) - Initializing filter 'tokenFilter'
2018-02-22 14:57:35.752 [localhost-startStop-1] DEBUG e.effect.common.filter.TokenFilter.init(239) - Filter 'tokenFilter' configured successfully
2018-02-22 14:57:36.459 [main] INFO  o.s.w.s.m.m.a.RequestMappingHandlerMapping.register(543) - Mapped "{[/v1/member/{account}/categories],methods=[POST]}" onto public effect.effect.common.vo.ResponseVO effect.effect.web.controller.member.ArticleCategoryMemberController.addArticleCategory(java.lang.String,effect.effect.web.vo.ArticleCategoryAddVO,javax.servlet.http.HttpServletRequest)
2018-02-22 14:57:36.463 [main] INFO  o.s.w.s.m.m.a.RequestMappingHandlerMapping.register(543) - Mapped "{[/v1/member/{account}/categories/{id}],methods=[DELETE]}" onto public effect.effect.common.vo.ResponseVO effect.effect.web.controller.member.ArticleCategoryMemberController.deleteArticleCategory(java.lang.String,java.lang.String)
2018-02-22 14:57:36.463 [main] INFO  o.s.w.s.m.m.a.RequestMappingHandlerMapping.register(543) - Mapped "{[/v1/member/{account}/categories],methods=[PUT]}" onto public effect.effect.common.vo.ResponseVO effect.effect.web.controller.member.ArticleCategoryMemberController.updateArticleCategory(java.lang.String,effect.effect.web.vo.ArticleCategoryVO)
2018-02-22 14:57:36.465 [main] INFO  o.s.w.s.m.m.a.RequestMappingHandlerMapping.register(543) - Mapped "{[/v1/member/{account}/articles],methods=[POST]}" onto public effect.effect.common.vo.ResponseVO effect.effect.web.controller.member.ArticleMemberController.newArticle(java.lang.String,effect.effect.web.vo.ArticleAddVO,javax.servlet.http.HttpServletRequest)
2018-02-22 14:57:36.465 [main] INFO  o.s.w.s.m.m.a.RequestMappingHandlerMapping.register(543) - Mapped "{[/v1/member/{account}/articles/{id}],methods=[DELETE]}" onto public effect.effect.common.vo.ResponseVO effect.effect.web.controller.member.ArticleMemberController.deleteArticle(java.lang.String,java.lang.String)
2018-02-22 14:57:36.465 [main] INFO  o.s.w.s.m.m.a.RequestMappingHandlerMapping.register(543) - Mapped "{[/v1/member/{account}/articles],methods=[PUT]}" onto public effect.effect.common.vo.ResponseVO effect.effect.web.controller.member.ArticleMemberController.updateArticle(java.lang.String,effect.effect.web.vo.ArticleUpdateVO)
2018-02-22 14:57:36.466 [main] INFO  o.s.w.s.m.m.a.RequestMappingHandlerMapping.register(543) - Mapped "{[/v1/member/{account}/comments],methods=[POST]}" onto public effect.effect.common.vo.ResponseVO effect.effect.web.controller.member.CommentMemberController.commit(java.lang.String,effect.effect.web.vo.CommentAddVO,javax.servlet.http.HttpServletRequest)
2018-02-22 14:57:36.467 [main] INFO  o.s.w.s.m.m.a.RequestMappingHandlerMapping.register(543) - Mapped "{[/v1/member/{account}/replies],methods=[POST]}" onto public effect.effect.common.vo.ResponseVO effect.effect.web.controller.member.ReplyMemberController.addReply(java.lang.String,effect.effect.web.vo.ReplyAddVO,javax.servlet.http.HttpServletRequest)
2018-02-22 14:57:36.468 [main] INFO  o.s.w.s.m.m.a.RequestMappingHandlerMapping.register(543) - Mapped "{[/v1/member/users/resetPwd],methods=[POST]}" onto public effect.effect.common.vo.ResponseVO effect.effect.web.controller.member.UserMemberController.resetPassword(effect.effect.web.vo.ResetPasswordVO)
2018-02-22 14:57:36.469 [main] INFO  o.s.w.s.m.m.a.RequestMappingHandlerMapping.register(543) - Mapped "{[/v1/pub/{account}/categories],methods=[GET]}" onto public effect.effect.common.vo.ResponseVO effect.effect.web.controller.pub.ArticleCategoryPubController.getArticleCategoryByAccount(java.lang.String)
2018-02-22 14:57:36.470 [main] INFO  o.s.w.s.m.m.a.RequestMappingHandlerMapping.register(543) - Mapped "{[/v1/pub/{account}/articles/{id}],methods=[GET]}" onto public effect.effect.common.vo.ResponseVO effect.effect.web.controller.pub.ArticlepubController.detail(java.lang.String,java.lang.String)
2018-02-22 14:57:36.471 [main] INFO  o.s.w.s.m.m.a.RequestMappingHandlerMapping.register(543) - Mapped "{[/v1/pub/{account}/articles],methods=[GET]}" onto public effect.effect.common.vo.ResponseVO effect.effect.web.controller.pub.ArticlepubController.listArticle(java.lang.String,java.lang.Long,java.lang.Integer,java.lang.String)
2018-02-22 14:57:36.472 [main] INFO  o.s.w.s.m.m.a.RequestMappingHandlerMapping.register(543) - Mapped "{[/v1/pub/{account}/comments/{id}],methods=[GET]}" onto public effect.effect.common.vo.ResponseVO effect.effect.web.controller.pub.CommentPubController.showComments(java.lang.String,java.lang.String,java.lang.Long,java.lang.Integer) throws java.lang.InstantiationException,java.lang.IllegalAccessException,java.lang.NoSuchMethodException,java.lang.reflect.InvocationTargetException
2018-02-22 14:57:36.473 [main] INFO  o.s.w.s.m.m.a.RequestMappingHandlerMapping.register(543) - Mapped "{[/v1/pub/search.do],methods=[GET]}" onto public effect.effect.common.vo.ResponseVO effect.effect.web.controller.pub.CommonController.queryArticle(java.lang.String,java.lang.Long,java.lang.Integer)
2018-02-22 14:57:36.474 [main] INFO  o.s.w.s.m.m.a.RequestMappingHandlerMapping.register(543) - Mapped "{[/v1/pub/{account}/replies/{id}],methods=[GET]}" onto public effect.effect.common.vo.ResponseVO effect.effect.web.controller.pub.ReplyPubController.showReply(java.lang.String,java.lang.String)
2018-02-22 14:57:36.475 [main] INFO  o.s.w.s.m.m.a.RequestMappingHandlerMapping.register(543) - Mapped "{[/v1/pub/users/register],methods=[POST]}" onto public effect.effect.common.vo.ResponseVO effect.effect.web.controller.pub.UserPubController.register(effect.effect.web.vo.RegisterVO)
2018-02-22 14:57:36.475 [main] INFO  o.s.w.s.m.m.a.RequestMappingHandlerMapping.register(543) - Mapped "{[/v1/pub/users/login],methods=[POST]}" onto public effect.effect.common.vo.ResponseVO effect.effect.web.controller.pub.UserPubController.signup(effect.effect.web.vo.LoginVO)
2018-02-22 14:57:36.479 [main] INFO  o.s.w.s.m.m.a.RequestMappingHandlerMapping.register(543) - Mapped "{[/swagger-resources/configuration/ui]}" onto public org.springframework.http.ResponseEntity<springfox.documentation.swagger.web.UiConfiguration> springfox.documentation.swagger.web.ApiResourceController.uiConfiguration()
2018-02-22 14:57:36.480 [main] INFO  o.s.w.s.m.m.a.RequestMappingHandlerMapping.register(543) - Mapped "{[/swagger-resources/configuration/security]}" onto public org.springframework.http.ResponseEntity<springfox.documentation.swagger.web.SecurityConfiguration> springfox.documentation.swagger.web.ApiResourceController.securityConfiguration()
2018-02-22 14:57:36.480 [main] INFO  o.s.w.s.m.m.a.RequestMappingHandlerMapping.register(543) - Mapped "{[/swagger-resources]}" onto public org.springframework.http.ResponseEntity<java.util.List<springfox.documentation.swagger.web.SwaggerResource>> springfox.documentation.swagger.web.ApiResourceController.swaggerResources()
2018-02-22 14:57:36.484 [main] INFO  o.s.w.s.m.m.a.RequestMappingHandlerMapping.register(543) - Mapped "{[/error]}" onto public org.springframework.http.ResponseEntity<java.util.Map<java.lang.String, java.lang.Object>> org.springframework.boot.autoconfigure.web.BasicErrorController.error(javax.servlet.http.HttpServletRequest)
2018-02-22 14:57:36.485 [main] INFO  o.s.w.s.m.m.a.RequestMappingHandlerMapping.register(543) - Mapped "{[/error],produces=[text/html]}" onto public org.springframework.web.servlet.ModelAndView org.springframework.boot.autoconfigure.web.BasicErrorController.errorHtml(javax.servlet.http.HttpServletRequest,javax.servlet.http.HttpServletResponse)
2018-02-22 14:57:36.828 [main] INFO  o.s.b.a.e.mvc.EndpointHandlerMapping.register(543) - Mapped "{[/env/{name:.*}],methods=[GET],produces=[application/vnd.spring-boot.actuator.v1+json || application/json]}" onto public java.lang.Object org.springframework.boot.actuate.endpoint.mvc.EnvironmentMvcEndpoint.value(java.lang.String)
2018-02-22 14:57:36.828 [main] INFO  o.s.b.a.e.mvc.EndpointHandlerMapping.register(543) - Mapped "{[/env || /env.json],methods=[GET],produces=[application/vnd.spring-boot.actuator.v1+json || application/json]}" onto public java.lang.Object org.springframework.boot.actuate.endpoint.mvc.EndpointMvcAdapter.invoke()
2018-02-22 14:57:36.828 [main] INFO  o.s.b.a.e.mvc.EndpointHandlerMapping.register(543) - Mapped "{[/autoconfig || /autoconfig.json],methods=[GET],produces=[application/vnd.spring-boot.actuator.v1+json || application/json]}" onto public java.lang.Object org.springframework.boot.actuate.endpoint.mvc.EndpointMvcAdapter.invoke()
2018-02-22 14:57:36.829 [main] INFO  o.s.b.a.e.mvc.EndpointHandlerMapping.register(543) - Mapped "{[/beans || /beans.json],methods=[GET],produces=[application/vnd.spring-boot.actuator.v1+json || application/json]}" onto public java.lang.Object org.springframework.boot.actuate.endpoint.mvc.EndpointMvcAdapter.invoke()
2018-02-22 14:57:36.830 [main] INFO  o.s.b.a.e.mvc.EndpointHandlerMapping.register(543) - Mapped "{[/configprops || /configprops.json],methods=[GET],produces=[application/vnd.spring-boot.actuator.v1+json || application/json]}" onto public java.lang.Object org.springframework.boot.actuate.endpoint.mvc.EndpointMvcAdapter.invoke()
2018-02-22 14:57:36.831 [main] INFO  o.s.b.a.e.mvc.EndpointHandlerMapping.register(543) - Mapped "{[/loggers/{name:.*}],methods=[GET],produces=[application/vnd.spring-boot.actuator.v1+json || application/json]}" onto public java.lang.Object org.springframework.boot.actuate.endpoint.mvc.LoggersMvcEndpoint.get(java.lang.String)
2018-02-22 14:57:36.832 [main] INFO  o.s.b.a.e.mvc.EndpointHandlerMapping.register(543) - Mapped "{[/loggers/{name:.*}],methods=[POST],consumes=[application/vnd.spring-boot.actuator.v1+json || application/json],produces=[application/vnd.spring-boot.actuator.v1+json || application/json]}" onto public java.lang.Object org.springframework.boot.actuate.endpoint.mvc.LoggersMvcEndpoint.set(java.lang.String,java.util.Map<java.lang.String, java.lang.String>)
2018-02-22 14:57:36.833 [main] INFO  o.s.b.a.e.mvc.EndpointHandlerMapping.register(543) - Mapped "{[/loggers || /loggers.json],methods=[GET],produces=[application/vnd.spring-boot.actuator.v1+json || application/json]}" onto public java.lang.Object org.springframework.boot.actuate.endpoint.mvc.EndpointMvcAdapter.invoke()
2018-02-22 14:57:36.834 [main] INFO  o.s.b.a.e.mvc.EndpointHandlerMapping.register(543) - Mapped "{[/prometheus || /prometheus.json],methods=[GET],produces=[*/*]}" onto public org.springframework.http.ResponseEntity io.prometheus.client.spring.boot.PrometheusMvcEndpoint.value(java.util.Set<java.lang.String>)
2018-02-22 14:57:36.834 [main] INFO  o.s.b.a.e.mvc.EndpointHandlerMapping.register(543) - Mapped "{[/prometheus || /prometheus.json],methods=[GET],produces=[application/vnd.spring-boot.actuator.v1+json || application/json]}" onto public java.lang.Object org.springframework.boot.actuate.endpoint.mvc.EndpointMvcAdapter.invoke()
2018-02-22 14:57:36.835 [main] INFO  o.s.b.a.e.mvc.EndpointHandlerMapping.register(543) - Mapped "{[/auditevents || /auditevents.json],methods=[GET],produces=[application/vnd.spring-boot.actuator.v1+json || application/json]}" onto public org.springframework.http.ResponseEntity<?> org.springframework.boot.actuate.endpoint.mvc.AuditEventsMvcEndpoint.findByPrincipalAndAfterAndType(java.lang.String,java.util.Date,java.lang.String)
2018-02-22 14:57:36.835 [main] INFO  o.s.b.a.e.mvc.EndpointHandlerMapping.register(543) - Mapped "{[/heapdump || /heapdump.json],methods=[GET],produces=[application/octet-stream]}" onto public void org.springframework.boot.actuate.endpoint.mvc.HeapdumpMvcEndpoint.invoke(boolean,javax.servlet.http.HttpServletRequest,javax.servlet.http.HttpServletResponse) throws java.io.IOException,javax.servlet.ServletException
2018-02-22 14:57:36.836 [main] INFO  o.s.b.a.e.mvc.EndpointHandlerMapping.register(543) - Mapped "{[/health || /health.json],methods=[GET],produces=[application/vnd.spring-boot.actuator.v1+json || application/json]}" onto public java.lang.Object org.springframework.boot.actuate.endpoint.mvc.HealthMvcEndpoint.invoke(javax.servlet.http.HttpServletRequest,java.security.Principal)
2018-02-22 14:57:36.837 [main] INFO  o.s.b.a.e.mvc.EndpointHandlerMapping.register(543) - Mapped "{[/info || /info.json],methods=[GET],produces=[application/vnd.spring-boot.actuator.v1+json || application/json]}" onto public java.lang.Object org.springframework.boot.actuate.endpoint.mvc.EndpointMvcAdapter.invoke()
2018-02-22 14:57:36.838 [main] INFO  o.s.b.a.e.mvc.EndpointHandlerMapping.register(543) - Mapped "{[/trace || /trace.json],methods=[GET],produces=[application/vnd.spring-boot.actuator.v1+json || application/json]}" onto public java.lang.Object org.springframework.boot.actuate.endpoint.mvc.EndpointMvcAdapter.invoke()
2018-02-22 14:57:36.839 [main] INFO  o.s.b.a.e.mvc.EndpointHandlerMapping.register(543) - Mapped "{[/metrics/{name:.*}],methods=[GET],produces=[application/vnd.spring-boot.actuator.v1+json || application/json]}" onto public java.lang.Object org.springframework.boot.actuate.endpoint.mvc.MetricsMvcEndpoint.value(java.lang.String)
2018-02-22 14:57:36.839 [main] INFO  o.s.b.a.e.mvc.EndpointHandlerMapping.register(543) - Mapped "{[/metrics || /metrics.json],methods=[GET],produces=[application/vnd.spring-boot.actuator.v1+json || application/json]}" onto public java.lang.Object org.springframework.boot.actuate.endpoint.mvc.EndpointMvcAdapter.invoke()
2018-02-22 14:57:36.840 [main] INFO  o.s.b.a.e.mvc.EndpointHandlerMapping.register(543) - Mapped "{[/mappings || /mappings.json],methods=[GET],produces=[application/vnd.spring-boot.actuator.v1+json || application/json]}" onto public java.lang.Object org.springframework.boot.actuate.endpoint.mvc.EndpointMvcAdapter.invoke()
2018-02-22 14:57:36.840 [main] INFO  o.s.b.a.e.mvc.EndpointHandlerMapping.register(543) - Mapped "{[/dump || /dump.json],methods=[GET],produces=[application/vnd.spring-boot.actuator.v1+json || application/json]}" onto public java.lang.Object org.springframework.boot.actuate.endpoint.mvc.EndpointMvcAdapter.invoke()
2018-02-22 14:57:37.179 [main] INFO  o.s.w.s.m.m.a.RequestMappingHandlerAdapter.initControllerAdviceCache(534) - Looking for @ControllerAdvice: org.springframework.boot.context.embedded.AnnotationConfigEmbeddedWebApplicationContext@2e377400: startup date [Thu Feb 22 14:57:31 CST 2018]; root of context hierarchy
2018-02-22 14:57:37.235 [main] INFO  o.s.w.s.h.SimpleUrlHandlerMapping.registerHandler(362) - Mapped URL path [/webjars/**] onto handler of type [class org.springframework.web.servlet.resource.ResourceHttpRequestHandler]
2018-02-22 14:57:37.235 [main] INFO  o.s.w.s.h.SimpleUrlHandlerMapping.registerHandler(362) - Mapped URL path [/**] onto handler of type [class org.springframework.web.servlet.resource.ResourceHttpRequestHandler]
2018-02-22 14:57:37.272 [main] INFO  o.s.w.s.h.SimpleUrlHandlerMapping.registerHandler(362) - Mapped URL path [/**/favicon.ico] onto handler of type [class org.springframework.web.servlet.resource.ResourceHttpRequestHandler]
2018-02-22 14:57:37.575 [main] INFO  o.s.j.e.a.AnnotationMBeanExporter.afterSingletonsInstantiated(431) - Registering beans for JMX exposure on startup
2018-02-22 14:57:37.579 [main] INFO  o.s.j.e.a.AnnotationMBeanExporter.autodetect(916) - Bean with name 'dataSource' has been autodetected for JMX exposure
2018-02-22 14:57:37.588 [main] INFO  o.s.j.e.a.AnnotationMBeanExporter.registerBeanInstance(671) - Located MBean 'dataSource': registering with JMX server as MBean [com.alibaba.druid.pool:name=dataSource,type=DruidDataSource]
2018-02-22 14:57:37.589 [main] INFO  o.s.b.a.e.jmx.EndpointMBeanExporter.afterSingletonsInstantiated(431) - Registering beans for JMX exposure on startup
2018-02-22 14:57:37.594 [main] INFO  o.s.c.s.DefaultLifecycleProcessor.start(343) - Starting beans in phase 0
2018-02-22 14:57:37.596 [main] INFO  o.s.b.a.e.jmx.EndpointMBeanExporter.registerBeanInstance(678) - Located managed bean 'auditEventsEndpoint': registering with JMX server as MBean [org.springframework.boot:type=Endpoint,name=auditEventsEndpoint]
2018-02-22 14:57:37.608 [main] INFO  o.s.b.a.e.jmx.EndpointMBeanExporter.registerBeanInstance(678) - Located managed bean 'prometheusEndpoint': registering with JMX server as MBean [org.springframework.boot:type=Endpoint,name=prometheusEndpoint]
2018-02-22 14:57:37.617 [main] INFO  o.s.b.a.e.jmx.EndpointMBeanExporter.registerBeanInstance(678) - Located managed bean 'requestMappingEndpoint': registering with JMX server as MBean [org.springframework.boot:type=Endpoint,name=requestMappingEndpoint]
2018-02-22 14:57:37.622 [main] INFO  o.s.b.a.e.jmx.EndpointMBeanExporter.registerBeanInstance(678) - Located managed bean 'environmentEndpoint': registering with JMX server as MBean [org.springframework.boot:type=Endpoint,name=environmentEndpoint]
2018-02-22 14:57:37.625 [main] INFO  o.s.b.a.e.jmx.EndpointMBeanExporter.registerBeanInstance(678) - Located managed bean 'healthEndpoint': registering with JMX server as MBean [org.springframework.boot:type=Endpoint,name=healthEndpoint]
2018-02-22 14:57:37.628 [main] INFO  o.s.b.a.e.jmx.EndpointMBeanExporter.registerBeanInstance(678) - Located managed bean 'beansEndpoint': registering with JMX server as MBean [org.springframework.boot:type=Endpoint,name=beansEndpoint]
2018-02-22 14:57:37.630 [main] INFO  o.s.b.a.e.jmx.EndpointMBeanExporter.registerBeanInstance(678) - Located managed bean 'infoEndpoint': registering with JMX server as MBean [org.springframework.boot:type=Endpoint,name=infoEndpoint]
2018-02-22 14:57:37.633 [main] INFO  o.s.b.a.e.jmx.EndpointMBeanExporter.registerBeanInstance(678) - Located managed bean 'loggersEndpoint': registering with JMX server as MBean [org.springframework.boot:type=Endpoint,name=loggersEndpoint]
2018-02-22 14:57:37.637 [main] INFO  o.s.b.a.e.jmx.EndpointMBeanExporter.registerBeanInstance(678) - Located managed bean 'metricsEndpoint': registering with JMX server as MBean [org.springframework.boot:type=Endpoint,name=metricsEndpoint]
2018-02-22 14:57:37.638 [main] INFO  o.s.b.a.e.jmx.EndpointMBeanExporter.registerBeanInstance(678) - Located managed bean 'traceEndpoint': registering with JMX server as MBean [org.springframework.boot:type=Endpoint,name=traceEndpoint]
2018-02-22 14:57:37.640 [main] INFO  o.s.b.a.e.jmx.EndpointMBeanExporter.registerBeanInstance(678) - Located managed bean 'dumpEndpoint': registering with JMX server as MBean [org.springframework.boot:type=Endpoint,name=dumpEndpoint]
2018-02-22 14:57:37.642 [main] INFO  o.s.b.a.e.jmx.EndpointMBeanExporter.registerBeanInstance(678) - Located managed bean 'autoConfigurationReportEndpoint': registering with JMX server as MBean [org.springframework.boot:type=Endpoint,name=autoConfigurationReportEndpoint]
2018-02-22 14:57:37.645 [main] INFO  o.s.b.a.e.jmx.EndpointMBeanExporter.registerBeanInstance(678) - Located managed bean 'configurationPropertiesReportEndpoint': registering with JMX server as MBean [org.springframework.boot:type=Endpoint,name=configurationPropertiesReportEndpoint]
2018-02-22 14:57:37.646 [main] INFO  o.s.c.s.DefaultLifecycleProcessor.start(343) - Starting beans in phase 2147483647
2018-02-22 14:57:38.000 [main] INFO  o.s.b.c.e.t.TomcatEmbeddedServletContainer.start(201) - Tomcat started on port(s): 8080 (http)
2018-02-22 14:57:38.005 [main] INFO  effect.effect.EffectApplication.logStarted(57) - Started EffectApplication in 7.328 seconds (JVM running for 8.696)
2018-02-22 14:58:09.704 [http-nio-8080-exec-1] INFO  o.s.web.servlet.DispatcherServlet.initServletBean(489) - FrameworkServlet 'dispatcherServlet': initialization started
2018-02-22 14:58:09.733 [http-nio-8080-exec-1] INFO  o.s.web.servlet.DispatcherServlet.initServletBean(508) - FrameworkServlet 'dispatcherServlet': initialization completed in 25 ms
2018-02-22 14:58:09.756 [http-nio-8080-exec-1] INFO  o.s.b.a.e.m.MvcEndpointSecurityInterceptor.logUnauthorizedAttempt(122) - Full authentication is required to access actuator endpoints. Consider adding Spring Security or set 'management.security.enabled' to false.
2018-02-22 14:59:00.721 [Thread-19] INFO  o.s.b.c.e.AnnotationConfigEmbeddedWebApplicationContext.doClose(984) - Closing org.springframework.boot.context.embedded.AnnotationConfigEmbeddedWebApplicationContext@2e377400: startup date [Thu Feb 22 14:57:31 CST 2018]; root of context hierarchy
2018-02-22 14:59:00.725 [Thread-19] INFO  o.s.c.s.DefaultLifecycleProcessor.stop(358) - Stopping beans in phase 2147483647
2018-02-22 14:59:00.727 [Thread-19] INFO  o.s.c.s.DefaultLifecycleProcessor.stop(358) - Stopping beans in phase 0
2018-02-22 14:59:00.728 [Thread-19] INFO  o.s.b.a.e.jmx.EndpointMBeanExporter.destroy(449) - Unregistering JMX-exposed beans on shutdown
2018-02-22 14:59:00.728 [Thread-19] INFO  o.s.b.a.e.jmx.EndpointMBeanExporter.unregisterBeans(241) - Unregistering JMX-exposed beans
2018-02-22 14:59:00.729 [Thread-19] INFO  o.s.j.e.a.AnnotationMBeanExporter.destroy(449) - Unregistering JMX-exposed beans on shutdown
2018-02-22 14:59:00.729 [Thread-19] INFO  o.s.j.e.a.AnnotationMBeanExporter.unregisterBeans(241) - Unregistering JMX-exposed beans
2018-02-22 14:59:00.735 [Thread-19] INFO  o.s.o.j.LocalContainerEntityManagerFactoryBean.destroy(563) - Closing JPA EntityManagerFactory for persistence unit 'default'
2018-02-22 14:59:03.047 [main] INFO  effect.effect.EffectApplication.logStarting(48) - Starting EffectApplication on Feilongs-MacBook-Pro.local with PID 54516 (/Users/feilongchen/source/myWorkspace/effect-backend/target/classes started by feilongchen in /Users/feilongchen/source/myWorkspace/effect-backend)
2018-02-22 14:59:03.050 [main] DEBUG effect.effect.EffectApplication.logStarting(51) - Running with Spring Boot v1.5.9.RELEASE, Spring v4.3.13.RELEASE
2018-02-22 14:59:03.050 [main] INFO  effect.effect.EffectApplication.logStartupProfileInfo(597) - The following profiles are active: dev
2018-02-22 14:59:03.157 [main] INFO  o.s.b.c.e.AnnotationConfigEmbeddedWebApplicationContext.prepareRefresh(583) - Refreshing org.springframework.boot.context.embedded.AnnotationConfigEmbeddedWebApplicationContext@192c3f1e: startup date [Thu Feb 22 14:59:03 CST 2018]; root of context hierarchy
2018-02-22 14:59:04.360 [main] INFO  o.s.c.s.PostProcessorRegistrationDelegate$BeanPostProcessorChecker.postProcessAfterInitialization(327) - Bean 'org.springframework.transaction.annotation.ProxyTransactionManagementConfiguration' of type [org.springframework.transaction.annotation.ProxyTransactionManagementConfiguration$$EnhancerBySpringCGLIB$$c422c545] is not eligible for getting processed by all BeanPostProcessors (for example: not eligible for auto-proxying)
2018-02-22 14:59:04.660 [main] INFO  o.s.b.c.e.t.TomcatEmbeddedServletContainer.initialize(89) - Tomcat initialized with port(s): 8080 (http)
2018-02-22 14:59:04.726 [localhost-startStop-1] INFO  o.s.web.context.ContextLoader.prepareEmbeddedWebApplicationContext(276) - Root WebApplicationContext: initialization completed in 1569 ms
2018-02-22 14:59:05.243 [localhost-startStop-1] INFO  o.s.o.j.LocalContainerEntityManagerFactoryBean.createNativeEntityManagerFactory(356) - Building JPA container EntityManagerFactory for persistence unit 'default'
2018-02-22 14:59:06.177 [localhost-startStop-1] INFO  o.s.o.j.LocalContainerEntityManagerFactoryBean.buildNativeEntityManagerFactory(392) - Initialized JPA EntityManagerFactory for persistence unit 'default'
2018-02-22 14:59:06.518 [localhost-startStop-1] INFO  o.s.b.w.s.FilterRegistrationBean.configure(271) - Mapping filter: 'tokenFilter' to urls: [/v1/member/*]
2018-02-22 14:59:06.533 [localhost-startStop-1] INFO  o.s.b.w.s.FilterRegistrationBean.configure(258) - Mapping filter: 'metricsFilter' to: [/*]
2018-02-22 14:59:06.534 [localhost-startStop-1] INFO  o.s.b.w.s.FilterRegistrationBean.configure(258) - Mapping filter: 'characterEncodingFilter' to: [/*]
2018-02-22 14:59:06.534 [localhost-startStop-1] INFO  o.s.b.w.s.FilterRegistrationBean.configure(258) - Mapping filter: 'hiddenHttpMethodFilter' to: [/*]
2018-02-22 14:59:06.534 [localhost-startStop-1] INFO  o.s.b.w.s.FilterRegistrationBean.configure(258) - Mapping filter: 'httpPutFormContentFilter' to: [/*]
2018-02-22 14:59:06.535 [localhost-startStop-1] INFO  o.s.b.w.s.FilterRegistrationBean.configure(258) - Mapping filter: 'requestContextFilter' to: [/*]
2018-02-22 14:59:06.536 [localhost-startStop-1] INFO  o.s.b.w.s.FilterRegistrationBean.configure(258) - Mapping filter: 'corsFilter' to: [/*]
2018-02-22 14:59:06.536 [localhost-startStop-1] INFO  o.s.b.w.s.FilterRegistrationBean.configure(258) - Mapping filter: 'webRequestLoggingFilter' to: [/*]
2018-02-22 14:59:06.536 [localhost-startStop-1] INFO  o.s.b.w.s.FilterRegistrationBean.configure(258) - Mapping filter: 'applicationContextIdFilter' to: [/*]
2018-02-22 14:59:06.537 [localhost-startStop-1] INFO  o.s.b.w.s.ServletRegistrationBean.onStartup(190) - Mapping servlet: 'dispatcherServlet' to [/]
2018-02-22 14:59:06.551 [localhost-startStop-1] DEBUG e.effect.common.filter.TokenFilter.init(208) - Initializing filter 'tokenFilter'
2018-02-22 14:59:06.552 [localhost-startStop-1] DEBUG e.effect.common.filter.TokenFilter.init(239) - Filter 'tokenFilter' configured successfully
2018-02-22 14:59:06.986 [main] INFO  o.s.w.s.m.m.a.RequestMappingHandlerMapping.register(543) - Mapped "{[/v1/member/{account}/categories],methods=[POST]}" onto public effect.effect.common.vo.ResponseVO effect.effect.web.controller.member.ArticleCategoryMemberController.addArticleCategory(java.lang.String,effect.effect.web.vo.ArticleCategoryAddVO,javax.servlet.http.HttpServletRequest)
2018-02-22 14:59:06.987 [main] INFO  o.s.w.s.m.m.a.RequestMappingHandlerMapping.register(543) - Mapped "{[/v1/member/{account}/categories/{id}],methods=[DELETE]}" onto public effect.effect.common.vo.ResponseVO effect.effect.web.controller.member.ArticleCategoryMemberController.deleteArticleCategory(java.lang.String,java.lang.String)
2018-02-22 14:59:06.987 [main] INFO  o.s.w.s.m.m.a.RequestMappingHandlerMapping.register(543) - Mapped "{[/v1/member/{account}/categories],methods=[PUT]}" onto public effect.effect.common.vo.ResponseVO effect.effect.web.controller.member.ArticleCategoryMemberController.updateArticleCategory(java.lang.String,effect.effect.web.vo.ArticleCategoryVO)
2018-02-22 14:59:06.989 [main] INFO  o.s.w.s.m.m.a.RequestMappingHandlerMapping.register(543) - Mapped "{[/v1/member/{account}/articles],methods=[POST]}" onto public effect.effect.common.vo.ResponseVO effect.effect.web.controller.member.ArticleMemberController.newArticle(java.lang.String,effect.effect.web.vo.ArticleAddVO,javax.servlet.http.HttpServletRequest)
2018-02-22 14:59:06.989 [main] INFO  o.s.w.s.m.m.a.RequestMappingHandlerMapping.register(543) - Mapped "{[/v1/member/{account}/articles/{id}],methods=[DELETE]}" onto public effect.effect.common.vo.ResponseVO effect.effect.web.controller.member.ArticleMemberController.deleteArticle(java.lang.String,java.lang.String)
2018-02-22 14:59:06.990 [main] INFO  o.s.w.s.m.m.a.RequestMappingHandlerMapping.register(543) - Mapped "{[/v1/member/{account}/articles],methods=[PUT]}" onto public effect.effect.common.vo.ResponseVO effect.effect.web.controller.member.ArticleMemberController.updateArticle(java.lang.String,effect.effect.web.vo.ArticleUpdateVO)
2018-02-22 14:59:06.990 [main] INFO  o.s.w.s.m.m.a.RequestMappingHandlerMapping.register(543) - Mapped "{[/v1/member/{account}/comments],methods=[POST]}" onto public effect.effect.common.vo.ResponseVO effect.effect.web.controller.member.CommentMemberController.commit(java.lang.String,effect.effect.web.vo.CommentAddVO,javax.servlet.http.HttpServletRequest)
2018-02-22 14:59:06.991 [main] INFO  o.s.w.s.m.m.a.RequestMappingHandlerMapping.register(543) - Mapped "{[/v1/member/{account}/replies],methods=[POST]}" onto public effect.effect.common.vo.ResponseVO effect.effect.web.controller.member.ReplyMemberController.addReply(java.lang.String,effect.effect.web.vo.ReplyAddVO,javax.servlet.http.HttpServletRequest)
2018-02-22 14:59:06.992 [main] INFO  o.s.w.s.m.m.a.RequestMappingHandlerMapping.register(543) - Mapped "{[/v1/member/users/resetPwd],methods=[POST]}" onto public effect.effect.common.vo.ResponseVO effect.effect.web.controller.member.UserMemberController.resetPassword(effect.effect.web.vo.ResetPasswordVO)
2018-02-22 14:59:06.993 [main] INFO  o.s.w.s.m.m.a.RequestMappingHandlerMapping.register(543) - Mapped "{[/v1/pub/{account}/categories],methods=[GET]}" onto public effect.effect.common.vo.ResponseVO effect.effect.web.controller.pub.ArticleCategoryPubController.getArticleCategoryByAccount(java.lang.String)
2018-02-22 14:59:06.994 [main] INFO  o.s.w.s.m.m.a.RequestMappingHandlerMapping.register(543) - Mapped "{[/v1/pub/{account}/articles],methods=[GET]}" onto public effect.effect.common.vo.ResponseVO effect.effect.web.controller.pub.ArticlepubController.listArticle(java.lang.String,java.lang.Long,java.lang.Integer,java.lang.String)
2018-02-22 14:59:06.994 [main] INFO  o.s.w.s.m.m.a.RequestMappingHandlerMapping.register(543) - Mapped "{[/v1/pub/{account}/articles/{id}],methods=[GET]}" onto public effect.effect.common.vo.ResponseVO effect.effect.web.controller.pub.ArticlepubController.detail(java.lang.String,java.lang.String)
2018-02-22 14:59:06.995 [main] INFO  o.s.w.s.m.m.a.RequestMappingHandlerMapping.register(543) - Mapped "{[/v1/pub/{account}/comments/{id}],methods=[GET]}" onto public effect.effect.common.vo.ResponseVO effect.effect.web.controller.pub.CommentPubController.showComments(java.lang.String,java.lang.String,java.lang.Long,java.lang.Integer) throws java.lang.InstantiationException,java.lang.IllegalAccessException,java.lang.NoSuchMethodException,java.lang.reflect.InvocationTargetException
2018-02-22 14:59:06.996 [main] INFO  o.s.w.s.m.m.a.RequestMappingHandlerMapping.register(543) - Mapped "{[/v1/pub/search.do],methods=[GET]}" onto public effect.effect.common.vo.ResponseVO effect.effect.web.controller.pub.CommonController.queryArticle(java.lang.String,java.lang.Long,java.lang.Integer)
2018-02-22 14:59:06.996 [main] INFO  o.s.w.s.m.m.a.RequestMappingHandlerMapping.register(543) - Mapped "{[/v1/pub/{account}/replies/{id}],methods=[GET]}" onto public effect.effect.common.vo.ResponseVO effect.effect.web.controller.pub.ReplyPubController.showReply(java.lang.String,java.lang.String)
2018-02-22 14:59:06.997 [main] INFO  o.s.w.s.m.m.a.RequestMappingHandlerMapping.register(543) - Mapped "{[/v1/pub/users/register],methods=[POST]}" onto public effect.effect.common.vo.ResponseVO effect.effect.web.controller.pub.UserPubController.register(effect.effect.web.vo.RegisterVO)
2018-02-22 14:59:06.997 [main] INFO  o.s.w.s.m.m.a.RequestMappingHandlerMapping.register(543) - Mapped "{[/v1/pub/users/login],methods=[POST]}" onto public effect.effect.common.vo.ResponseVO effect.effect.web.controller.pub.UserPubController.signup(effect.effect.web.vo.LoginVO)
2018-02-22 14:59:07.000 [main] INFO  o.s.w.s.m.m.a.RequestMappingHandlerMapping.register(543) - Mapped "{[/swagger-resources/configuration/ui]}" onto public org.springframework.http.ResponseEntity<springfox.documentation.swagger.web.UiConfiguration> springfox.documentation.swagger.web.ApiResourceController.uiConfiguration()
2018-02-22 14:59:07.001 [main] INFO  o.s.w.s.m.m.a.RequestMappingHandlerMapping.register(543) - Mapped "{[/swagger-resources/configuration/security]}" onto public org.springframework.http.ResponseEntity<springfox.documentation.swagger.web.SecurityConfiguration> springfox.documentation.swagger.web.ApiResourceController.securityConfiguration()
2018-02-22 14:59:07.002 [main] INFO  o.s.w.s.m.m.a.RequestMappingHandlerMapping.register(543) - Mapped "{[/swagger-resources]}" onto public org.springframework.http.ResponseEntity<java.util.List<springfox.documentation.swagger.web.SwaggerResource>> springfox.documentation.swagger.web.ApiResourceController.swaggerResources()
2018-02-22 14:59:07.004 [main] INFO  o.s.w.s.m.m.a.RequestMappingHandlerMapping.register(543) - Mapped "{[/error]}" onto public org.springframework.http.ResponseEntity<java.util.Map<java.lang.String, java.lang.Object>> org.springframework.boot.autoconfigure.web.BasicErrorController.error(javax.servlet.http.HttpServletRequest)
2018-02-22 14:59:07.004 [main] INFO  o.s.w.s.m.m.a.RequestMappingHandlerMapping.register(543) - Mapped "{[/error],produces=[text/html]}" onto public org.springframework.web.servlet.ModelAndView org.springframework.boot.autoconfigure.web.BasicErrorController.errorHtml(javax.servlet.http.HttpServletRequest,javax.servlet.http.HttpServletResponse)
2018-02-22 14:59:07.278 [main] INFO  o.s.b.a.e.mvc.EndpointHandlerMapping.register(543) - Mapped "{[/metrics/{name:.*}],methods=[GET],produces=[application/vnd.spring-boot.actuator.v1+json || application/json]}" onto public java.lang.Object org.springframework.boot.actuate.endpoint.mvc.MetricsMvcEndpoint.value(java.lang.String)
2018-02-22 14:59:07.279 [main] INFO  o.s.b.a.e.mvc.EndpointHandlerMapping.register(543) - Mapped "{[/metrics || /metrics.json],methods=[GET],produces=[application/vnd.spring-boot.actuator.v1+json || application/json]}" onto public java.lang.Object org.springframework.boot.actuate.endpoint.mvc.EndpointMvcAdapter.invoke()
2018-02-22 14:59:07.280 [main] INFO  o.s.b.a.e.mvc.EndpointHandlerMapping.register(543) - Mapped "{[/env/{name:.*}],methods=[GET],produces=[application/vnd.spring-boot.actuator.v1+json || application/json]}" onto public java.lang.Object org.springframework.boot.actuate.endpoint.mvc.EnvironmentMvcEndpoint.value(java.lang.String)
2018-02-22 14:59:07.281 [main] INFO  o.s.b.a.e.mvc.EndpointHandlerMapping.register(543) - Mapped "{[/env || /env.json],methods=[GET],produces=[application/vnd.spring-boot.actuator.v1+json || application/json]}" onto public java.lang.Object org.springframework.boot.actuate.endpoint.mvc.EndpointMvcAdapter.invoke()
2018-02-22 14:59:07.282 [main] INFO  o.s.b.a.e.mvc.EndpointHandlerMapping.register(543) - Mapped "{[/dump || /dump.json],methods=[GET],produces=[application/vnd.spring-boot.actuator.v1+json || application/json]}" onto public java.lang.Object org.springframework.boot.actuate.endpoint.mvc.EndpointMvcAdapter.invoke()
2018-02-22 14:59:07.283 [main] INFO  o.s.b.a.e.mvc.EndpointHandlerMapping.register(543) - Mapped "{[/beans || /beans.json],methods=[GET],produces=[application/vnd.spring-boot.actuator.v1+json || application/json]}" onto public java.lang.Object org.springframework.boot.actuate.endpoint.mvc.EndpointMvcAdapter.invoke()
2018-02-22 14:59:07.285 [main] INFO  o.s.b.a.e.mvc.EndpointHandlerMapping.register(543) - Mapped "{[/prometheus || /prometheus.json],methods=[GET],produces=[*/*]}" onto public org.springframework.http.ResponseEntity io.prometheus.client.spring.boot.PrometheusMvcEndpoint.value(java.util.Set<java.lang.String>)
2018-02-22 14:59:07.285 [main] INFO  o.s.b.a.e.mvc.EndpointHandlerMapping.register(543) - Mapped "{[/prometheus || /prometheus.json],methods=[GET],produces=[application/vnd.spring-boot.actuator.v1+json || application/json]}" onto public java.lang.Object org.springframework.boot.actuate.endpoint.mvc.EndpointMvcAdapter.invoke()
2018-02-22 14:59:07.287 [main] INFO  o.s.b.a.e.mvc.EndpointHandlerMapping.register(543) - Mapped "{[/mappings || /mappings.json],methods=[GET],produces=[application/vnd.spring-boot.actuator.v1+json || application/json]}" onto public java.lang.Object org.springframework.boot.actuate.endpoint.mvc.EndpointMvcAdapter.invoke()
2018-02-22 14:59:07.290 [main] INFO  o.s.b.a.e.mvc.EndpointHandlerMapping.register(543) - Mapped "{[/trace || /trace.json],methods=[GET],produces=[application/vnd.spring-boot.actuator.v1+json || application/json]}" onto public java.lang.Object org.springframework.boot.actuate.endpoint.mvc.EndpointMvcAdapter.invoke()
2018-02-22 14:59:07.292 [main] INFO  o.s.b.a.e.mvc.EndpointHandlerMapping.register(543) - Mapped "{[/health || /health.json],methods=[GET],produces=[application/vnd.spring-boot.actuator.v1+json || application/json]}" onto public java.lang.Object org.springframework.boot.actuate.endpoint.mvc.HealthMvcEndpoint.invoke(javax.servlet.http.HttpServletRequest,java.security.Principal)
2018-02-22 14:59:07.292 [main] INFO  o.s.b.a.e.mvc.EndpointHandlerMapping.register(543) - Mapped "{[/autoconfig || /autoconfig.json],methods=[GET],produces=[application/vnd.spring-boot.actuator.v1+json || application/json]}" onto public java.lang.Object org.springframework.boot.actuate.endpoint.mvc.EndpointMvcAdapter.invoke()
2018-02-22 14:59:07.294 [main] INFO  o.s.b.a.e.mvc.EndpointHandlerMapping.register(543) - Mapped "{[/heapdump || /heapdump.json],methods=[GET],produces=[application/octet-stream]}" onto public void org.springframework.boot.actuate.endpoint.mvc.HeapdumpMvcEndpoint.invoke(boolean,javax.servlet.http.HttpServletRequest,javax.servlet.http.HttpServletResponse) throws java.io.IOException,javax.servlet.ServletException
2018-02-22 14:59:07.295 [main] INFO  o.s.b.a.e.mvc.EndpointHandlerMapping.register(543) - Mapped "{[/auditevents || /auditevents.json],methods=[GET],produces=[application/vnd.spring-boot.actuator.v1+json || application/json]}" onto public org.springframework.http.ResponseEntity<?> org.springframework.boot.actuate.endpoint.mvc.AuditEventsMvcEndpoint.findByPrincipalAndAfterAndType(java.lang.String,java.util.Date,java.lang.String)
2018-02-22 14:59:07.296 [main] INFO  o.s.b.a.e.mvc.EndpointHandlerMapping.register(543) - Mapped "{[/info || /info.json],methods=[GET],produces=[application/vnd.spring-boot.actuator.v1+json || application/json]}" onto public java.lang.Object org.springframework.boot.actuate.endpoint.mvc.EndpointMvcAdapter.invoke()
2018-02-22 14:59:07.297 [main] INFO  o.s.b.a.e.mvc.EndpointHandlerMapping.register(543) - Mapped "{[/configprops || /configprops.json],methods=[GET],produces=[application/vnd.spring-boot.actuator.v1+json || application/json]}" onto public java.lang.Object org.springframework.boot.actuate.endpoint.mvc.EndpointMvcAdapter.invoke()
2018-02-22 14:59:07.301 [main] INFO  o.s.b.a.e.mvc.EndpointHandlerMapping.register(543) - Mapped "{[/loggers/{name:.*}],methods=[GET],produces=[application/vnd.spring-boot.actuator.v1+json || application/json]}" onto public java.lang.Object org.springframework.boot.actuate.endpoint.mvc.LoggersMvcEndpoint.get(java.lang.String)
2018-02-22 14:59:07.303 [main] INFO  o.s.b.a.e.mvc.EndpointHandlerMapping.register(543) - Mapped "{[/loggers/{name:.*}],methods=[POST],consumes=[application/vnd.spring-boot.actuator.v1+json || application/json],produces=[application/vnd.spring-boot.actuator.v1+json || application/json]}" onto public java.lang.Object org.springframework.boot.actuate.endpoint.mvc.LoggersMvcEndpoint.set(java.lang.String,java.util.Map<java.lang.String, java.lang.String>)
2018-02-22 14:59:07.304 [main] INFO  o.s.b.a.e.mvc.EndpointHandlerMapping.register(543) - Mapped "{[/loggers || /loggers.json],methods=[GET],produces=[application/vnd.spring-boot.actuator.v1+json || application/json]}" onto public java.lang.Object org.springframework.boot.actuate.endpoint.mvc.EndpointMvcAdapter.invoke()
2018-02-22 14:59:07.834 [main] INFO  o.s.w.s.m.m.a.RequestMappingHandlerAdapter.initControllerAdviceCache(534) - Looking for @ControllerAdvice: org.springframework.boot.context.embedded.AnnotationConfigEmbeddedWebApplicationContext@192c3f1e: startup date [Thu Feb 22 14:59:03 CST 2018]; root of context hierarchy
2018-02-22 14:59:07.868 [main] INFO  o.s.w.s.h.SimpleUrlHandlerMapping.registerHandler(362) - Mapped URL path [/webjars/**] onto handler of type [class org.springframework.web.servlet.resource.ResourceHttpRequestHandler]
2018-02-22 14:59:07.869 [main] INFO  o.s.w.s.h.SimpleUrlHandlerMapping.registerHandler(362) - Mapped URL path [/**] onto handler of type [class org.springframework.web.servlet.resource.ResourceHttpRequestHandler]
2018-02-22 14:59:07.898 [main] INFO  o.s.w.s.h.SimpleUrlHandlerMapping.registerHandler(362) - Mapped URL path [/**/favicon.ico] onto handler of type [class org.springframework.web.servlet.resource.ResourceHttpRequestHandler]
2018-02-22 14:59:08.158 [main] INFO  o.s.j.e.a.AnnotationMBeanExporter.afterSingletonsInstantiated(431) - Registering beans for JMX exposure on startup
2018-02-22 14:59:08.162 [main] INFO  o.s.j.e.a.AnnotationMBeanExporter.autodetect(916) - Bean with name 'dataSource' has been autodetected for JMX exposure
2018-02-22 14:59:08.170 [main] INFO  o.s.j.e.a.AnnotationMBeanExporter.registerBeanInstance(671) - Located MBean 'dataSource': registering with JMX server as MBean [com.alibaba.druid.pool:name=dataSource,type=DruidDataSource]
2018-02-22 14:59:08.170 [main] INFO  o.s.b.a.e.jmx.EndpointMBeanExporter.afterSingletonsInstantiated(431) - Registering beans for JMX exposure on startup
2018-02-22 14:59:08.174 [main] INFO  o.s.c.s.DefaultLifecycleProcessor.start(343) - Starting beans in phase 0
2018-02-22 14:59:08.175 [main] INFO  o.s.b.a.e.jmx.EndpointMBeanExporter.registerBeanInstance(678) - Located managed bean 'auditEventsEndpoint': registering with JMX server as MBean [org.springframework.boot:type=Endpoint,name=auditEventsEndpoint]
2018-02-22 14:59:08.191 [main] INFO  o.s.b.a.e.jmx.EndpointMBeanExporter.registerBeanInstance(678) - Located managed bean 'prometheusEndpoint': registering with JMX server as MBean [org.springframework.boot:type=Endpoint,name=prometheusEndpoint]
2018-02-22 14:59:08.198 [main] INFO  o.s.b.a.e.jmx.EndpointMBeanExporter.registerBeanInstance(678) - Located managed bean 'requestMappingEndpoint': registering with JMX server as MBean [org.springframework.boot:type=Endpoint,name=requestMappingEndpoint]
2018-02-22 14:59:08.201 [main] INFO  o.s.b.a.e.jmx.EndpointMBeanExporter.registerBeanInstance(678) - Located managed bean 'environmentEndpoint': registering with JMX server as MBean [org.springframework.boot:type=Endpoint,name=environmentEndpoint]
2018-02-22 14:59:08.204 [main] INFO  o.s.b.a.e.jmx.EndpointMBeanExporter.registerBeanInstance(678) - Located managed bean 'healthEndpoint': registering with JMX server as MBean [org.springframework.boot:type=Endpoint,name=healthEndpoint]
2018-02-22 14:59:08.206 [main] INFO  o.s.b.a.e.jmx.EndpointMBeanExporter.registerBeanInstance(678) - Located managed bean 'beansEndpoint': registering with JMX server as MBean [org.springframework.boot:type=Endpoint,name=beansEndpoint]
2018-02-22 14:59:08.208 [main] INFO  o.s.b.a.e.jmx.EndpointMBeanExporter.registerBeanInstance(678) - Located managed bean 'infoEndpoint': registering with JMX server as MBean [org.springframework.boot:type=Endpoint,name=infoEndpoint]
2018-02-22 14:59:08.211 [main] INFO  o.s.b.a.e.jmx.EndpointMBeanExporter.registerBeanInstance(678) - Located managed bean 'loggersEndpoint': registering with JMX server as MBean [org.springframework.boot:type=Endpoint,name=loggersEndpoint]
2018-02-22 14:59:08.215 [main] INFO  o.s.b.a.e.jmx.EndpointMBeanExporter.registerBeanInstance(678) - Located managed bean 'metricsEndpoint': registering with JMX server as MBean [org.springframework.boot:type=Endpoint,name=metricsEndpoint]
2018-02-22 14:59:08.216 [main] INFO  o.s.b.a.e.jmx.EndpointMBeanExporter.registerBeanInstance(678) - Located managed bean 'traceEndpoint': registering with JMX server as MBean [org.springframework.boot:type=Endpoint,name=traceEndpoint]
2018-02-22 14:59:08.218 [main] INFO  o.s.b.a.e.jmx.EndpointMBeanExporter.registerBeanInstance(678) - Located managed bean 'dumpEndpoint': registering with JMX server as MBean [org.springframework.boot:type=Endpoint,name=dumpEndpoint]
2018-02-22 14:59:08.220 [main] INFO  o.s.b.a.e.jmx.EndpointMBeanExporter.registerBeanInstance(678) - Located managed bean 'autoConfigurationReportEndpoint': registering with JMX server as MBean [org.springframework.boot:type=Endpoint,name=autoConfigurationReportEndpoint]
2018-02-22 14:59:08.221 [main] INFO  o.s.b.a.e.jmx.EndpointMBeanExporter.registerBeanInstance(678) - Located managed bean 'configurationPropertiesReportEndpoint': registering with JMX server as MBean [org.springframework.boot:type=Endpoint,name=configurationPropertiesReportEndpoint]
2018-02-22 14:59:08.222 [main] INFO  o.s.c.s.DefaultLifecycleProcessor.start(343) - Starting beans in phase 2147483647
2018-02-22 14:59:08.560 [main] INFO  o.s.b.c.e.t.TomcatEmbeddedServletContainer.start(201) - Tomcat started on port(s): 8080 (http)
2018-02-22 14:59:08.570 [main] INFO  effect.effect.EffectApplication.logStarted(57) - Started EffectApplication in 5.929 seconds (JVM running for 6.61)
2018-02-22 14:59:28.898 [http-nio-8080-exec-1] INFO  o.s.web.servlet.DispatcherServlet.initServletBean(489) - FrameworkServlet 'dispatcherServlet': initialization started
2018-02-22 14:59:28.929 [http-nio-8080-exec-1] INFO  o.s.web.servlet.DispatcherServlet.initServletBean(508) - FrameworkServlet 'dispatcherServlet': initialization completed in 31 ms
2018-02-22 18:24:03.450 [Thread-15] INFO  o.s.b.c.e.AnnotationConfigEmbeddedWebApplicationContext.doClose(984) - Closing org.springframework.boot.context.embedded.AnnotationConfigEmbeddedWebApplicationContext@192c3f1e: startup date [Thu Feb 22 14:59:03 CST 2018]; root of context hierarchy
2018-02-22 18:24:03.487 [Thread-15] INFO  o.s.c.s.DefaultLifecycleProcessor.stop(358) - Stopping beans in phase 2147483647
2018-02-22 18:24:03.495 [Thread-15] INFO  o.s.c.s.DefaultLifecycleProcessor.stop(358) - Stopping beans in phase 0
2018-02-22 18:24:03.500 [Thread-15] INFO  o.s.b.a.e.jmx.EndpointMBeanExporter.destroy(449) - Unregistering JMX-exposed beans on shutdown
2018-02-22 18:24:03.501 [Thread-15] INFO  o.s.b.a.e.jmx.EndpointMBeanExporter.unregisterBeans(241) - Unregistering JMX-exposed beans
2018-02-22 18:24:03.502 [Thread-15] INFO  o.s.j.e.a.AnnotationMBeanExporter.destroy(449) - Unregistering JMX-exposed beans on shutdown
2018-02-22 18:24:03.502 [Thread-15] INFO  o.s.j.e.a.AnnotationMBeanExporter.unregisterBeans(241) - Unregistering JMX-exposed beans
2018-02-22 18:24:03.509 [Thread-15] INFO  o.s.o.j.LocalContainerEntityManagerFactoryBean.destroy(563) - Closing JPA EntityManagerFactory for persistence unit 'default'
