2018-04-08 14:05:26.409 [main] INFO  effect.effect.EffectApplication.logStarting(48) - Starting EffectApplication on Feilongs-MacBook-Pro.local with PID 17004 (/Users/feilongchen/source/myWorkspace/effect-backend/target/classes started by feilongchen in /Users/feilongchen/source/myWorkspace/effect-backend)
2018-04-08 14:05:26.413 [main] DEBUG effect.effect.EffectApplication.logStarting(51) - Running with Spring Boot v1.5.9.RELEASE, Spring v4.3.13.RELEASE
2018-04-08 14:05:26.414 [main] INFO  effect.effect.EffectApplication.logStartupProfileInfo(597) - The following profiles are active: dev
2018-04-08 14:05:26.469 [main] INFO  o.s.b.c.e.AnnotationConfigEmbeddedWebApplicationContext.prepareRefresh(583) - Refreshing org.springframework.boot.context.embedded.AnnotationConfigEmbeddedWebApplicationContext@68e5eea7: startup date [Sun Apr 08 14:05:26 CST 2018]; root of context hierarchy
2018-04-08 14:05:27.970 [main] INFO  o.s.c.s.PostProcessorRegistrationDelegate$BeanPostProcessorChecker.postProcessAfterInitialization(327) - Bean 'org.springframework.transaction.annotation.ProxyTransactionManagementConfiguration' of type [org.springframework.transaction.annotation.ProxyTransactionManagementConfiguration$$EnhancerBySpringCGLIB$$6f4d0541] is not eligible for getting processed by all BeanPostProcessors (for example: not eligible for auto-proxying)
2018-04-08 14:05:28.433 [main] INFO  o.s.b.c.e.t.TomcatEmbeddedServletContainer.initialize(89) - Tomcat initialized with port(s): 8080 (http)
2018-04-08 14:05:28.545 [localhost-startStop-1] INFO  o.s.web.context.ContextLoader.prepareEmbeddedWebApplicationContext(276) - Root WebApplicationContext: initialization completed in 2076 ms
2018-04-08 14:05:29.104 [localhost-startStop-1] INFO  o.s.o.j.LocalContainerEntityManagerFactoryBean.createNativeEntityManagerFactory(356) - Building JPA container EntityManagerFactory for persistence unit 'default'
2018-04-08 14:05:30.523 [localhost-startStop-1] INFO  o.s.o.j.LocalContainerEntityManagerFactoryBean.buildNativeEntityManagerFactory(392) - Initialized JPA EntityManagerFactory for persistence unit 'default'
2018-04-08 14:05:31.038 [localhost-startStop-1] INFO  o.s.b.w.s.FilterRegistrationBean.configure(258) - Mapping filter: 'corsFilter' to: [/*]
2018-04-08 14:05:31.039 [localhost-startStop-1] INFO  o.s.b.w.s.FilterRegistrationBean.configure(258) - Mapping filter: 'metricsFilter' to: [/*]
2018-04-08 14:05:31.039 [localhost-startStop-1] INFO  o.s.b.w.s.FilterRegistrationBean.configure(258) - Mapping filter: 'characterEncodingFilter' to: [/*]
2018-04-08 14:05:31.039 [localhost-startStop-1] INFO  o.s.b.w.s.FilterRegistrationBean.configure(271) - Mapping filter: 'tokenFilter' to urls: [/v1/member/*]
2018-04-08 14:05:31.039 [localhost-startStop-1] INFO  o.s.b.w.s.FilterRegistrationBean.configure(258) - Mapping filter: 'webRequestLoggingFilter' to: [/*]
2018-04-08 14:05:31.039 [localhost-startStop-1] INFO  o.s.b.w.s.FilterRegistrationBean.configure(258) - Mapping filter: 'applicationContextIdFilter' to: [/*]
2018-04-08 14:05:31.040 [localhost-startStop-1] INFO  o.s.b.w.s.ServletRegistrationBean.onStartup(190) - Mapping servlet: 'dispatcherServlet' to [/]
2018-04-08 14:05:31.069 [localhost-startStop-1] DEBUG e.effect.common.filter.TokenFilter.init(208) - Initializing filter 'tokenFilter'
2018-04-08 14:05:31.071 [localhost-startStop-1] DEBUG e.effect.common.filter.TokenFilter.init(239) - Filter 'tokenFilter' configured successfully
2018-04-08 14:05:31.503 [main] INFO  o.s.w.s.m.m.a.RequestMappingHandlerMapping.register(543) - Mapped "{[/v1/member/{account}/categories],methods=[POST]}" onto public effect.effect.common.vo.ResponseVO effect.effect.web.controller.member.ArticleCategoryMemberController.addArticleCategory(java.lang.String,effect.effect.web.vo.ArticleCategoryAddVO,javax.servlet.http.HttpServletRequest)
2018-04-08 14:05:31.504 [main] INFO  o.s.w.s.m.m.a.RequestMappingHandlerMapping.register(543) - Mapped "{[/v1/member/{account}/categories/{id}],methods=[DELETE]}" onto public effect.effect.common.vo.ResponseVO effect.effect.web.controller.member.ArticleCategoryMemberController.deleteArticleCategory(java.lang.String,java.lang.String)
2018-04-08 14:05:31.504 [main] INFO  o.s.w.s.m.m.a.RequestMappingHandlerMapping.register(543) - Mapped "{[/v1/member/{account}/categories],methods=[PUT]}" onto public effect.effect.common.vo.ResponseVO effect.effect.web.controller.member.ArticleCategoryMemberController.updateArticleCategory(java.lang.String,effect.effect.web.vo.ArticleCategoryVO)
2018-04-08 14:05:31.505 [main] INFO  o.s.w.s.m.m.a.RequestMappingHandlerMapping.register(543) - Mapped "{[/v1/member/{account}/articles],methods=[POST]}" onto public effect.effect.common.vo.ResponseVO effect.effect.web.controller.member.ArticleMemberController.newArticle(java.lang.String,effect.effect.web.vo.ArticleAddVO,javax.servlet.http.HttpServletRequest)
2018-04-08 14:05:31.506 [main] INFO  o.s.w.s.m.m.a.RequestMappingHandlerMapping.register(543) - Mapped "{[/v1/member/{account}/articles/{id}],methods=[DELETE]}" onto public effect.effect.common.vo.ResponseVO effect.effect.web.controller.member.ArticleMemberController.deleteArticle(java.lang.String,java.lang.String)
2018-04-08 14:05:31.507 [main] INFO  o.s.w.s.m.m.a.RequestMappingHandlerMapping.register(543) - Mapped "{[/v1/member/{account}/articles],methods=[PUT]}" onto public effect.effect.common.vo.ResponseVO effect.effect.web.controller.member.ArticleMemberController.updateArticle(java.lang.String,effect.effect.web.vo.ArticleUpdateVO)
2018-04-08 14:05:31.507 [main] INFO  o.s.w.s.m.m.a.RequestMappingHandlerMapping.register(543) - Mapped "{[/v1/member/{account}/comments],methods=[POST]}" onto public effect.effect.common.vo.ResponseVO effect.effect.web.controller.member.CommentMemberController.commit(java.lang.String,effect.effect.web.vo.CommentAddVO,javax.servlet.http.HttpServletRequest)
2018-04-08 14:05:31.508 [main] INFO  o.s.w.s.m.m.a.RequestMappingHandlerMapping.register(543) - Mapped "{[/v1/member/{account}/replies],methods=[POST]}" onto public effect.effect.common.vo.ResponseVO effect.effect.web.controller.member.ReplyMemberController.addReply(java.lang.String,effect.effect.web.vo.ReplyAddVO,javax.servlet.http.HttpServletRequest)
2018-04-08 14:05:31.509 [main] INFO  o.s.w.s.m.m.a.RequestMappingHandlerMapping.register(543) - Mapped "{[/v1/member/users/resetPwd],methods=[POST]}" onto public effect.effect.common.vo.ResponseVO effect.effect.web.controller.member.UserMemberController.resetPassword(effect.effect.web.vo.ResetPasswordVO)
2018-04-08 14:05:31.510 [main] INFO  o.s.w.s.m.m.a.RequestMappingHandlerMapping.register(543) - Mapped "{[/v1/pub/{account}/categories],methods=[GET]}" onto public effect.effect.common.vo.ResponseVO effect.effect.web.controller.pub.ArticleCategoryPubController.getArticleCategoryByAccount(java.lang.String)
2018-04-08 14:05:31.511 [main] INFO  o.s.w.s.m.m.a.RequestMappingHandlerMapping.register(543) - Mapped "{[/v1/pub/{account}/articles/{id}],methods=[GET]}" onto public effect.effect.common.vo.ResponseVO effect.effect.web.controller.pub.ArticlepubController.detail(java.lang.String,java.lang.String)
2018-04-08 14:05:31.512 [main] INFO  o.s.w.s.m.m.a.RequestMappingHandlerMapping.register(543) - Mapped "{[/v1/pub/{account}/articles],methods=[GET]}" onto public effect.effect.common.vo.ResponseVO effect.effect.web.controller.pub.ArticlepubController.listArticle(java.lang.String,java.lang.Long,java.lang.Integer,java.lang.String)
2018-04-08 14:05:31.513 [main] INFO  o.s.w.s.m.m.a.RequestMappingHandlerMapping.register(543) - Mapped "{[/v1/pub/{account}/comments/{id}],methods=[GET]}" onto public effect.effect.common.vo.ResponseVO effect.effect.web.controller.pub.CommentPubController.showComments(java.lang.String,java.lang.String,java.lang.Long,java.lang.Integer) throws java.lang.InstantiationException,java.lang.IllegalAccessException,java.lang.NoSuchMethodException,java.lang.reflect.InvocationTargetException
2018-04-08 14:05:31.514 [main] INFO  o.s.w.s.m.m.a.RequestMappingHandlerMapping.register(543) - Mapped "{[/v1/pub/search.do],methods=[GET]}" onto public effect.effect.common.vo.ResponseVO effect.effect.web.controller.pub.CommonController.queryArticle(java.lang.String,java.lang.Long,java.lang.Integer)
2018-04-08 14:05:31.515 [main] INFO  o.s.w.s.m.m.a.RequestMappingHandlerMapping.register(543) - Mapped "{[/v1/pub/{account}/replies/{commentId}],methods=[GET]}" onto public effect.effect.common.vo.ResponseVO effect.effect.web.controller.pub.ReplyPubController.showReply(java.lang.String,java.lang.String,java.lang.Long,java.lang.Integer)
2018-04-08 14:05:31.516 [main] INFO  o.s.w.s.m.m.a.RequestMappingHandlerMapping.register(543) - Mapped "{[/v1/pub/users/register],methods=[POST]}" onto public effect.effect.common.vo.ResponseVO effect.effect.web.controller.pub.UserPubController.register(effect.effect.web.vo.RegisterVO)
2018-04-08 14:05:31.516 [main] INFO  o.s.w.s.m.m.a.RequestMappingHandlerMapping.register(543) - Mapped "{[/v1/pub/users/login],methods=[POST]}" onto public effect.effect.common.vo.ResponseVO effect.effect.web.controller.pub.UserPubController.signup(effect.effect.web.vo.LoginVO)
2018-04-08 14:05:31.520 [main] INFO  o.s.w.s.m.m.a.RequestMappingHandlerMapping.register(543) - Mapped "{[/swagger-resources/configuration/ui]}" onto public org.springframework.http.ResponseEntity<springfox.documentation.swagger.web.UiConfiguration> springfox.documentation.swagger.web.ApiResourceController.uiConfiguration()
2018-04-08 14:05:31.521 [main] INFO  o.s.w.s.m.m.a.RequestMappingHandlerMapping.register(543) - Mapped "{[/swagger-resources/configuration/security]}" onto public org.springframework.http.ResponseEntity<springfox.documentation.swagger.web.SecurityConfiguration> springfox.documentation.swagger.web.ApiResourceController.securityConfiguration()
2018-04-08 14:05:31.522 [main] INFO  o.s.w.s.m.m.a.RequestMappingHandlerMapping.register(543) - Mapped "{[/swagger-resources]}" onto public org.springframework.http.ResponseEntity<java.util.List<springfox.documentation.swagger.web.SwaggerResource>> springfox.documentation.swagger.web.ApiResourceController.swaggerResources()
2018-04-08 14:05:31.524 [main] INFO  o.s.w.s.m.m.a.RequestMappingHandlerMapping.register(543) - Mapped "{[/error]}" onto public org.springframework.http.ResponseEntity<java.util.Map<java.lang.String, java.lang.Object>> org.springframework.boot.autoconfigure.web.BasicErrorController.error(javax.servlet.http.HttpServletRequest)
2018-04-08 14:05:31.525 [main] INFO  o.s.w.s.m.m.a.RequestMappingHandlerMapping.register(543) - Mapped "{[/error],produces=[text/html]}" onto public org.springframework.web.servlet.ModelAndView org.springframework.boot.autoconfigure.web.BasicErrorController.errorHtml(javax.servlet.http.HttpServletRequest,javax.servlet.http.HttpServletResponse)
2018-04-08 14:05:31.825 [main] INFO  o.s.b.a.e.mvc.EndpointHandlerMapping.register(543) - Mapped "{[/info || /info.json],methods=[GET],produces=[application/vnd.spring-boot.actuator.v1+json || application/json]}" onto public java.lang.Object org.springframework.boot.actuate.endpoint.mvc.EndpointMvcAdapter.invoke()
2018-04-08 14:05:31.826 [main] INFO  o.s.b.a.e.mvc.EndpointHandlerMapping.register(543) - Mapped "{[/autoconfig || /autoconfig.json],methods=[GET],produces=[application/vnd.spring-boot.actuator.v1+json || application/json]}" onto public java.lang.Object org.springframework.boot.actuate.endpoint.mvc.EndpointMvcAdapter.invoke()
2018-04-08 14:05:31.827 [main] INFO  o.s.b.a.e.mvc.EndpointHandlerMapping.register(543) - Mapped "{[/heapdump || /heapdump.json],methods=[GET],produces=[application/octet-stream]}" onto public void org.springframework.boot.actuate.endpoint.mvc.HeapdumpMvcEndpoint.invoke(boolean,javax.servlet.http.HttpServletRequest,javax.servlet.http.HttpServletResponse) throws java.io.IOException,javax.servlet.ServletException
2018-04-08 14:05:31.830 [main] INFO  o.s.b.a.e.mvc.EndpointHandlerMapping.register(543) - Mapped "{[/loggers/{name:.*}],methods=[GET],produces=[application/vnd.spring-boot.actuator.v1+json || application/json]}" onto public java.lang.Object org.springframework.boot.actuate.endpoint.mvc.LoggersMvcEndpoint.get(java.lang.String)
2018-04-08 14:05:31.832 [main] INFO  o.s.b.a.e.mvc.EndpointHandlerMapping.register(543) - Mapped "{[/loggers/{name:.*}],methods=[POST],consumes=[application/vnd.spring-boot.actuator.v1+json || application/json],produces=[application/vnd.spring-boot.actuator.v1+json || application/json]}" onto public java.lang.Object org.springframework.boot.actuate.endpoint.mvc.LoggersMvcEndpoint.set(java.lang.String,java.util.Map<java.lang.String, java.lang.String>)
2018-04-08 14:05:31.833 [main] INFO  o.s.b.a.e.mvc.EndpointHandlerMapping.register(543) - Mapped "{[/loggers || /loggers.json],methods=[GET],produces=[application/vnd.spring-boot.actuator.v1+json || application/json]}" onto public java.lang.Object org.springframework.boot.actuate.endpoint.mvc.EndpointMvcAdapter.invoke()
2018-04-08 14:05:31.835 [main] INFO  o.s.b.a.e.mvc.EndpointHandlerMapping.register(543) - Mapped "{[/dump || /dump.json],methods=[GET],produces=[application/vnd.spring-boot.actuator.v1+json || application/json]}" onto public java.lang.Object org.springframework.boot.actuate.endpoint.mvc.EndpointMvcAdapter.invoke()
2018-04-08 14:05:31.836 [main] INFO  o.s.b.a.e.mvc.EndpointHandlerMapping.register(543) - Mapped "{[/mappings || /mappings.json],methods=[GET],produces=[application/vnd.spring-boot.actuator.v1+json || application/json]}" onto public java.lang.Object org.springframework.boot.actuate.endpoint.mvc.EndpointMvcAdapter.invoke()
2018-04-08 14:05:31.838 [main] INFO  o.s.b.a.e.mvc.EndpointHandlerMapping.register(543) - Mapped "{[/trace || /trace.json],methods=[GET],produces=[application/vnd.spring-boot.actuator.v1+json || application/json]}" onto public java.lang.Object org.springframework.boot.actuate.endpoint.mvc.EndpointMvcAdapter.invoke()
2018-04-08 14:05:31.840 [main] INFO  o.s.b.a.e.mvc.EndpointHandlerMapping.register(543) - Mapped "{[/env/{name:.*}],methods=[GET],produces=[application/vnd.spring-boot.actuator.v1+json || application/json]}" onto public java.lang.Object org.springframework.boot.actuate.endpoint.mvc.EnvironmentMvcEndpoint.value(java.lang.String)
2018-04-08 14:05:31.841 [main] INFO  o.s.b.a.e.mvc.EndpointHandlerMapping.register(543) - Mapped "{[/env || /env.json],methods=[GET],produces=[application/vnd.spring-boot.actuator.v1+json || application/json]}" onto public java.lang.Object org.springframework.boot.actuate.endpoint.mvc.EndpointMvcAdapter.invoke()
2018-04-08 14:05:31.841 [main] INFO  o.s.b.a.e.mvc.EndpointHandlerMapping.register(543) - Mapped "{[/configprops || /configprops.json],methods=[GET],produces=[application/vnd.spring-boot.actuator.v1+json || application/json]}" onto public java.lang.Object org.springframework.boot.actuate.endpoint.mvc.EndpointMvcAdapter.invoke()
2018-04-08 14:05:31.842 [main] INFO  o.s.b.a.e.mvc.EndpointHandlerMapping.register(543) - Mapped "{[/auditevents || /auditevents.json],methods=[GET],produces=[application/vnd.spring-boot.actuator.v1+json || application/json]}" onto public org.springframework.http.ResponseEntity<?> org.springframework.boot.actuate.endpoint.mvc.AuditEventsMvcEndpoint.findByPrincipalAndAfterAndType(java.lang.String,java.util.Date,java.lang.String)
2018-04-08 14:05:31.843 [main] INFO  o.s.b.a.e.mvc.EndpointHandlerMapping.register(543) - Mapped "{[/beans || /beans.json],methods=[GET],produces=[application/vnd.spring-boot.actuator.v1+json || application/json]}" onto public java.lang.Object org.springframework.boot.actuate.endpoint.mvc.EndpointMvcAdapter.invoke()
2018-04-08 14:05:31.843 [main] INFO  o.s.b.a.e.mvc.EndpointHandlerMapping.register(543) - Mapped "{[/metrics/{name:.*}],methods=[GET],produces=[application/vnd.spring-boot.actuator.v1+json || application/json]}" onto public java.lang.Object org.springframework.boot.actuate.endpoint.mvc.MetricsMvcEndpoint.value(java.lang.String)
2018-04-08 14:05:31.844 [main] INFO  o.s.b.a.e.mvc.EndpointHandlerMapping.register(543) - Mapped "{[/metrics || /metrics.json],methods=[GET],produces=[application/vnd.spring-boot.actuator.v1+json || application/json]}" onto public java.lang.Object org.springframework.boot.actuate.endpoint.mvc.EndpointMvcAdapter.invoke()
2018-04-08 14:05:31.845 [main] INFO  o.s.b.a.e.mvc.EndpointHandlerMapping.register(543) - Mapped "{[/prometheus || /prometheus.json],methods=[GET],produces=[*/*]}" onto public org.springframework.http.ResponseEntity io.prometheus.client.spring.boot.PrometheusMvcEndpoint.value(java.util.Set<java.lang.String>)
2018-04-08 14:05:31.845 [main] INFO  o.s.b.a.e.mvc.EndpointHandlerMapping.register(543) - Mapped "{[/prometheus || /prometheus.json],methods=[GET],produces=[application/vnd.spring-boot.actuator.v1+json || application/json]}" onto public java.lang.Object org.springframework.boot.actuate.endpoint.mvc.EndpointMvcAdapter.invoke()
2018-04-08 14:05:31.846 [main] INFO  o.s.b.a.e.mvc.EndpointHandlerMapping.register(543) - Mapped "{[/health || /health.json],methods=[GET],produces=[application/vnd.spring-boot.actuator.v1+json || application/json]}" onto public java.lang.Object org.springframework.boot.actuate.endpoint.mvc.HealthMvcEndpoint.invoke(javax.servlet.http.HttpServletRequest,java.security.Principal)
2018-04-08 14:05:32.008 [main] INFO  o.s.w.s.h.SimpleUrlHandlerMapping.registerHandler(362) - Mapped URL path [/**] onto handler of type [class org.springframework.web.servlet.resource.ResourceHttpRequestHandler]
2018-04-08 14:05:32.008 [main] INFO  o.s.w.s.h.SimpleUrlHandlerMapping.registerHandler(362) - Mapped URL path [/swagger-ui.html] onto handler of type [class org.springframework.web.servlet.resource.ResourceHttpRequestHandler]
2018-04-08 14:05:32.008 [main] INFO  o.s.w.s.h.SimpleUrlHandlerMapping.registerHandler(362) - Mapped URL path [/webjars/**] onto handler of type [class org.springframework.web.servlet.resource.ResourceHttpRequestHandler]
2018-04-08 14:05:32.011 [main] INFO  o.s.w.s.h.SimpleUrlHandlerMapping.registerHandler(362) - Mapped URL path [/**] onto handler of type [class org.springframework.web.servlet.resource.DefaultServletHttpRequestHandler]
2018-04-08 14:05:32.051 [main] INFO  o.s.w.s.m.m.a.RequestMappingHandlerAdapter.initControllerAdviceCache(534) - Looking for @ControllerAdvice: org.springframework.boot.context.embedded.AnnotationConfigEmbeddedWebApplicationContext@68e5eea7: startup date [Sun Apr 08 14:05:26 CST 2018]; root of context hierarchy
2018-04-08 14:05:32.099 [main] INFO  o.s.w.s.m.m.a.ExceptionHandlerExceptionResolver.initExceptionHandlerAdviceCache(273) - Detected @ExceptionHandler methods in globalExceptionHandler
2018-04-08 14:05:32.517 [main] INFO  o.s.j.e.a.AnnotationMBeanExporter.afterSingletonsInstantiated(431) - Registering beans for JMX exposure on startup
2018-04-08 14:05:32.522 [main] INFO  o.s.j.e.a.AnnotationMBeanExporter.autodetect(916) - Bean with name 'dataSource' has been autodetected for JMX exposure
2018-04-08 14:05:32.528 [main] INFO  o.s.j.e.a.AnnotationMBeanExporter.registerBeanInstance(671) - Located MBean 'dataSource': registering with JMX server as MBean [com.alibaba.druid.pool:name=dataSource,type=DruidDataSource]
2018-04-08 14:05:32.529 [main] INFO  o.s.b.a.e.jmx.EndpointMBeanExporter.afterSingletonsInstantiated(431) - Registering beans for JMX exposure on startup
2018-04-08 14:05:32.534 [main] INFO  o.s.c.s.DefaultLifecycleProcessor.start(343) - Starting beans in phase 0
2018-04-08 14:05:32.537 [main] INFO  o.s.b.a.e.jmx.EndpointMBeanExporter.registerBeanInstance(678) - Located managed bean 'auditEventsEndpoint': registering with JMX server as MBean [org.springframework.boot:type=Endpoint,name=auditEventsEndpoint]
2018-04-08 14:05:32.553 [main] INFO  o.s.b.a.e.jmx.EndpointMBeanExporter.registerBeanInstance(678) - Located managed bean 'prometheusEndpoint': registering with JMX server as MBean [org.springframework.boot:type=Endpoint,name=prometheusEndpoint]
2018-04-08 14:05:32.559 [main] INFO  o.s.b.a.e.jmx.EndpointMBeanExporter.registerBeanInstance(678) - Located managed bean 'requestMappingEndpoint': registering with JMX server as MBean [org.springframework.boot:type=Endpoint,name=requestMappingEndpoint]
2018-04-08 14:05:32.562 [main] INFO  o.s.b.a.e.jmx.EndpointMBeanExporter.registerBeanInstance(678) - Located managed bean 'environmentEndpoint': registering with JMX server as MBean [org.springframework.boot:type=Endpoint,name=environmentEndpoint]
2018-04-08 14:05:32.564 [main] INFO  o.s.b.a.e.jmx.EndpointMBeanExporter.registerBeanInstance(678) - Located managed bean 'healthEndpoint': registering with JMX server as MBean [org.springframework.boot:type=Endpoint,name=healthEndpoint]
2018-04-08 14:05:32.566 [main] INFO  o.s.b.a.e.jmx.EndpointMBeanExporter.registerBeanInstance(678) - Located managed bean 'beansEndpoint': registering with JMX server as MBean [org.springframework.boot:type=Endpoint,name=beansEndpoint]
2018-04-08 14:05:32.568 [main] INFO  o.s.b.a.e.jmx.EndpointMBeanExporter.registerBeanInstance(678) - Located managed bean 'infoEndpoint': registering with JMX server as MBean [org.springframework.boot:type=Endpoint,name=infoEndpoint]
2018-04-08 14:05:32.570 [main] INFO  o.s.b.a.e.jmx.EndpointMBeanExporter.registerBeanInstance(678) - Located managed bean 'loggersEndpoint': registering with JMX server as MBean [org.springframework.boot:type=Endpoint,name=loggersEndpoint]
2018-04-08 14:05:32.574 [main] INFO  o.s.b.a.e.jmx.EndpointMBeanExporter.registerBeanInstance(678) - Located managed bean 'metricsEndpoint': registering with JMX server as MBean [org.springframework.boot:type=Endpoint,name=metricsEndpoint]
2018-04-08 14:05:32.575 [main] INFO  o.s.b.a.e.jmx.EndpointMBeanExporter.registerBeanInstance(678) - Located managed bean 'traceEndpoint': registering with JMX server as MBean [org.springframework.boot:type=Endpoint,name=traceEndpoint]
2018-04-08 14:05:32.577 [main] INFO  o.s.b.a.e.jmx.EndpointMBeanExporter.registerBeanInstance(678) - Located managed bean 'dumpEndpoint': registering with JMX server as MBean [org.springframework.boot:type=Endpoint,name=dumpEndpoint]
2018-04-08 14:05:32.579 [main] INFO  o.s.b.a.e.jmx.EndpointMBeanExporter.registerBeanInstance(678) - Located managed bean 'autoConfigurationReportEndpoint': registering with JMX server as MBean [org.springframework.boot:type=Endpoint,name=autoConfigurationReportEndpoint]
2018-04-08 14:05:32.580 [main] INFO  o.s.b.a.e.jmx.EndpointMBeanExporter.registerBeanInstance(678) - Located managed bean 'configurationPropertiesReportEndpoint': registering with JMX server as MBean [org.springframework.boot:type=Endpoint,name=configurationPropertiesReportEndpoint]
2018-04-08 14:05:32.581 [main] INFO  o.s.c.s.DefaultLifecycleProcessor.start(343) - Starting beans in phase 2147483647
2018-04-08 14:05:32.878 [main] ERROR o.a.coyote.http11.Http11NioProtocol.log(181) - Failed to start end point associated with ProtocolHandler ["http-nio-8080"]
java.net.BindException: Address already in use
	at sun.nio.ch.Net.bind0(Native Method)
	at sun.nio.ch.Net.bind(Net.java:433)
	at sun.nio.ch.Net.bind(Net.java:425)
	at sun.nio.ch.ServerSocketChannelImpl.bind(ServerSocketChannelImpl.java:223)
	at sun.nio.ch.ServerSocketAdaptor.bind(ServerSocketAdaptor.java:74)
	at org.apache.tomcat.util.net.NioEndpoint.bind(NioEndpoint.java:210)
	at org.apache.tomcat.util.net.AbstractEndpoint.start(AbstractEndpoint.java:990)
	at org.apache.coyote.AbstractProtocol.start(AbstractProtocol.java:635)
	at org.apache.catalina.connector.Connector.startInternal(Connector.java:1022)
	at org.apache.catalina.util.LifecycleBase.start(LifecycleBase.java:150)
	at org.apache.catalina.core.StandardService.addConnector(StandardService.java:225)
	at org.springframework.boot.context.embedded.tomcat.TomcatEmbeddedServletContainer.addPreviouslyRemovedConnectors(TomcatEmbeddedServletContainer.java:250)
	at org.springframework.boot.context.embedded.tomcat.TomcatEmbeddedServletContainer.start(TomcatEmbeddedServletContainer.java:193)
	at org.springframework.boot.context.embedded.EmbeddedWebApplicationContext.startEmbeddedServletContainer(EmbeddedWebApplicationContext.java:297)
	at org.springframework.boot.context.embedded.EmbeddedWebApplicationContext.finishRefresh(EmbeddedWebApplicationContext.java:145)
	at org.springframework.context.support.AbstractApplicationContext.refresh(AbstractApplicationContext.java:546)
	at org.springframework.boot.context.embedded.EmbeddedWebApplicationContext.refresh(EmbeddedWebApplicationContext.java:122)
	at org.springframework.boot.SpringApplication.refresh(SpringApplication.java:693)
	at org.springframework.boot.SpringApplication.refreshContext(SpringApplication.java:360)
	at org.springframework.boot.SpringApplication.run(SpringApplication.java:303)
	at org.springframework.boot.SpringApplication.run(SpringApplication.java:1118)
	at org.springframework.boot.SpringApplication.run(SpringApplication.java:1107)
	at effect.effect.EffectApplication.main(EffectApplication.java:23)
2018-04-08 14:05:32.878 [main] ERROR o.a.catalina.core.StandardService.log(181) - Failed to start connector [Connector[HTTP/1.1-8080]]
org.apache.catalina.LifecycleException: Failed to start component [Connector[HTTP/1.1-8080]]
	at org.apache.catalina.util.LifecycleBase.start(LifecycleBase.java:167)
	at org.apache.catalina.core.StandardService.addConnector(StandardService.java:225)
	at org.springframework.boot.context.embedded.tomcat.TomcatEmbeddedServletContainer.addPreviouslyRemovedConnectors(TomcatEmbeddedServletContainer.java:250)
	at org.springframework.boot.context.embedded.tomcat.TomcatEmbeddedServletContainer.start(TomcatEmbeddedServletContainer.java:193)
	at org.springframework.boot.context.embedded.EmbeddedWebApplicationContext.startEmbeddedServletContainer(EmbeddedWebApplicationContext.java:297)
	at org.springframework.boot.context.embedded.EmbeddedWebApplicationContext.finishRefresh(EmbeddedWebApplicationContext.java:145)
	at org.springframework.context.support.AbstractApplicationContext.refresh(AbstractApplicationContext.java:546)
	at org.springframework.boot.context.embedded.EmbeddedWebApplicationContext.refresh(EmbeddedWebApplicationContext.java:122)
	at org.springframework.boot.SpringApplication.refresh(SpringApplication.java:693)
	at org.springframework.boot.SpringApplication.refreshContext(SpringApplication.java:360)
	at org.springframework.boot.SpringApplication.run(SpringApplication.java:303)
	at org.springframework.boot.SpringApplication.run(SpringApplication.java:1118)
	at org.springframework.boot.SpringApplication.run(SpringApplication.java:1107)
	at effect.effect.EffectApplication.main(EffectApplication.java:23)
Caused by: org.apache.catalina.LifecycleException: service.getName(): "Tomcat";  Protocol handler start failed
	at org.apache.catalina.connector.Connector.startInternal(Connector.java:1031)
	at org.apache.catalina.util.LifecycleBase.start(LifecycleBase.java:150)
	... 13 common frames omitted
Caused by: java.net.BindException: Address already in use
	at sun.nio.ch.Net.bind0(Native Method)
	at sun.nio.ch.Net.bind(Net.java:433)
	at sun.nio.ch.Net.bind(Net.java:425)
	at sun.nio.ch.ServerSocketChannelImpl.bind(ServerSocketChannelImpl.java:223)
	at sun.nio.ch.ServerSocketAdaptor.bind(ServerSocketAdaptor.java:74)
	at org.apache.tomcat.util.net.NioEndpoint.bind(NioEndpoint.java:210)
	at org.apache.tomcat.util.net.AbstractEndpoint.start(AbstractEndpoint.java:990)
	at org.apache.coyote.AbstractProtocol.start(AbstractProtocol.java:635)
	at org.apache.catalina.connector.Connector.startInternal(Connector.java:1022)
	... 14 common frames omitted
2018-04-08 14:05:32.889 [localhost-startStop-1] WARN  o.a.c.loader.WebappClassLoaderBase.log(179) - The web application [ROOT] appears to have started a thread named [Abandoned connection cleanup thread] but has failed to stop it. This is very likely to create a memory leak. Stack trace of thread:
 java.lang.Object.wait(Native Method)
 java.lang.ref.ReferenceQueue.remove(ReferenceQueue.java:143)
 com.mysql.cj.jdbc.AbandonedConnectionCleanupThread.run(AbandonedConnectionCleanupThread.java:43)
2018-04-08 14:05:32.890 [localhost-startStop-1] WARN  o.a.c.loader.WebappClassLoaderBase.log(179) - The web application [ROOT] appears to have started a thread named [Druid-ConnectionPool-Create-450519578] but has failed to stop it. This is very likely to create a memory leak. Stack trace of thread:
 sun.misc.Unsafe.park(Native Method)
 java.util.concurrent.locks.LockSupport.park(LockSupport.java:175)
 java.util.concurrent.locks.AbstractQueuedSynchronizer$ConditionObject.await(AbstractQueuedSynchronizer.java:2039)
 com.alibaba.druid.pool.DruidDataSource$CreateConnectionThread.run(DruidDataSource.java:2308)
2018-04-08 14:05:32.890 [localhost-startStop-1] WARN  o.a.c.loader.WebappClassLoaderBase.log(179) - The web application [ROOT] appears to have started a thread named [Druid-ConnectionPool-Destroy-450519578] but has failed to stop it. This is very likely to create a memory leak. Stack trace of thread:
 java.lang.Thread.sleep(Native Method)
 com.alibaba.druid.pool.DruidDataSource$DestroyConnectionThread.run(DruidDataSource.java:2405)
2018-04-08 14:05:32.905 [main] INFO  o.s.b.a.l.AutoConfigurationReportLoggingInitializer.logAutoConfigurationReport(101) - 

Error starting ApplicationContext. To display the auto-configuration report re-run your application with 'debug' enabled.
2018-04-08 14:05:32.909 [main] ERROR o.s.b.d.LoggingFailureAnalysisReporter.report(42) - 

***************************
APPLICATION FAILED TO START
***************************

Description:

The Tomcat connector configured to listen on port 8080 failed to start. The port may already be in use or the connector may be misconfigured.

Action:

Verify the connector's configuration, identify and stop any process that's listening on port 8080, or configure this application to listen on another port.

2018-04-08 14:05:32.909 [main] INFO  o.s.b.c.e.AnnotationConfigEmbeddedWebApplicationContext.doClose(984) - Closing org.springframework.boot.context.embedded.AnnotationConfigEmbeddedWebApplicationContext@68e5eea7: startup date [Sun Apr 08 14:05:26 CST 2018]; root of context hierarchy
2018-04-08 14:05:32.911 [main] INFO  o.s.c.s.DefaultLifecycleProcessor.stop(358) - Stopping beans in phase 2147483647
2018-04-08 14:05:32.912 [main] INFO  o.s.c.s.DefaultLifecycleProcessor.stop(358) - Stopping beans in phase 0
2018-04-08 14:05:32.912 [main] INFO  o.s.b.a.e.jmx.EndpointMBeanExporter.destroy(449) - Unregistering JMX-exposed beans on shutdown
2018-04-08 14:05:32.912 [main] INFO  o.s.b.a.e.jmx.EndpointMBeanExporter.unregisterBeans(241) - Unregistering JMX-exposed beans
2018-04-08 14:05:32.913 [main] INFO  o.s.j.e.a.AnnotationMBeanExporter.destroy(449) - Unregistering JMX-exposed beans on shutdown
2018-04-08 14:05:32.913 [main] INFO  o.s.j.e.a.AnnotationMBeanExporter.unregisterBeans(241) - Unregistering JMX-exposed beans
2018-04-08 14:05:32.915 [main] INFO  o.s.o.j.LocalContainerEntityManagerFactoryBean.destroy(563) - Closing JPA EntityManagerFactory for persistence unit 'default'
2018-04-08 14:05:54.548 [main] INFO  effect.effect.EffectApplication.logStarting(48) - Starting EffectApplication on Feilongs-MacBook-Pro.local with PID 17099 (/Users/feilongchen/source/myWorkspace/effect-backend/target/classes started by feilongchen in /Users/feilongchen/source/myWorkspace/effect-backend)
2018-04-08 14:05:54.552 [main] DEBUG effect.effect.EffectApplication.logStarting(51) - Running with Spring Boot v1.5.9.RELEASE, Spring v4.3.13.RELEASE
2018-04-08 14:05:54.552 [main] INFO  effect.effect.EffectApplication.logStartupProfileInfo(597) - The following profiles are active: dev
2018-04-08 14:05:54.631 [main] INFO  o.s.b.c.e.AnnotationConfigEmbeddedWebApplicationContext.prepareRefresh(583) - Refreshing org.springframework.boot.context.embedded.AnnotationConfigEmbeddedWebApplicationContext@68e5eea7: startup date [Sun Apr 08 14:05:54 CST 2018]; root of context hierarchy
2018-04-08 14:05:56.898 [main] INFO  o.s.c.s.PostProcessorRegistrationDelegate$BeanPostProcessorChecker.postProcessAfterInitialization(327) - Bean 'org.springframework.transaction.annotation.ProxyTransactionManagementConfiguration' of type [org.springframework.transaction.annotation.ProxyTransactionManagementConfiguration$$EnhancerBySpringCGLIB$$f0d8907a] is not eligible for getting processed by all BeanPostProcessors (for example: not eligible for auto-proxying)
2018-04-08 14:05:57.296 [main] INFO  o.s.b.c.e.t.TomcatEmbeddedServletContainer.initialize(89) - Tomcat initialized with port(s): 8088 (http)
2018-04-08 14:05:57.380 [localhost-startStop-1] INFO  o.s.web.context.ContextLoader.prepareEmbeddedWebApplicationContext(276) - Root WebApplicationContext: initialization completed in 2749 ms
2018-04-08 14:05:57.716 [localhost-startStop-1] INFO  o.s.o.j.LocalContainerEntityManagerFactoryBean.createNativeEntityManagerFactory(356) - Building JPA container EntityManagerFactory for persistence unit 'default'
2018-04-08 14:05:58.662 [localhost-startStop-1] INFO  o.s.o.j.LocalContainerEntityManagerFactoryBean.buildNativeEntityManagerFactory(392) - Initialized JPA EntityManagerFactory for persistence unit 'default'
2018-04-08 14:05:58.987 [localhost-startStop-1] INFO  o.s.b.w.s.FilterRegistrationBean.configure(258) - Mapping filter: 'corsFilter' to: [/*]
2018-04-08 14:05:58.987 [localhost-startStop-1] INFO  o.s.b.w.s.FilterRegistrationBean.configure(258) - Mapping filter: 'metricsFilter' to: [/*]
2018-04-08 14:05:58.987 [localhost-startStop-1] INFO  o.s.b.w.s.FilterRegistrationBean.configure(258) - Mapping filter: 'characterEncodingFilter' to: [/*]
2018-04-08 14:05:58.988 [localhost-startStop-1] INFO  o.s.b.w.s.FilterRegistrationBean.configure(271) - Mapping filter: 'tokenFilter' to urls: [/v1/member/*]
2018-04-08 14:05:58.988 [localhost-startStop-1] INFO  o.s.b.w.s.FilterRegistrationBean.configure(258) - Mapping filter: 'webRequestLoggingFilter' to: [/*]
2018-04-08 14:05:58.988 [localhost-startStop-1] INFO  o.s.b.w.s.FilterRegistrationBean.configure(258) - Mapping filter: 'applicationContextIdFilter' to: [/*]
2018-04-08 14:05:58.988 [localhost-startStop-1] INFO  o.s.b.w.s.ServletRegistrationBean.onStartup(190) - Mapping servlet: 'dispatcherServlet' to [/]
2018-04-08 14:05:59.000 [localhost-startStop-1] DEBUG e.effect.common.filter.TokenFilter.init(208) - Initializing filter 'tokenFilter'
2018-04-08 14:05:59.001 [localhost-startStop-1] DEBUG e.effect.common.filter.TokenFilter.init(239) - Filter 'tokenFilter' configured successfully
2018-04-08 14:05:59.381 [main] INFO  o.s.w.s.m.m.a.RequestMappingHandlerMapping.register(543) - Mapped "{[/v1/member/{account}/categories],methods=[POST]}" onto public effect.effect.common.vo.ResponseVO effect.effect.web.controller.member.ArticleCategoryMemberController.addArticleCategory(java.lang.String,effect.effect.web.vo.ArticleCategoryAddVO,javax.servlet.http.HttpServletRequest)
2018-04-08 14:05:59.382 [main] INFO  o.s.w.s.m.m.a.RequestMappingHandlerMapping.register(543) - Mapped "{[/v1/member/{account}/categories/{id}],methods=[DELETE]}" onto public effect.effect.common.vo.ResponseVO effect.effect.web.controller.member.ArticleCategoryMemberController.deleteArticleCategory(java.lang.String,java.lang.String)
2018-04-08 14:05:59.382 [main] INFO  o.s.w.s.m.m.a.RequestMappingHandlerMapping.register(543) - Mapped "{[/v1/member/{account}/categories],methods=[PUT]}" onto public effect.effect.common.vo.ResponseVO effect.effect.web.controller.member.ArticleCategoryMemberController.updateArticleCategory(java.lang.String,effect.effect.web.vo.ArticleCategoryVO)
2018-04-08 14:05:59.383 [main] INFO  o.s.w.s.m.m.a.RequestMappingHandlerMapping.register(543) - Mapped "{[/v1/member/{account}/articles],methods=[POST]}" onto public effect.effect.common.vo.ResponseVO effect.effect.web.controller.member.ArticleMemberController.newArticle(java.lang.String,effect.effect.web.vo.ArticleAddVO,javax.servlet.http.HttpServletRequest)
2018-04-08 14:05:59.384 [main] INFO  o.s.w.s.m.m.a.RequestMappingHandlerMapping.register(543) - Mapped "{[/v1/member/{account}/articles/{id}],methods=[DELETE]}" onto public effect.effect.common.vo.ResponseVO effect.effect.web.controller.member.ArticleMemberController.deleteArticle(java.lang.String,java.lang.String)
2018-04-08 14:05:59.384 [main] INFO  o.s.w.s.m.m.a.RequestMappingHandlerMapping.register(543) - Mapped "{[/v1/member/{account}/articles],methods=[PUT]}" onto public effect.effect.common.vo.ResponseVO effect.effect.web.controller.member.ArticleMemberController.updateArticle(java.lang.String,effect.effect.web.vo.ArticleUpdateVO)
2018-04-08 14:05:59.385 [main] INFO  o.s.w.s.m.m.a.RequestMappingHandlerMapping.register(543) - Mapped "{[/v1/member/{account}/comments],methods=[POST]}" onto public effect.effect.common.vo.ResponseVO effect.effect.web.controller.member.CommentMemberController.commit(java.lang.String,effect.effect.web.vo.CommentAddVO,javax.servlet.http.HttpServletRequest)
2018-04-08 14:05:59.386 [main] INFO  o.s.w.s.m.m.a.RequestMappingHandlerMapping.register(543) - Mapped "{[/v1/member/{account}/replies],methods=[POST]}" onto public effect.effect.common.vo.ResponseVO effect.effect.web.controller.member.ReplyMemberController.addReply(java.lang.String,effect.effect.web.vo.ReplyAddVO,javax.servlet.http.HttpServletRequest)
2018-04-08 14:05:59.386 [main] INFO  o.s.w.s.m.m.a.RequestMappingHandlerMapping.register(543) - Mapped "{[/v1/member/users/resetPwd],methods=[POST]}" onto public effect.effect.common.vo.ResponseVO effect.effect.web.controller.member.UserMemberController.resetPassword(effect.effect.web.vo.ResetPasswordVO)
2018-04-08 14:05:59.388 [main] INFO  o.s.w.s.m.m.a.RequestMappingHandlerMapping.register(543) - Mapped "{[/v1/pub/{account}/categories],methods=[GET]}" onto public effect.effect.common.vo.ResponseVO effect.effect.web.controller.pub.ArticleCategoryPubController.getArticleCategoryByAccount(java.lang.String)
2018-04-08 14:05:59.388 [main] INFO  o.s.w.s.m.m.a.RequestMappingHandlerMapping.register(543) - Mapped "{[/v1/pub/{account}/articles/{id}],methods=[GET]}" onto public effect.effect.common.vo.ResponseVO effect.effect.web.controller.pub.ArticlepubController.detail(java.lang.String,java.lang.String)
2018-04-08 14:05:59.389 [main] INFO  o.s.w.s.m.m.a.RequestMappingHandlerMapping.register(543) - Mapped "{[/v1/pub/{account}/articles],methods=[GET]}" onto public effect.effect.common.vo.ResponseVO effect.effect.web.controller.pub.ArticlepubController.listArticle(java.lang.String,java.lang.Long,java.lang.Integer,java.lang.String)
2018-04-08 14:05:59.390 [main] INFO  o.s.w.s.m.m.a.RequestMappingHandlerMapping.register(543) - Mapped "{[/v1/pub/{account}/comments/{id}],methods=[GET]}" onto public effect.effect.common.vo.ResponseVO effect.effect.web.controller.pub.CommentPubController.showComments(java.lang.String,java.lang.String,java.lang.Long,java.lang.Integer) throws java.lang.InstantiationException,java.lang.IllegalAccessException,java.lang.NoSuchMethodException,java.lang.reflect.InvocationTargetException
2018-04-08 14:05:59.391 [main] INFO  o.s.w.s.m.m.a.RequestMappingHandlerMapping.register(543) - Mapped "{[/v1/pub/search.do],methods=[GET]}" onto public effect.effect.common.vo.ResponseVO effect.effect.web.controller.pub.CommonController.queryArticle(java.lang.String,java.lang.Long,java.lang.Integer)
2018-04-08 14:05:59.392 [main] INFO  o.s.w.s.m.m.a.RequestMappingHandlerMapping.register(543) - Mapped "{[/v1/pub/{account}/replies/{commentId}],methods=[GET]}" onto public effect.effect.common.vo.ResponseVO effect.effect.web.controller.pub.ReplyPubController.showReply(java.lang.String,java.lang.String,java.lang.Long,java.lang.Integer)
2018-04-08 14:05:59.393 [main] INFO  o.s.w.s.m.m.a.RequestMappingHandlerMapping.register(543) - Mapped "{[/v1/pub/users/register],methods=[POST]}" onto public effect.effect.common.vo.ResponseVO effect.effect.web.controller.pub.UserPubController.register(effect.effect.web.vo.RegisterVO)
2018-04-08 14:05:59.393 [main] INFO  o.s.w.s.m.m.a.RequestMappingHandlerMapping.register(543) - Mapped "{[/v1/pub/users/login],methods=[POST]}" onto public effect.effect.common.vo.ResponseVO effect.effect.web.controller.pub.UserPubController.signup(effect.effect.web.vo.LoginVO)
2018-04-08 14:05:59.396 [main] INFO  o.s.w.s.m.m.a.RequestMappingHandlerMapping.register(543) - Mapped "{[/swagger-resources/configuration/ui]}" onto public org.springframework.http.ResponseEntity<springfox.documentation.swagger.web.UiConfiguration> springfox.documentation.swagger.web.ApiResourceController.uiConfiguration()
2018-04-08 14:05:59.397 [main] INFO  o.s.w.s.m.m.a.RequestMappingHandlerMapping.register(543) - Mapped "{[/swagger-resources/configuration/security]}" onto public org.springframework.http.ResponseEntity<springfox.documentation.swagger.web.SecurityConfiguration> springfox.documentation.swagger.web.ApiResourceController.securityConfiguration()
2018-04-08 14:05:59.398 [main] INFO  o.s.w.s.m.m.a.RequestMappingHandlerMapping.register(543) - Mapped "{[/swagger-resources]}" onto public org.springframework.http.ResponseEntity<java.util.List<springfox.documentation.swagger.web.SwaggerResource>> springfox.documentation.swagger.web.ApiResourceController.swaggerResources()
2018-04-08 14:05:59.400 [main] INFO  o.s.w.s.m.m.a.RequestMappingHandlerMapping.register(543) - Mapped "{[/error]}" onto public org.springframework.http.ResponseEntity<java.util.Map<java.lang.String, java.lang.Object>> org.springframework.boot.autoconfigure.web.BasicErrorController.error(javax.servlet.http.HttpServletRequest)
2018-04-08 14:05:59.400 [main] INFO  o.s.w.s.m.m.a.RequestMappingHandlerMapping.register(543) - Mapped "{[/error],produces=[text/html]}" onto public org.springframework.web.servlet.ModelAndView org.springframework.boot.autoconfigure.web.BasicErrorController.errorHtml(javax.servlet.http.HttpServletRequest,javax.servlet.http.HttpServletResponse)
2018-04-08 14:05:59.780 [main] INFO  o.s.b.a.e.mvc.EndpointHandlerMapping.register(543) - Mapped "{[/info || /info.json],methods=[GET],produces=[application/vnd.spring-boot.actuator.v1+json || application/json]}" onto public java.lang.Object org.springframework.boot.actuate.endpoint.mvc.EndpointMvcAdapter.invoke()
2018-04-08 14:05:59.780 [main] INFO  o.s.b.a.e.mvc.EndpointHandlerMapping.register(543) - Mapped "{[/env/{name:.*}],methods=[GET],produces=[application/vnd.spring-boot.actuator.v1+json || application/json]}" onto public java.lang.Object org.springframework.boot.actuate.endpoint.mvc.EnvironmentMvcEndpoint.value(java.lang.String)
2018-04-08 14:05:59.781 [main] INFO  o.s.b.a.e.mvc.EndpointHandlerMapping.register(543) - Mapped "{[/env || /env.json],methods=[GET],produces=[application/vnd.spring-boot.actuator.v1+json || application/json]}" onto public java.lang.Object org.springframework.boot.actuate.endpoint.mvc.EndpointMvcAdapter.invoke()
2018-04-08 14:05:59.781 [main] INFO  o.s.b.a.e.mvc.EndpointHandlerMapping.register(543) - Mapped "{[/health || /health.json],methods=[GET],produces=[application/vnd.spring-boot.actuator.v1+json || application/json]}" onto public java.lang.Object org.springframework.boot.actuate.endpoint.mvc.HealthMvcEndpoint.invoke(javax.servlet.http.HttpServletRequest,java.security.Principal)
2018-04-08 14:05:59.782 [main] INFO  o.s.b.a.e.mvc.EndpointHandlerMapping.register(543) - Mapped "{[/loggers/{name:.*}],methods=[GET],produces=[application/vnd.spring-boot.actuator.v1+json || application/json]}" onto public java.lang.Object org.springframework.boot.actuate.endpoint.mvc.LoggersMvcEndpoint.get(java.lang.String)
2018-04-08 14:05:59.783 [main] INFO  o.s.b.a.e.mvc.EndpointHandlerMapping.register(543) - Mapped "{[/loggers/{name:.*}],methods=[POST],consumes=[application/vnd.spring-boot.actuator.v1+json || application/json],produces=[application/vnd.spring-boot.actuator.v1+json || application/json]}" onto public java.lang.Object org.springframework.boot.actuate.endpoint.mvc.LoggersMvcEndpoint.set(java.lang.String,java.util.Map<java.lang.String, java.lang.String>)
2018-04-08 14:05:59.783 [main] INFO  o.s.b.a.e.mvc.EndpointHandlerMapping.register(543) - Mapped "{[/loggers || /loggers.json],methods=[GET],produces=[application/vnd.spring-boot.actuator.v1+json || application/json]}" onto public java.lang.Object org.springframework.boot.actuate.endpoint.mvc.EndpointMvcAdapter.invoke()
2018-04-08 14:05:59.783 [main] INFO  o.s.b.a.e.mvc.EndpointHandlerMapping.register(543) - Mapped "{[/dump || /dump.json],methods=[GET],produces=[application/vnd.spring-boot.actuator.v1+json || application/json]}" onto public java.lang.Object org.springframework.boot.actuate.endpoint.mvc.EndpointMvcAdapter.invoke()
2018-04-08 14:05:59.784 [main] INFO  o.s.b.a.e.mvc.EndpointHandlerMapping.register(543) - Mapped "{[/heapdump || /heapdump.json],methods=[GET],produces=[application/octet-stream]}" onto public void org.springframework.boot.actuate.endpoint.mvc.HeapdumpMvcEndpoint.invoke(boolean,javax.servlet.http.HttpServletRequest,javax.servlet.http.HttpServletResponse) throws java.io.IOException,javax.servlet.ServletException
2018-04-08 14:05:59.784 [main] INFO  o.s.b.a.e.mvc.EndpointHandlerMapping.register(543) - Mapped "{[/mappings || /mappings.json],methods=[GET],produces=[application/vnd.spring-boot.actuator.v1+json || application/json]}" onto public java.lang.Object org.springframework.boot.actuate.endpoint.mvc.EndpointMvcAdapter.invoke()
2018-04-08 14:05:59.785 [main] INFO  o.s.b.a.e.mvc.EndpointHandlerMapping.register(543) - Mapped "{[/auditevents || /auditevents.json],methods=[GET],produces=[application/vnd.spring-boot.actuator.v1+json || application/json]}" onto public org.springframework.http.ResponseEntity<?> org.springframework.boot.actuate.endpoint.mvc.AuditEventsMvcEndpoint.findByPrincipalAndAfterAndType(java.lang.String,java.util.Date,java.lang.String)
2018-04-08 14:05:59.786 [main] INFO  o.s.b.a.e.mvc.EndpointHandlerMapping.register(543) - Mapped "{[/configprops || /configprops.json],methods=[GET],produces=[application/vnd.spring-boot.actuator.v1+json || application/json]}" onto public java.lang.Object org.springframework.boot.actuate.endpoint.mvc.EndpointMvcAdapter.invoke()
2018-04-08 14:05:59.786 [main] INFO  o.s.b.a.e.mvc.EndpointHandlerMapping.register(543) - Mapped "{[/trace || /trace.json],methods=[GET],produces=[application/vnd.spring-boot.actuator.v1+json || application/json]}" onto public java.lang.Object org.springframework.boot.actuate.endpoint.mvc.EndpointMvcAdapter.invoke()
2018-04-08 14:05:59.787 [main] INFO  o.s.b.a.e.mvc.EndpointHandlerMapping.register(543) - Mapped "{[/prometheus || /prometheus.json],methods=[GET],produces=[*/*]}" onto public org.springframework.http.ResponseEntity io.prometheus.client.spring.boot.PrometheusMvcEndpoint.value(java.util.Set<java.lang.String>)
2018-04-08 14:05:59.787 [main] INFO  o.s.b.a.e.mvc.EndpointHandlerMapping.register(543) - Mapped "{[/prometheus || /prometheus.json],methods=[GET],produces=[application/vnd.spring-boot.actuator.v1+json || application/json]}" onto public java.lang.Object org.springframework.boot.actuate.endpoint.mvc.EndpointMvcAdapter.invoke()
2018-04-08 14:05:59.788 [main] INFO  o.s.b.a.e.mvc.EndpointHandlerMapping.register(543) - Mapped "{[/metrics/{name:.*}],methods=[GET],produces=[application/vnd.spring-boot.actuator.v1+json || application/json]}" onto public java.lang.Object org.springframework.boot.actuate.endpoint.mvc.MetricsMvcEndpoint.value(java.lang.String)
2018-04-08 14:05:59.788 [main] INFO  o.s.b.a.e.mvc.EndpointHandlerMapping.register(543) - Mapped "{[/metrics || /metrics.json],methods=[GET],produces=[application/vnd.spring-boot.actuator.v1+json || application/json]}" onto public java.lang.Object org.springframework.boot.actuate.endpoint.mvc.EndpointMvcAdapter.invoke()
2018-04-08 14:05:59.789 [main] INFO  o.s.b.a.e.mvc.EndpointHandlerMapping.register(543) - Mapped "{[/beans || /beans.json],methods=[GET],produces=[application/vnd.spring-boot.actuator.v1+json || application/json]}" onto public java.lang.Object org.springframework.boot.actuate.endpoint.mvc.EndpointMvcAdapter.invoke()
2018-04-08 14:05:59.789 [main] INFO  o.s.b.a.e.mvc.EndpointHandlerMapping.register(543) - Mapped "{[/autoconfig || /autoconfig.json],methods=[GET],produces=[application/vnd.spring-boot.actuator.v1+json || application/json]}" onto public java.lang.Object org.springframework.boot.actuate.endpoint.mvc.EndpointMvcAdapter.invoke()
2018-04-08 14:05:59.904 [main] INFO  o.s.w.s.h.SimpleUrlHandlerMapping.registerHandler(362) - Mapped URL path [/**] onto handler of type [class org.springframework.web.servlet.resource.ResourceHttpRequestHandler]
2018-04-08 14:05:59.904 [main] INFO  o.s.w.s.h.SimpleUrlHandlerMapping.registerHandler(362) - Mapped URL path [/swagger-ui.html] onto handler of type [class org.springframework.web.servlet.resource.ResourceHttpRequestHandler]
2018-04-08 14:05:59.904 [main] INFO  o.s.w.s.h.SimpleUrlHandlerMapping.registerHandler(362) - Mapped URL path [/webjars/**] onto handler of type [class org.springframework.web.servlet.resource.ResourceHttpRequestHandler]
2018-04-08 14:05:59.907 [main] INFO  o.s.w.s.h.SimpleUrlHandlerMapping.registerHandler(362) - Mapped URL path [/**] onto handler of type [class org.springframework.web.servlet.resource.DefaultServletHttpRequestHandler]
2018-04-08 14:05:59.934 [main] INFO  o.s.w.s.m.m.a.RequestMappingHandlerAdapter.initControllerAdviceCache(534) - Looking for @ControllerAdvice: org.springframework.boot.context.embedded.AnnotationConfigEmbeddedWebApplicationContext@68e5eea7: startup date [Sun Apr 08 14:05:54 CST 2018]; root of context hierarchy
2018-04-08 14:05:59.965 [main] INFO  o.s.w.s.m.m.a.ExceptionHandlerExceptionResolver.initExceptionHandlerAdviceCache(273) - Detected @ExceptionHandler methods in globalExceptionHandler
2018-04-08 14:06:00.359 [main] INFO  o.s.j.e.a.AnnotationMBeanExporter.afterSingletonsInstantiated(431) - Registering beans for JMX exposure on startup
2018-04-08 14:06:00.361 [main] INFO  o.s.j.e.a.AnnotationMBeanExporter.autodetect(916) - Bean with name 'dataSource' has been autodetected for JMX exposure
2018-04-08 14:06:00.367 [main] INFO  o.s.j.e.a.AnnotationMBeanExporter.registerBeanInstance(671) - Located MBean 'dataSource': registering with JMX server as MBean [com.alibaba.druid.pool:name=dataSource,type=DruidDataSource]
2018-04-08 14:06:00.367 [main] INFO  o.s.b.a.e.jmx.EndpointMBeanExporter.afterSingletonsInstantiated(431) - Registering beans for JMX exposure on startup
2018-04-08 14:06:00.371 [main] INFO  o.s.c.s.DefaultLifecycleProcessor.start(343) - Starting beans in phase 0
2018-04-08 14:06:00.372 [main] INFO  o.s.b.a.e.jmx.EndpointMBeanExporter.registerBeanInstance(678) - Located managed bean 'auditEventsEndpoint': registering with JMX server as MBean [org.springframework.boot:type=Endpoint,name=auditEventsEndpoint]
2018-04-08 14:06:00.383 [main] INFO  o.s.b.a.e.jmx.EndpointMBeanExporter.registerBeanInstance(678) - Located managed bean 'prometheusEndpoint': registering with JMX server as MBean [org.springframework.boot:type=Endpoint,name=prometheusEndpoint]
2018-04-08 14:06:00.389 [main] INFO  o.s.b.a.e.jmx.EndpointMBeanExporter.registerBeanInstance(678) - Located managed bean 'requestMappingEndpoint': registering with JMX server as MBean [org.springframework.boot:type=Endpoint,name=requestMappingEndpoint]
2018-04-08 14:06:00.393 [main] INFO  o.s.b.a.e.jmx.EndpointMBeanExporter.registerBeanInstance(678) - Located managed bean 'environmentEndpoint': registering with JMX server as MBean [org.springframework.boot:type=Endpoint,name=environmentEndpoint]
2018-04-08 14:06:00.395 [main] INFO  o.s.b.a.e.jmx.EndpointMBeanExporter.registerBeanInstance(678) - Located managed bean 'healthEndpoint': registering with JMX server as MBean [org.springframework.boot:type=Endpoint,name=healthEndpoint]
2018-04-08 14:06:00.397 [main] INFO  o.s.b.a.e.jmx.EndpointMBeanExporter.registerBeanInstance(678) - Located managed bean 'beansEndpoint': registering with JMX server as MBean [org.springframework.boot:type=Endpoint,name=beansEndpoint]
2018-04-08 14:06:00.399 [main] INFO  o.s.b.a.e.jmx.EndpointMBeanExporter.registerBeanInstance(678) - Located managed bean 'infoEndpoint': registering with JMX server as MBean [org.springframework.boot:type=Endpoint,name=infoEndpoint]
2018-04-08 14:06:00.401 [main] INFO  o.s.b.a.e.jmx.EndpointMBeanExporter.registerBeanInstance(678) - Located managed bean 'loggersEndpoint': registering with JMX server as MBean [org.springframework.boot:type=Endpoint,name=loggersEndpoint]
2018-04-08 14:06:00.405 [main] INFO  o.s.b.a.e.jmx.EndpointMBeanExporter.registerBeanInstance(678) - Located managed bean 'metricsEndpoint': registering with JMX server as MBean [org.springframework.boot:type=Endpoint,name=metricsEndpoint]
2018-04-08 14:06:00.406 [main] INFO  o.s.b.a.e.jmx.EndpointMBeanExporter.registerBeanInstance(678) - Located managed bean 'traceEndpoint': registering with JMX server as MBean [org.springframework.boot:type=Endpoint,name=traceEndpoint]
2018-04-08 14:06:00.409 [main] INFO  o.s.b.a.e.jmx.EndpointMBeanExporter.registerBeanInstance(678) - Located managed bean 'dumpEndpoint': registering with JMX server as MBean [org.springframework.boot:type=Endpoint,name=dumpEndpoint]
2018-04-08 14:06:00.410 [main] INFO  o.s.b.a.e.jmx.EndpointMBeanExporter.registerBeanInstance(678) - Located managed bean 'autoConfigurationReportEndpoint': registering with JMX server as MBean [org.springframework.boot:type=Endpoint,name=autoConfigurationReportEndpoint]
2018-04-08 14:06:00.412 [main] INFO  o.s.b.a.e.jmx.EndpointMBeanExporter.registerBeanInstance(678) - Located managed bean 'configurationPropertiesReportEndpoint': registering with JMX server as MBean [org.springframework.boot:type=Endpoint,name=configurationPropertiesReportEndpoint]
2018-04-08 14:06:00.413 [main] INFO  o.s.c.s.DefaultLifecycleProcessor.start(343) - Starting beans in phase 2147483647
2018-04-08 14:06:00.712 [main] INFO  o.s.b.c.e.t.TomcatEmbeddedServletContainer.start(201) - Tomcat started on port(s): 8088 (http)
2018-04-08 14:06:00.718 [main] INFO  effect.effect.EffectApplication.logStarted(57) - Started EffectApplication in 6.983 seconds (JVM running for 8.259)
2018-04-08 14:17:13.083 [Thread-19] INFO  o.s.b.c.e.AnnotationConfigEmbeddedWebApplicationContext.doClose(984) - Closing org.springframework.boot.context.embedded.AnnotationConfigEmbeddedWebApplicationContext@68e5eea7: startup date [Sun Apr 08 14:05:54 CST 2018]; root of context hierarchy
2018-04-08 14:17:13.107 [Thread-19] INFO  o.s.c.s.DefaultLifecycleProcessor.stop(358) - Stopping beans in phase 2147483647
2018-04-08 14:17:13.111 [Thread-19] INFO  o.s.c.s.DefaultLifecycleProcessor.stop(358) - Stopping beans in phase 0
2018-04-08 14:17:13.114 [Thread-19] INFO  o.s.b.a.e.jmx.EndpointMBeanExporter.destroy(449) - Unregistering JMX-exposed beans on shutdown
2018-04-08 14:17:13.115 [Thread-19] INFO  o.s.b.a.e.jmx.EndpointMBeanExporter.unregisterBeans(241) - Unregistering JMX-exposed beans
2018-04-08 14:17:13.116 [Thread-19] INFO  o.s.j.e.a.AnnotationMBeanExporter.destroy(449) - Unregistering JMX-exposed beans on shutdown
2018-04-08 14:17:13.116 [Thread-19] INFO  o.s.j.e.a.AnnotationMBeanExporter.unregisterBeans(241) - Unregistering JMX-exposed beans
2018-04-08 14:17:13.122 [Thread-19] INFO  o.s.o.j.LocalContainerEntityManagerFactoryBean.destroy(563) - Closing JPA EntityManagerFactory for persistence unit 'default'
