2018-03-29 16:13:09.599 [main] INFO  effect.effect.EffectApplication.logStarting(48) - Starting EffectApplication on Feilongs-MacBook-Pro.local with PID 70770 (/Users/feilongchen/source/myWorkspace/effect-backend/target/classes started by feilongchen in /Users/feilongchen/source/myWorkspace/effect-backend)
2018-03-29 16:13:09.605 [main] DEBUG effect.effect.EffectApplication.logStarting(51) - Running with Spring Boot v1.5.9.RELEASE, Spring v4.3.13.RELEASE
2018-03-29 16:13:09.606 [main] INFO  effect.effect.EffectApplication.logStartupProfileInfo(597) - The following profiles are active: dev
2018-03-29 16:13:09.668 [main] INFO  o.s.b.c.e.AnnotationConfigEmbeddedWebApplicationContext.prepareRefresh(583) - Refreshing org.springframework.boot.context.embedded.AnnotationConfigEmbeddedWebApplicationContext@38e79ae3: startup date [Thu Mar 29 16:13:09 CST 2018]; root of context hierarchy
2018-03-29 16:13:11.670 [main] INFO  o.s.c.s.PostProcessorRegistrationDelegate$BeanPostProcessorChecker.postProcessAfterInitialization(327) - Bean 'org.springframework.transaction.annotation.ProxyTransactionManagementConfiguration' of type [org.springframework.transaction.annotation.ProxyTransactionManagementConfiguration$$EnhancerBySpringCGLIB$$bb4b7b27] is not eligible for getting processed by all BeanPostProcessors (for example: not eligible for auto-proxying)
2018-03-29 16:13:12.180 [main] INFO  o.s.b.c.e.t.TomcatEmbeddedServletContainer.initialize(89) - Tomcat initialized with port(s): 8080 (http)
2018-03-29 16:13:12.279 [localhost-startStop-1] INFO  o.s.web.context.ContextLoader.prepareEmbeddedWebApplicationContext(276) - Root WebApplicationContext: initialization completed in 2611 ms
2018-03-29 16:13:12.953 [localhost-startStop-1] INFO  o.s.o.j.LocalContainerEntityManagerFactoryBean.createNativeEntityManagerFactory(356) - Building JPA container EntityManagerFactory for persistence unit 'default'
2018-03-29 16:13:15.195 [localhost-startStop-1] INFO  o.s.o.j.LocalContainerEntityManagerFactoryBean.buildNativeEntityManagerFactory(392) - Initialized JPA EntityManagerFactory for persistence unit 'default'
2018-03-29 16:13:15.724 [localhost-startStop-1] INFO  o.s.b.w.s.FilterRegistrationBean.configure(258) - Mapping filter: 'corsFilter' to: [/*]
2018-03-29 16:13:15.726 [localhost-startStop-1] INFO  o.s.b.w.s.FilterRegistrationBean.configure(258) - Mapping filter: 'metricsFilter' to: [/*]
2018-03-29 16:13:15.728 [localhost-startStop-1] INFO  o.s.b.w.s.FilterRegistrationBean.configure(258) - Mapping filter: 'characterEncodingFilter' to: [/*]
2018-03-29 16:13:15.729 [localhost-startStop-1] INFO  o.s.b.w.s.FilterRegistrationBean.configure(271) - Mapping filter: 'tokenFilter' to urls: [/v1/member/*]
2018-03-29 16:13:15.730 [localhost-startStop-1] INFO  o.s.b.w.s.FilterRegistrationBean.configure(258) - Mapping filter: 'hiddenHttpMethodFilter' to: [/*]
2018-03-29 16:13:15.730 [localhost-startStop-1] INFO  o.s.b.w.s.FilterRegistrationBean.configure(258) - Mapping filter: 'httpPutFormContentFilter' to: [/*]
2018-03-29 16:13:15.730 [localhost-startStop-1] INFO  o.s.b.w.s.FilterRegistrationBean.configure(258) - Mapping filter: 'requestContextFilter' to: [/*]
2018-03-29 16:13:15.731 [localhost-startStop-1] INFO  o.s.b.w.s.FilterRegistrationBean.configure(258) - Mapping filter: 'webRequestLoggingFilter' to: [/*]
2018-03-29 16:13:15.731 [localhost-startStop-1] INFO  o.s.b.w.s.FilterRegistrationBean.configure(258) - Mapping filter: 'applicationContextIdFilter' to: [/*]
2018-03-29 16:13:15.732 [localhost-startStop-1] INFO  o.s.b.w.s.ServletRegistrationBean.onStartup(190) - Mapping servlet: 'dispatcherServlet' to [/]
2018-03-29 16:13:15.758 [localhost-startStop-1] DEBUG e.effect.common.filter.TokenFilter.init(208) - Initializing filter 'tokenFilter'
2018-03-29 16:13:15.759 [localhost-startStop-1] DEBUG e.effect.common.filter.TokenFilter.init(239) - Filter 'tokenFilter' configured successfully
2018-03-29 16:13:16.424 [main] INFO  o.s.w.s.m.m.a.RequestMappingHandlerMapping.register(543) - Mapped "{[/v1/member/{account}/categories],methods=[POST]}" onto public effect.effect.common.vo.ResponseVO effect.effect.web.controller.member.ArticleCategoryMemberController.addArticleCategory(java.lang.String,effect.effect.web.vo.ArticleCategoryAddVO,javax.servlet.http.HttpServletRequest)
2018-03-29 16:13:16.426 [main] INFO  o.s.w.s.m.m.a.RequestMappingHandlerMapping.register(543) - Mapped "{[/v1/member/{account}/categories/{id}],methods=[DELETE]}" onto public effect.effect.common.vo.ResponseVO effect.effect.web.controller.member.ArticleCategoryMemberController.deleteArticleCategory(java.lang.String,java.lang.String)
2018-03-29 16:13:16.427 [main] INFO  o.s.w.s.m.m.a.RequestMappingHandlerMapping.register(543) - Mapped "{[/v1/member/{account}/categories],methods=[PUT]}" onto public effect.effect.common.vo.ResponseVO effect.effect.web.controller.member.ArticleCategoryMemberController.updateArticleCategory(java.lang.String,effect.effect.web.vo.ArticleCategoryVO)
2018-03-29 16:13:16.428 [main] INFO  o.s.w.s.m.m.a.RequestMappingHandlerMapping.register(543) - Mapped "{[/v1/member/{account}/articles],methods=[POST]}" onto public effect.effect.common.vo.ResponseVO effect.effect.web.controller.member.ArticleMemberController.newArticle(java.lang.String,effect.effect.web.vo.ArticleAddVO,javax.servlet.http.HttpServletRequest)
2018-03-29 16:13:16.429 [main] INFO  o.s.w.s.m.m.a.RequestMappingHandlerMapping.register(543) - Mapped "{[/v1/member/{account}/articles/{id}],methods=[DELETE]}" onto public effect.effect.common.vo.ResponseVO effect.effect.web.controller.member.ArticleMemberController.deleteArticle(java.lang.String,java.lang.String)
2018-03-29 16:13:16.429 [main] INFO  o.s.w.s.m.m.a.RequestMappingHandlerMapping.register(543) - Mapped "{[/v1/member/{account}/articles],methods=[PUT]}" onto public effect.effect.common.vo.ResponseVO effect.effect.web.controller.member.ArticleMemberController.updateArticle(java.lang.String,effect.effect.web.vo.ArticleUpdateVO)
2018-03-29 16:13:16.431 [main] INFO  o.s.w.s.m.m.a.RequestMappingHandlerMapping.register(543) - Mapped "{[/v1/member/{account}/comments],methods=[POST]}" onto public effect.effect.common.vo.ResponseVO effect.effect.web.controller.member.CommentMemberController.commit(java.lang.String,effect.effect.web.vo.CommentAddVO,javax.servlet.http.HttpServletRequest)
2018-03-29 16:13:16.432 [main] INFO  o.s.w.s.m.m.a.RequestMappingHandlerMapping.register(543) - Mapped "{[/v1/member/{account}/replies],methods=[POST]}" onto public effect.effect.common.vo.ResponseVO effect.effect.web.controller.member.ReplyMemberController.addReply(java.lang.String,effect.effect.web.vo.ReplyAddVO,javax.servlet.http.HttpServletRequest)
2018-03-29 16:13:16.432 [main] INFO  o.s.w.s.m.m.a.RequestMappingHandlerMapping.register(543) - Mapped "{[/v1/member/users/resetPwd],methods=[POST]}" onto public effect.effect.common.vo.ResponseVO effect.effect.web.controller.member.UserMemberController.resetPassword(effect.effect.web.vo.ResetPasswordVO)
2018-03-29 16:13:16.435 [main] INFO  o.s.w.s.m.m.a.RequestMappingHandlerMapping.register(543) - Mapped "{[/v1/pub/{account}/categories],methods=[GET]}" onto public effect.effect.common.vo.ResponseVO effect.effect.web.controller.pub.ArticleCategoryPubController.getArticleCategoryByAccount(java.lang.String)
2018-03-29 16:13:16.437 [main] INFO  o.s.w.s.m.m.a.RequestMappingHandlerMapping.register(543) - Mapped "{[/v1/pub/{account}/articles/{id}],methods=[GET]}" onto public effect.effect.common.vo.ResponseVO effect.effect.web.controller.pub.ArticlepubController.detail(java.lang.String,java.lang.String)
2018-03-29 16:13:16.438 [main] INFO  o.s.w.s.m.m.a.RequestMappingHandlerMapping.register(543) - Mapped "{[/v1/pub/{account}/articles],methods=[GET]}" onto public effect.effect.common.vo.ResponseVO effect.effect.web.controller.pub.ArticlepubController.listArticle(java.lang.String,java.lang.Long,java.lang.Integer,java.lang.String)
2018-03-29 16:13:16.439 [main] INFO  o.s.w.s.m.m.a.RequestMappingHandlerMapping.register(543) - Mapped "{[/v1/pub/{account}/comments/{id}],methods=[GET]}" onto public effect.effect.common.vo.ResponseVO effect.effect.web.controller.pub.CommentPubController.showComments(java.lang.String,java.lang.String,java.lang.Long,java.lang.Integer) throws java.lang.InstantiationException,java.lang.IllegalAccessException,java.lang.NoSuchMethodException,java.lang.reflect.InvocationTargetException
2018-03-29 16:13:16.440 [main] INFO  o.s.w.s.m.m.a.RequestMappingHandlerMapping.register(543) - Mapped "{[/v1/pub/search.do],methods=[GET]}" onto public effect.effect.common.vo.ResponseVO effect.effect.web.controller.pub.CommonController.queryArticle(java.lang.String,java.lang.Long,java.lang.Integer)
2018-03-29 16:13:16.442 [main] INFO  o.s.w.s.m.m.a.RequestMappingHandlerMapping.register(543) - Mapped "{[/v1/pub/{account}/replies/{commentId}],methods=[GET]}" onto public effect.effect.common.vo.ResponseVO effect.effect.web.controller.pub.ReplyPubController.showReply(java.lang.String,java.lang.String,java.lang.Long,java.lang.Integer)
2018-03-29 16:13:16.443 [main] INFO  o.s.w.s.m.m.a.RequestMappingHandlerMapping.register(543) - Mapped "{[/v1/pub/users/register],methods=[POST]}" onto public effect.effect.common.vo.ResponseVO effect.effect.web.controller.pub.UserPubController.register(effect.effect.web.vo.RegisterVO)
2018-03-29 16:13:16.444 [main] INFO  o.s.w.s.m.m.a.RequestMappingHandlerMapping.register(543) - Mapped "{[/v1/pub/users/login],methods=[POST]}" onto public effect.effect.common.vo.ResponseVO effect.effect.web.controller.pub.UserPubController.signup(effect.effect.web.vo.LoginVO)
2018-03-29 16:13:16.449 [main] INFO  o.s.w.s.m.m.a.RequestMappingHandlerMapping.register(543) - Mapped "{[/swagger-resources/configuration/security]}" onto public org.springframework.http.ResponseEntity<springfox.documentation.swagger.web.SecurityConfiguration> springfox.documentation.swagger.web.ApiResourceController.securityConfiguration()
2018-03-29 16:13:16.450 [main] INFO  o.s.w.s.m.m.a.RequestMappingHandlerMapping.register(543) - Mapped "{[/swagger-resources]}" onto public org.springframework.http.ResponseEntity<java.util.List<springfox.documentation.swagger.web.SwaggerResource>> springfox.documentation.swagger.web.ApiResourceController.swaggerResources()
2018-03-29 16:13:16.451 [main] INFO  o.s.w.s.m.m.a.RequestMappingHandlerMapping.register(543) - Mapped "{[/swagger-resources/configuration/ui]}" onto public org.springframework.http.ResponseEntity<springfox.documentation.swagger.web.UiConfiguration> springfox.documentation.swagger.web.ApiResourceController.uiConfiguration()
2018-03-29 16:13:16.455 [main] INFO  o.s.w.s.m.m.a.RequestMappingHandlerMapping.register(543) - Mapped "{[/error]}" onto public org.springframework.http.ResponseEntity<java.util.Map<java.lang.String, java.lang.Object>> org.springframework.boot.autoconfigure.web.BasicErrorController.error(javax.servlet.http.HttpServletRequest)
2018-03-29 16:13:16.457 [main] INFO  o.s.w.s.m.m.a.RequestMappingHandlerMapping.register(543) - Mapped "{[/error],produces=[text/html]}" onto public org.springframework.web.servlet.ModelAndView org.springframework.boot.autoconfigure.web.BasicErrorController.errorHtml(javax.servlet.http.HttpServletRequest,javax.servlet.http.HttpServletResponse)
2018-03-29 16:13:16.819 [main] INFO  o.s.b.a.e.mvc.EndpointHandlerMapping.register(543) - Mapped "{[/auditevents || /auditevents.json],methods=[GET],produces=[application/vnd.spring-boot.actuator.v1+json || application/json]}" onto public org.springframework.http.ResponseEntity<?> org.springframework.boot.actuate.endpoint.mvc.AuditEventsMvcEndpoint.findByPrincipalAndAfterAndType(java.lang.String,java.util.Date,java.lang.String)
2018-03-29 16:13:16.821 [main] INFO  o.s.b.a.e.mvc.EndpointHandlerMapping.register(543) - Mapped "{[/loggers/{name:.*}],methods=[GET],produces=[application/vnd.spring-boot.actuator.v1+json || application/json]}" onto public java.lang.Object org.springframework.boot.actuate.endpoint.mvc.LoggersMvcEndpoint.get(java.lang.String)
2018-03-29 16:13:16.821 [main] INFO  o.s.b.a.e.mvc.EndpointHandlerMapping.register(543) - Mapped "{[/loggers/{name:.*}],methods=[POST],consumes=[application/vnd.spring-boot.actuator.v1+json || application/json],produces=[application/vnd.spring-boot.actuator.v1+json || application/json]}" onto public java.lang.Object org.springframework.boot.actuate.endpoint.mvc.LoggersMvcEndpoint.set(java.lang.String,java.util.Map<java.lang.String, java.lang.String>)
2018-03-29 16:13:16.822 [main] INFO  o.s.b.a.e.mvc.EndpointHandlerMapping.register(543) - Mapped "{[/loggers || /loggers.json],methods=[GET],produces=[application/vnd.spring-boot.actuator.v1+json || application/json]}" onto public java.lang.Object org.springframework.boot.actuate.endpoint.mvc.EndpointMvcAdapter.invoke()
2018-03-29 16:13:16.822 [main] INFO  o.s.b.a.e.mvc.EndpointHandlerMapping.register(543) - Mapped "{[/prometheus || /prometheus.json],methods=[GET],produces=[*/*]}" onto public org.springframework.http.ResponseEntity io.prometheus.client.spring.boot.PrometheusMvcEndpoint.value(java.util.Set<java.lang.String>)
2018-03-29 16:13:16.823 [main] INFO  o.s.b.a.e.mvc.EndpointHandlerMapping.register(543) - Mapped "{[/prometheus || /prometheus.json],methods=[GET],produces=[application/vnd.spring-boot.actuator.v1+json || application/json]}" onto public java.lang.Object org.springframework.boot.actuate.endpoint.mvc.EndpointMvcAdapter.invoke()
2018-03-29 16:13:16.824 [main] INFO  o.s.b.a.e.mvc.EndpointHandlerMapping.register(543) - Mapped "{[/beans || /beans.json],methods=[GET],produces=[application/vnd.spring-boot.actuator.v1+json || application/json]}" onto public java.lang.Object org.springframework.boot.actuate.endpoint.mvc.EndpointMvcAdapter.invoke()
2018-03-29 16:13:16.824 [main] INFO  o.s.b.a.e.mvc.EndpointHandlerMapping.register(543) - Mapped "{[/dump || /dump.json],methods=[GET],produces=[application/vnd.spring-boot.actuator.v1+json || application/json]}" onto public java.lang.Object org.springframework.boot.actuate.endpoint.mvc.EndpointMvcAdapter.invoke()
2018-03-29 16:13:16.825 [main] INFO  o.s.b.a.e.mvc.EndpointHandlerMapping.register(543) - Mapped "{[/env/{name:.*}],methods=[GET],produces=[application/vnd.spring-boot.actuator.v1+json || application/json]}" onto public java.lang.Object org.springframework.boot.actuate.endpoint.mvc.EnvironmentMvcEndpoint.value(java.lang.String)
2018-03-29 16:13:16.825 [main] INFO  o.s.b.a.e.mvc.EndpointHandlerMapping.register(543) - Mapped "{[/env || /env.json],methods=[GET],produces=[application/vnd.spring-boot.actuator.v1+json || application/json]}" onto public java.lang.Object org.springframework.boot.actuate.endpoint.mvc.EndpointMvcAdapter.invoke()
2018-03-29 16:13:16.826 [main] INFO  o.s.b.a.e.mvc.EndpointHandlerMapping.register(543) - Mapped "{[/info || /info.json],methods=[GET],produces=[application/vnd.spring-boot.actuator.v1+json || application/json]}" onto public java.lang.Object org.springframework.boot.actuate.endpoint.mvc.EndpointMvcAdapter.invoke()
2018-03-29 16:13:16.827 [main] INFO  o.s.b.a.e.mvc.EndpointHandlerMapping.register(543) - Mapped "{[/autoconfig || /autoconfig.json],methods=[GET],produces=[application/vnd.spring-boot.actuator.v1+json || application/json]}" onto public java.lang.Object org.springframework.boot.actuate.endpoint.mvc.EndpointMvcAdapter.invoke()
2018-03-29 16:13:16.827 [main] INFO  o.s.b.a.e.mvc.EndpointHandlerMapping.register(543) - Mapped "{[/trace || /trace.json],methods=[GET],produces=[application/vnd.spring-boot.actuator.v1+json || application/json]}" onto public java.lang.Object org.springframework.boot.actuate.endpoint.mvc.EndpointMvcAdapter.invoke()
2018-03-29 16:13:16.828 [main] INFO  o.s.b.a.e.mvc.EndpointHandlerMapping.register(543) - Mapped "{[/heapdump || /heapdump.json],methods=[GET],produces=[application/octet-stream]}" onto public void org.springframework.boot.actuate.endpoint.mvc.HeapdumpMvcEndpoint.invoke(boolean,javax.servlet.http.HttpServletRequest,javax.servlet.http.HttpServletResponse) throws java.io.IOException,javax.servlet.ServletException
2018-03-29 16:13:16.829 [main] INFO  o.s.b.a.e.mvc.EndpointHandlerMapping.register(543) - Mapped "{[/health || /health.json],methods=[GET],produces=[application/vnd.spring-boot.actuator.v1+json || application/json]}" onto public java.lang.Object org.springframework.boot.actuate.endpoint.mvc.HealthMvcEndpoint.invoke(javax.servlet.http.HttpServletRequest,java.security.Principal)
2018-03-29 16:13:16.830 [main] INFO  o.s.b.a.e.mvc.EndpointHandlerMapping.register(543) - Mapped "{[/metrics/{name:.*}],methods=[GET],produces=[application/vnd.spring-boot.actuator.v1+json || application/json]}" onto public java.lang.Object org.springframework.boot.actuate.endpoint.mvc.MetricsMvcEndpoint.value(java.lang.String)
2018-03-29 16:13:16.830 [main] INFO  o.s.b.a.e.mvc.EndpointHandlerMapping.register(543) - Mapped "{[/metrics || /metrics.json],methods=[GET],produces=[application/vnd.spring-boot.actuator.v1+json || application/json]}" onto public java.lang.Object org.springframework.boot.actuate.endpoint.mvc.EndpointMvcAdapter.invoke()
2018-03-29 16:13:16.831 [main] INFO  o.s.b.a.e.mvc.EndpointHandlerMapping.register(543) - Mapped "{[/configprops || /configprops.json],methods=[GET],produces=[application/vnd.spring-boot.actuator.v1+json || application/json]}" onto public java.lang.Object org.springframework.boot.actuate.endpoint.mvc.EndpointMvcAdapter.invoke()
2018-03-29 16:13:16.831 [main] INFO  o.s.b.a.e.mvc.EndpointHandlerMapping.register(543) - Mapped "{[/mappings || /mappings.json],methods=[GET],produces=[application/vnd.spring-boot.actuator.v1+json || application/json]}" onto public java.lang.Object org.springframework.boot.actuate.endpoint.mvc.EndpointMvcAdapter.invoke()
2018-03-29 16:13:17.147 [main] INFO  o.s.w.s.m.m.a.RequestMappingHandlerAdapter.initControllerAdviceCache(534) - Looking for @ControllerAdvice: org.springframework.boot.context.embedded.AnnotationConfigEmbeddedWebApplicationContext@38e79ae3: startup date [Thu Mar 29 16:13:09 CST 2018]; root of context hierarchy
2018-03-29 16:13:17.199 [main] INFO  o.s.w.s.h.SimpleUrlHandlerMapping.registerHandler(362) - Mapped URL path [/webjars/**] onto handler of type [class org.springframework.web.servlet.resource.ResourceHttpRequestHandler]
2018-03-29 16:13:17.200 [main] INFO  o.s.w.s.h.SimpleUrlHandlerMapping.registerHandler(362) - Mapped URL path [/**] onto handler of type [class org.springframework.web.servlet.resource.ResourceHttpRequestHandler]
2018-03-29 16:13:17.216 [main] INFO  o.s.w.s.m.m.a.ExceptionHandlerExceptionResolver.initExceptionHandlerAdviceCache(273) - Detected @ExceptionHandler methods in globalExceptionHandler
2018-03-29 16:13:17.234 [main] INFO  o.s.w.s.h.SimpleUrlHandlerMapping.registerHandler(362) - Mapped URL path [/**/favicon.ico] onto handler of type [class org.springframework.web.servlet.resource.ResourceHttpRequestHandler]
2018-03-29 16:13:17.777 [main] INFO  o.s.j.e.a.AnnotationMBeanExporter.afterSingletonsInstantiated(431) - Registering beans for JMX exposure on startup
2018-03-29 16:13:17.782 [main] INFO  o.s.j.e.a.AnnotationMBeanExporter.autodetect(916) - Bean with name 'dataSource' has been autodetected for JMX exposure
2018-03-29 16:13:17.791 [main] INFO  o.s.j.e.a.AnnotationMBeanExporter.registerBeanInstance(671) - Located MBean 'dataSource': registering with JMX server as MBean [com.alibaba.druid.pool:name=dataSource,type=DruidDataSource]
2018-03-29 16:13:17.792 [main] INFO  o.s.b.a.e.jmx.EndpointMBeanExporter.afterSingletonsInstantiated(431) - Registering beans for JMX exposure on startup
2018-03-29 16:13:17.798 [main] INFO  o.s.c.s.DefaultLifecycleProcessor.start(343) - Starting beans in phase 0
2018-03-29 16:13:17.800 [main] INFO  o.s.b.a.e.jmx.EndpointMBeanExporter.registerBeanInstance(678) - Located managed bean 'auditEventsEndpoint': registering with JMX server as MBean [org.springframework.boot:type=Endpoint,name=auditEventsEndpoint]
2018-03-29 16:13:17.822 [main] INFO  o.s.b.a.e.jmx.EndpointMBeanExporter.registerBeanInstance(678) - Located managed bean 'prometheusEndpoint': registering with JMX server as MBean [org.springframework.boot:type=Endpoint,name=prometheusEndpoint]
2018-03-29 16:13:17.844 [main] INFO  o.s.b.a.e.jmx.EndpointMBeanExporter.registerBeanInstance(678) - Located managed bean 'requestMappingEndpoint': registering with JMX server as MBean [org.springframework.boot:type=Endpoint,name=requestMappingEndpoint]
2018-03-29 16:13:17.851 [main] INFO  o.s.b.a.e.jmx.EndpointMBeanExporter.registerBeanInstance(678) - Located managed bean 'environmentEndpoint': registering with JMX server as MBean [org.springframework.boot:type=Endpoint,name=environmentEndpoint]
2018-03-29 16:13:17.855 [main] INFO  o.s.b.a.e.jmx.EndpointMBeanExporter.registerBeanInstance(678) - Located managed bean 'healthEndpoint': registering with JMX server as MBean [org.springframework.boot:type=Endpoint,name=healthEndpoint]
2018-03-29 16:13:17.859 [main] INFO  o.s.b.a.e.jmx.EndpointMBeanExporter.registerBeanInstance(678) - Located managed bean 'beansEndpoint': registering with JMX server as MBean [org.springframework.boot:type=Endpoint,name=beansEndpoint]
2018-03-29 16:13:17.863 [main] INFO  o.s.b.a.e.jmx.EndpointMBeanExporter.registerBeanInstance(678) - Located managed bean 'infoEndpoint': registering with JMX server as MBean [org.springframework.boot:type=Endpoint,name=infoEndpoint]
2018-03-29 16:13:17.868 [main] INFO  o.s.b.a.e.jmx.EndpointMBeanExporter.registerBeanInstance(678) - Located managed bean 'loggersEndpoint': registering with JMX server as MBean [org.springframework.boot:type=Endpoint,name=loggersEndpoint]
2018-03-29 16:13:17.877 [main] INFO  o.s.b.a.e.jmx.EndpointMBeanExporter.registerBeanInstance(678) - Located managed bean 'metricsEndpoint': registering with JMX server as MBean [org.springframework.boot:type=Endpoint,name=metricsEndpoint]
2018-03-29 16:13:17.879 [main] INFO  o.s.b.a.e.jmx.EndpointMBeanExporter.registerBeanInstance(678) - Located managed bean 'traceEndpoint': registering with JMX server as MBean [org.springframework.boot:type=Endpoint,name=traceEndpoint]
2018-03-29 16:13:17.882 [main] INFO  o.s.b.a.e.jmx.EndpointMBeanExporter.registerBeanInstance(678) - Located managed bean 'dumpEndpoint': registering with JMX server as MBean [org.springframework.boot:type=Endpoint,name=dumpEndpoint]
2018-03-29 16:13:17.885 [main] INFO  o.s.b.a.e.jmx.EndpointMBeanExporter.registerBeanInstance(678) - Located managed bean 'autoConfigurationReportEndpoint': registering with JMX server as MBean [org.springframework.boot:type=Endpoint,name=autoConfigurationReportEndpoint]
2018-03-29 16:13:17.887 [main] INFO  o.s.b.a.e.jmx.EndpointMBeanExporter.registerBeanInstance(678) - Located managed bean 'configurationPropertiesReportEndpoint': registering with JMX server as MBean [org.springframework.boot:type=Endpoint,name=configurationPropertiesReportEndpoint]
2018-03-29 16:13:17.889 [main] INFO  o.s.c.s.DefaultLifecycleProcessor.start(343) - Starting beans in phase 2147483647
2018-03-29 16:13:18.354 [main] INFO  o.s.b.c.e.t.TomcatEmbeddedServletContainer.start(201) - Tomcat started on port(s): 8080 (http)
2018-03-29 16:13:18.361 [main] INFO  effect.effect.EffectApplication.logStarted(57) - Started EffectApplication in 9.702 seconds (JVM running for 11.48)
2018-03-29 16:14:09.381 [http-nio-8080-exec-1] INFO  o.s.web.servlet.DispatcherServlet.initServletBean(489) - FrameworkServlet 'dispatcherServlet': initialization started
2018-03-29 16:14:09.406 [http-nio-8080-exec-1] INFO  o.s.web.servlet.DispatcherServlet.initServletBean(508) - FrameworkServlet 'dispatcherServlet': initialization completed in 25 ms
2018-03-29 16:48:56.719 [Thread-24] INFO  o.s.b.c.e.AnnotationConfigEmbeddedWebApplicationContext.doClose(984) - Closing org.springframework.boot.context.embedded.AnnotationConfigEmbeddedWebApplicationContext@38e79ae3: startup date [Thu Mar 29 16:13:09 CST 2018]; root of context hierarchy
2018-03-29 16:48:56.745 [Thread-24] INFO  o.s.c.s.DefaultLifecycleProcessor.stop(358) - Stopping beans in phase 2147483647
2018-03-29 16:48:56.749 [Thread-24] INFO  o.s.c.s.DefaultLifecycleProcessor.stop(358) - Stopping beans in phase 0
2018-03-29 16:48:56.751 [Thread-24] INFO  o.s.b.a.e.jmx.EndpointMBeanExporter.destroy(449) - Unregistering JMX-exposed beans on shutdown
2018-03-29 16:48:56.752 [Thread-24] INFO  o.s.b.a.e.jmx.EndpointMBeanExporter.unregisterBeans(241) - Unregistering JMX-exposed beans
2018-03-29 16:48:56.753 [Thread-24] INFO  o.s.j.e.a.AnnotationMBeanExporter.destroy(449) - Unregistering JMX-exposed beans on shutdown
2018-03-29 16:48:56.754 [Thread-24] INFO  o.s.j.e.a.AnnotationMBeanExporter.unregisterBeans(241) - Unregistering JMX-exposed beans
2018-03-29 16:48:56.758 [Thread-24] INFO  o.s.o.j.LocalContainerEntityManagerFactoryBean.destroy(563) - Closing JPA EntityManagerFactory for persistence unit 'default'
2018-03-29 17:01:17.819 [main] INFO  effect.effect.EffectApplication.logStarting(48) - Starting EffectApplication on Feilongs-MacBook-Pro.local with PID 79478 (/Users/feilongchen/source/myWorkspace/effect-backend/target/classes started by feilongchen in /Users/feilongchen/source/myWorkspace/effect-backend)
2018-03-29 17:01:17.839 [main] DEBUG effect.effect.EffectApplication.logStarting(51) - Running with Spring Boot v1.5.9.RELEASE, Spring v4.3.13.RELEASE
2018-03-29 17:01:17.840 [main] INFO  effect.effect.EffectApplication.logStartupProfileInfo(597) - The following profiles are active: dev
2018-03-29 17:01:17.908 [main] INFO  o.s.b.c.e.AnnotationConfigEmbeddedWebApplicationContext.prepareRefresh(583) - Refreshing org.springframework.boot.context.embedded.AnnotationConfigEmbeddedWebApplicationContext@38e79ae3: startup date [Thu Mar 29 17:01:17 CST 2018]; root of context hierarchy
2018-03-29 17:01:19.485 [main] INFO  o.s.c.s.PostProcessorRegistrationDelegate$BeanPostProcessorChecker.postProcessAfterInitialization(327) - Bean 'org.springframework.transaction.annotation.ProxyTransactionManagementConfiguration' of type [org.springframework.transaction.annotation.ProxyTransactionManagementConfiguration$$EnhancerBySpringCGLIB$$29702b12] is not eligible for getting processed by all BeanPostProcessors (for example: not eligible for auto-proxying)
2018-03-29 17:01:19.881 [main] INFO  o.s.b.c.e.t.TomcatEmbeddedServletContainer.initialize(89) - Tomcat initialized with port(s): 8080 (http)
2018-03-29 17:01:19.972 [localhost-startStop-1] INFO  o.s.web.context.ContextLoader.prepareEmbeddedWebApplicationContext(276) - Root WebApplicationContext: initialization completed in 2064 ms
2018-03-29 17:01:20.447 [localhost-startStop-1] INFO  o.s.o.j.LocalContainerEntityManagerFactoryBean.createNativeEntityManagerFactory(356) - Building JPA container EntityManagerFactory for persistence unit 'default'
2018-03-29 17:01:21.900 [localhost-startStop-1] INFO  o.s.o.j.LocalContainerEntityManagerFactoryBean.buildNativeEntityManagerFactory(392) - Initialized JPA EntityManagerFactory for persistence unit 'default'
2018-03-29 17:01:22.444 [localhost-startStop-1] INFO  o.s.b.w.s.FilterRegistrationBean.configure(258) - Mapping filter: 'corsFilter' to: [/*]
2018-03-29 17:01:22.445 [localhost-startStop-1] INFO  o.s.b.w.s.FilterRegistrationBean.configure(258) - Mapping filter: 'metricsFilter' to: [/*]
2018-03-29 17:01:22.445 [localhost-startStop-1] INFO  o.s.b.w.s.FilterRegistrationBean.configure(258) - Mapping filter: 'characterEncodingFilter' to: [/*]
2018-03-29 17:01:22.445 [localhost-startStop-1] INFO  o.s.b.w.s.FilterRegistrationBean.configure(271) - Mapping filter: 'tokenFilter' to urls: [/v1/member/*]
2018-03-29 17:01:22.446 [localhost-startStop-1] INFO  o.s.b.w.s.FilterRegistrationBean.configure(258) - Mapping filter: 'hiddenHttpMethodFilter' to: [/*]
2018-03-29 17:01:22.446 [localhost-startStop-1] INFO  o.s.b.w.s.FilterRegistrationBean.configure(258) - Mapping filter: 'httpPutFormContentFilter' to: [/*]
2018-03-29 17:01:22.446 [localhost-startStop-1] INFO  o.s.b.w.s.FilterRegistrationBean.configure(258) - Mapping filter: 'requestContextFilter' to: [/*]
2018-03-29 17:01:22.446 [localhost-startStop-1] INFO  o.s.b.w.s.FilterRegistrationBean.configure(258) - Mapping filter: 'webRequestLoggingFilter' to: [/*]
2018-03-29 17:01:22.446 [localhost-startStop-1] INFO  o.s.b.w.s.FilterRegistrationBean.configure(258) - Mapping filter: 'applicationContextIdFilter' to: [/*]
2018-03-29 17:01:22.446 [localhost-startStop-1] INFO  o.s.b.w.s.ServletRegistrationBean.onStartup(190) - Mapping servlet: 'dispatcherServlet' to [/]
2018-03-29 17:01:22.465 [localhost-startStop-1] DEBUG e.effect.common.filter.TokenFilter.init(208) - Initializing filter 'tokenFilter'
2018-03-29 17:01:22.466 [localhost-startStop-1] DEBUG e.effect.common.filter.TokenFilter.init(239) - Filter 'tokenFilter' configured successfully
2018-03-29 17:01:23.196 [main] INFO  o.s.w.s.m.m.a.RequestMappingHandlerMapping.register(543) - Mapped "{[/v1/member/{account}/categories],methods=[POST]}" onto public effect.effect.common.vo.ResponseVO effect.effect.web.controller.member.ArticleCategoryMemberController.addArticleCategory(java.lang.String,effect.effect.web.vo.ArticleCategoryAddVO,javax.servlet.http.HttpServletRequest)
2018-03-29 17:01:23.197 [main] INFO  o.s.w.s.m.m.a.RequestMappingHandlerMapping.register(543) - Mapped "{[/v1/member/{account}/categories/{id}],methods=[DELETE]}" onto public effect.effect.common.vo.ResponseVO effect.effect.web.controller.member.ArticleCategoryMemberController.deleteArticleCategory(java.lang.String,java.lang.String)
2018-03-29 17:01:23.198 [main] INFO  o.s.w.s.m.m.a.RequestMappingHandlerMapping.register(543) - Mapped "{[/v1/member/{account}/categories],methods=[PUT]}" onto public effect.effect.common.vo.ResponseVO effect.effect.web.controller.member.ArticleCategoryMemberController.updateArticleCategory(java.lang.String,effect.effect.web.vo.ArticleCategoryVO)
2018-03-29 17:01:23.199 [main] INFO  o.s.w.s.m.m.a.RequestMappingHandlerMapping.register(543) - Mapped "{[/v1/member/{account}/articles],methods=[POST]}" onto public effect.effect.common.vo.ResponseVO effect.effect.web.controller.member.ArticleMemberController.newArticle(java.lang.String,effect.effect.web.vo.ArticleAddVO,javax.servlet.http.HttpServletRequest)
2018-03-29 17:01:23.200 [main] INFO  o.s.w.s.m.m.a.RequestMappingHandlerMapping.register(543) - Mapped "{[/v1/member/{account}/articles/{id}],methods=[DELETE]}" onto public effect.effect.common.vo.ResponseVO effect.effect.web.controller.member.ArticleMemberController.deleteArticle(java.lang.String,java.lang.String)
2018-03-29 17:01:23.200 [main] INFO  o.s.w.s.m.m.a.RequestMappingHandlerMapping.register(543) - Mapped "{[/v1/member/{account}/articles],methods=[PUT]}" onto public effect.effect.common.vo.ResponseVO effect.effect.web.controller.member.ArticleMemberController.updateArticle(java.lang.String,effect.effect.web.vo.ArticleUpdateVO)
2018-03-29 17:01:23.201 [main] INFO  o.s.w.s.m.m.a.RequestMappingHandlerMapping.register(543) - Mapped "{[/v1/member/{account}/comments],methods=[POST]}" onto public effect.effect.common.vo.ResponseVO effect.effect.web.controller.member.CommentMemberController.commit(java.lang.String,effect.effect.web.vo.CommentAddVO,javax.servlet.http.HttpServletRequest)
2018-03-29 17:01:23.201 [main] INFO  o.s.w.s.m.m.a.RequestMappingHandlerMapping.register(543) - Mapped "{[/v1/member/{account}/replies],methods=[POST]}" onto public effect.effect.common.vo.ResponseVO effect.effect.web.controller.member.ReplyMemberController.addReply(java.lang.String,effect.effect.web.vo.ReplyAddVO,javax.servlet.http.HttpServletRequest)
2018-03-29 17:01:23.202 [main] INFO  o.s.w.s.m.m.a.RequestMappingHandlerMapping.register(543) - Mapped "{[/v1/member/users/resetPwd],methods=[POST]}" onto public effect.effect.common.vo.ResponseVO effect.effect.web.controller.member.UserMemberController.resetPassword(effect.effect.web.vo.ResetPasswordVO)
2018-03-29 17:01:23.203 [main] INFO  o.s.w.s.m.m.a.RequestMappingHandlerMapping.register(543) - Mapped "{[/v1/pub/{account}/categories],methods=[GET]}" onto public effect.effect.common.vo.ResponseVO effect.effect.web.controller.pub.ArticleCategoryPubController.getArticleCategoryByAccount(java.lang.String)
2018-03-29 17:01:23.204 [main] INFO  o.s.w.s.m.m.a.RequestMappingHandlerMapping.register(543) - Mapped "{[/v1/pub/{account}/articles/{id}],methods=[GET]}" onto public effect.effect.common.vo.ResponseVO effect.effect.web.controller.pub.ArticlepubController.detail(java.lang.String,java.lang.String)
2018-03-29 17:01:23.204 [main] INFO  o.s.w.s.m.m.a.RequestMappingHandlerMapping.register(543) - Mapped "{[/v1/pub/{account}/articles],methods=[GET]}" onto public effect.effect.common.vo.ResponseVO effect.effect.web.controller.pub.ArticlepubController.listArticle(java.lang.String,java.lang.Long,java.lang.Integer,java.lang.String)
2018-03-29 17:01:23.205 [main] INFO  o.s.w.s.m.m.a.RequestMappingHandlerMapping.register(543) - Mapped "{[/v1/pub/{account}/comments/{id}],methods=[GET]}" onto public effect.effect.common.vo.ResponseVO effect.effect.web.controller.pub.CommentPubController.showComments(java.lang.String,java.lang.String,java.lang.Long,java.lang.Integer) throws java.lang.InstantiationException,java.lang.IllegalAccessException,java.lang.NoSuchMethodException,java.lang.reflect.InvocationTargetException
2018-03-29 17:01:23.206 [main] INFO  o.s.w.s.m.m.a.RequestMappingHandlerMapping.register(543) - Mapped "{[/v1/pub/search.do],methods=[GET]}" onto public effect.effect.common.vo.ResponseVO effect.effect.web.controller.pub.CommonController.queryArticle(java.lang.String,java.lang.Long,java.lang.Integer)
2018-03-29 17:01:23.207 [main] INFO  o.s.w.s.m.m.a.RequestMappingHandlerMapping.register(543) - Mapped "{[/v1/pub/{account}/replies/{commentId}],methods=[GET]}" onto public effect.effect.common.vo.ResponseVO effect.effect.web.controller.pub.ReplyPubController.showReply(java.lang.String,java.lang.String,java.lang.Long,java.lang.Integer)
2018-03-29 17:01:23.208 [main] INFO  o.s.w.s.m.m.a.RequestMappingHandlerMapping.register(543) - Mapped "{[/v1/pub/users/register],methods=[POST]}" onto public effect.effect.common.vo.ResponseVO effect.effect.web.controller.pub.UserPubController.register(effect.effect.web.vo.RegisterVO)
2018-03-29 17:01:23.209 [main] INFO  o.s.w.s.m.m.a.RequestMappingHandlerMapping.register(543) - Mapped "{[/v1/pub/users/login],methods=[POST]}" onto public effect.effect.common.vo.ResponseVO effect.effect.web.controller.pub.UserPubController.signup(effect.effect.web.vo.LoginVO)
2018-03-29 17:01:23.212 [main] INFO  o.s.w.s.m.m.a.RequestMappingHandlerMapping.register(543) - Mapped "{[/swagger-resources/configuration/ui]}" onto public org.springframework.http.ResponseEntity<springfox.documentation.swagger.web.UiConfiguration> springfox.documentation.swagger.web.ApiResourceController.uiConfiguration()
2018-03-29 17:01:23.212 [main] INFO  o.s.w.s.m.m.a.RequestMappingHandlerMapping.register(543) - Mapped "{[/swagger-resources/configuration/security]}" onto public org.springframework.http.ResponseEntity<springfox.documentation.swagger.web.SecurityConfiguration> springfox.documentation.swagger.web.ApiResourceController.securityConfiguration()
2018-03-29 17:01:23.213 [main] INFO  o.s.w.s.m.m.a.RequestMappingHandlerMapping.register(543) - Mapped "{[/swagger-resources]}" onto public org.springframework.http.ResponseEntity<java.util.List<springfox.documentation.swagger.web.SwaggerResource>> springfox.documentation.swagger.web.ApiResourceController.swaggerResources()
2018-03-29 17:01:23.215 [main] INFO  o.s.w.s.m.m.a.RequestMappingHandlerMapping.register(543) - Mapped "{[/error]}" onto public org.springframework.http.ResponseEntity<java.util.Map<java.lang.String, java.lang.Object>> org.springframework.boot.autoconfigure.web.BasicErrorController.error(javax.servlet.http.HttpServletRequest)
2018-03-29 17:01:23.216 [main] INFO  o.s.w.s.m.m.a.RequestMappingHandlerMapping.register(543) - Mapped "{[/error],produces=[text/html]}" onto public org.springframework.web.servlet.ModelAndView org.springframework.boot.autoconfigure.web.BasicErrorController.errorHtml(javax.servlet.http.HttpServletRequest,javax.servlet.http.HttpServletResponse)
2018-03-29 17:01:23.467 [main] INFO  o.s.b.a.e.mvc.EndpointHandlerMapping.register(543) - Mapped "{[/prometheus || /prometheus.json],methods=[GET],produces=[*/*]}" onto public org.springframework.http.ResponseEntity io.prometheus.client.spring.boot.PrometheusMvcEndpoint.value(java.util.Set<java.lang.String>)
2018-03-29 17:01:23.468 [main] INFO  o.s.b.a.e.mvc.EndpointHandlerMapping.register(543) - Mapped "{[/prometheus || /prometheus.json],methods=[GET],produces=[application/vnd.spring-boot.actuator.v1+json || application/json]}" onto public java.lang.Object org.springframework.boot.actuate.endpoint.mvc.EndpointMvcAdapter.invoke()
2018-03-29 17:01:23.469 [main] INFO  o.s.b.a.e.mvc.EndpointHandlerMapping.register(543) - Mapped "{[/auditevents || /auditevents.json],methods=[GET],produces=[application/vnd.spring-boot.actuator.v1+json || application/json]}" onto public org.springframework.http.ResponseEntity<?> org.springframework.boot.actuate.endpoint.mvc.AuditEventsMvcEndpoint.findByPrincipalAndAfterAndType(java.lang.String,java.util.Date,java.lang.String)
2018-03-29 17:01:23.470 [main] INFO  o.s.b.a.e.mvc.EndpointHandlerMapping.register(543) - Mapped "{[/configprops || /configprops.json],methods=[GET],produces=[application/vnd.spring-boot.actuator.v1+json || application/json]}" onto public java.lang.Object org.springframework.boot.actuate.endpoint.mvc.EndpointMvcAdapter.invoke()
2018-03-29 17:01:23.471 [main] INFO  o.s.b.a.e.mvc.EndpointHandlerMapping.register(543) - Mapped "{[/env/{name:.*}],methods=[GET],produces=[application/vnd.spring-boot.actuator.v1+json || application/json]}" onto public java.lang.Object org.springframework.boot.actuate.endpoint.mvc.EnvironmentMvcEndpoint.value(java.lang.String)
2018-03-29 17:01:23.471 [main] INFO  o.s.b.a.e.mvc.EndpointHandlerMapping.register(543) - Mapped "{[/env || /env.json],methods=[GET],produces=[application/vnd.spring-boot.actuator.v1+json || application/json]}" onto public java.lang.Object org.springframework.boot.actuate.endpoint.mvc.EndpointMvcAdapter.invoke()
2018-03-29 17:01:23.472 [main] INFO  o.s.b.a.e.mvc.EndpointHandlerMapping.register(543) - Mapped "{[/autoconfig || /autoconfig.json],methods=[GET],produces=[application/vnd.spring-boot.actuator.v1+json || application/json]}" onto public java.lang.Object org.springframework.boot.actuate.endpoint.mvc.EndpointMvcAdapter.invoke()
2018-03-29 17:01:23.473 [main] INFO  o.s.b.a.e.mvc.EndpointHandlerMapping.register(543) - Mapped "{[/heapdump || /heapdump.json],methods=[GET],produces=[application/octet-stream]}" onto public void org.springframework.boot.actuate.endpoint.mvc.HeapdumpMvcEndpoint.invoke(boolean,javax.servlet.http.HttpServletRequest,javax.servlet.http.HttpServletResponse) throws java.io.IOException,javax.servlet.ServletException
2018-03-29 17:01:23.473 [main] INFO  o.s.b.a.e.mvc.EndpointHandlerMapping.register(543) - Mapped "{[/health || /health.json],methods=[GET],produces=[application/vnd.spring-boot.actuator.v1+json || application/json]}" onto public java.lang.Object org.springframework.boot.actuate.endpoint.mvc.HealthMvcEndpoint.invoke(javax.servlet.http.HttpServletRequest,java.security.Principal)
2018-03-29 17:01:23.474 [main] INFO  o.s.b.a.e.mvc.EndpointHandlerMapping.register(543) - Mapped "{[/mappings || /mappings.json],methods=[GET],produces=[application/vnd.spring-boot.actuator.v1+json || application/json]}" onto public java.lang.Object org.springframework.boot.actuate.endpoint.mvc.EndpointMvcAdapter.invoke()
2018-03-29 17:01:23.475 [main] INFO  o.s.b.a.e.mvc.EndpointHandlerMapping.register(543) - Mapped "{[/trace || /trace.json],methods=[GET],produces=[application/vnd.spring-boot.actuator.v1+json || application/json]}" onto public java.lang.Object org.springframework.boot.actuate.endpoint.mvc.EndpointMvcAdapter.invoke()
2018-03-29 17:01:23.477 [main] INFO  o.s.b.a.e.mvc.EndpointHandlerMapping.register(543) - Mapped "{[/beans || /beans.json],methods=[GET],produces=[application/vnd.spring-boot.actuator.v1+json || application/json]}" onto public java.lang.Object org.springframework.boot.actuate.endpoint.mvc.EndpointMvcAdapter.invoke()
2018-03-29 17:01:23.479 [main] INFO  o.s.b.a.e.mvc.EndpointHandlerMapping.register(543) - Mapped "{[/metrics/{name:.*}],methods=[GET],produces=[application/vnd.spring-boot.actuator.v1+json || application/json]}" onto public java.lang.Object org.springframework.boot.actuate.endpoint.mvc.MetricsMvcEndpoint.value(java.lang.String)
2018-03-29 17:01:23.480 [main] INFO  o.s.b.a.e.mvc.EndpointHandlerMapping.register(543) - Mapped "{[/metrics || /metrics.json],methods=[GET],produces=[application/vnd.spring-boot.actuator.v1+json || application/json]}" onto public java.lang.Object org.springframework.boot.actuate.endpoint.mvc.EndpointMvcAdapter.invoke()
2018-03-29 17:01:23.481 [main] INFO  o.s.b.a.e.mvc.EndpointHandlerMapping.register(543) - Mapped "{[/loggers/{name:.*}],methods=[GET],produces=[application/vnd.spring-boot.actuator.v1+json || application/json]}" onto public java.lang.Object org.springframework.boot.actuate.endpoint.mvc.LoggersMvcEndpoint.get(java.lang.String)
2018-03-29 17:01:23.482 [main] INFO  o.s.b.a.e.mvc.EndpointHandlerMapping.register(543) - Mapped "{[/loggers/{name:.*}],methods=[POST],consumes=[application/vnd.spring-boot.actuator.v1+json || application/json],produces=[application/vnd.spring-boot.actuator.v1+json || application/json]}" onto public java.lang.Object org.springframework.boot.actuate.endpoint.mvc.LoggersMvcEndpoint.set(java.lang.String,java.util.Map<java.lang.String, java.lang.String>)
2018-03-29 17:01:23.482 [main] INFO  o.s.b.a.e.mvc.EndpointHandlerMapping.register(543) - Mapped "{[/loggers || /loggers.json],methods=[GET],produces=[application/vnd.spring-boot.actuator.v1+json || application/json]}" onto public java.lang.Object org.springframework.boot.actuate.endpoint.mvc.EndpointMvcAdapter.invoke()
2018-03-29 17:01:23.483 [main] INFO  o.s.b.a.e.mvc.EndpointHandlerMapping.register(543) - Mapped "{[/dump || /dump.json],methods=[GET],produces=[application/vnd.spring-boot.actuator.v1+json || application/json]}" onto public java.lang.Object org.springframework.boot.actuate.endpoint.mvc.EndpointMvcAdapter.invoke()
2018-03-29 17:01:23.483 [main] INFO  o.s.b.a.e.mvc.EndpointHandlerMapping.register(543) - Mapped "{[/info || /info.json],methods=[GET],produces=[application/vnd.spring-boot.actuator.v1+json || application/json]}" onto public java.lang.Object org.springframework.boot.actuate.endpoint.mvc.EndpointMvcAdapter.invoke()
2018-03-29 17:01:23.786 [main] INFO  o.s.w.s.m.m.a.RequestMappingHandlerAdapter.initControllerAdviceCache(534) - Looking for @ControllerAdvice: org.springframework.boot.context.embedded.AnnotationConfigEmbeddedWebApplicationContext@38e79ae3: startup date [Thu Mar 29 17:01:17 CST 2018]; root of context hierarchy
2018-03-29 17:01:23.835 [main] INFO  o.s.w.s.h.SimpleUrlHandlerMapping.registerHandler(362) - Mapped URL path [/webjars/**] onto handler of type [class org.springframework.web.servlet.resource.ResourceHttpRequestHandler]
2018-03-29 17:01:23.835 [main] INFO  o.s.w.s.h.SimpleUrlHandlerMapping.registerHandler(362) - Mapped URL path [/**] onto handler of type [class org.springframework.web.servlet.resource.ResourceHttpRequestHandler]
2018-03-29 17:01:23.850 [main] INFO  o.s.w.s.m.m.a.ExceptionHandlerExceptionResolver.initExceptionHandlerAdviceCache(273) - Detected @ExceptionHandler methods in globalExceptionHandler
2018-03-29 17:01:23.871 [main] INFO  o.s.w.s.h.SimpleUrlHandlerMapping.registerHandler(362) - Mapped URL path [/**/favicon.ico] onto handler of type [class org.springframework.web.servlet.resource.ResourceHttpRequestHandler]
2018-03-29 17:01:24.167 [main] INFO  o.s.j.e.a.AnnotationMBeanExporter.afterSingletonsInstantiated(431) - Registering beans for JMX exposure on startup
2018-03-29 17:01:24.171 [main] INFO  o.s.j.e.a.AnnotationMBeanExporter.autodetect(916) - Bean with name 'dataSource' has been autodetected for JMX exposure
2018-03-29 17:01:24.179 [main] INFO  o.s.j.e.a.AnnotationMBeanExporter.registerBeanInstance(671) - Located MBean 'dataSource': registering with JMX server as MBean [com.alibaba.druid.pool:name=dataSource,type=DruidDataSource]
2018-03-29 17:01:24.179 [main] INFO  o.s.b.a.e.jmx.EndpointMBeanExporter.afterSingletonsInstantiated(431) - Registering beans for JMX exposure on startup
2018-03-29 17:01:24.184 [main] INFO  o.s.c.s.DefaultLifecycleProcessor.start(343) - Starting beans in phase 0
2018-03-29 17:01:24.185 [main] INFO  o.s.b.a.e.jmx.EndpointMBeanExporter.registerBeanInstance(678) - Located managed bean 'auditEventsEndpoint': registering with JMX server as MBean [org.springframework.boot:type=Endpoint,name=auditEventsEndpoint]
2018-03-29 17:01:24.198 [main] INFO  o.s.b.a.e.jmx.EndpointMBeanExporter.registerBeanInstance(678) - Located managed bean 'prometheusEndpoint': registering with JMX server as MBean [org.springframework.boot:type=Endpoint,name=prometheusEndpoint]
2018-03-29 17:01:24.206 [main] INFO  o.s.b.a.e.jmx.EndpointMBeanExporter.registerBeanInstance(678) - Located managed bean 'requestMappingEndpoint': registering with JMX server as MBean [org.springframework.boot:type=Endpoint,name=requestMappingEndpoint]
2018-03-29 17:01:24.209 [main] INFO  o.s.b.a.e.jmx.EndpointMBeanExporter.registerBeanInstance(678) - Located managed bean 'environmentEndpoint': registering with JMX server as MBean [org.springframework.boot:type=Endpoint,name=environmentEndpoint]
2018-03-29 17:01:24.212 [main] INFO  o.s.b.a.e.jmx.EndpointMBeanExporter.registerBeanInstance(678) - Located managed bean 'healthEndpoint': registering with JMX server as MBean [org.springframework.boot:type=Endpoint,name=healthEndpoint]
2018-03-29 17:01:24.214 [main] INFO  o.s.b.a.e.jmx.EndpointMBeanExporter.registerBeanInstance(678) - Located managed bean 'beansEndpoint': registering with JMX server as MBean [org.springframework.boot:type=Endpoint,name=beansEndpoint]
2018-03-29 17:01:24.216 [main] INFO  o.s.b.a.e.jmx.EndpointMBeanExporter.registerBeanInstance(678) - Located managed bean 'infoEndpoint': registering with JMX server as MBean [org.springframework.boot:type=Endpoint,name=infoEndpoint]
2018-03-29 17:01:24.219 [main] INFO  o.s.b.a.e.jmx.EndpointMBeanExporter.registerBeanInstance(678) - Located managed bean 'loggersEndpoint': registering with JMX server as MBean [org.springframework.boot:type=Endpoint,name=loggersEndpoint]
2018-03-29 17:01:24.223 [main] INFO  o.s.b.a.e.jmx.EndpointMBeanExporter.registerBeanInstance(678) - Located managed bean 'metricsEndpoint': registering with JMX server as MBean [org.springframework.boot:type=Endpoint,name=metricsEndpoint]
2018-03-29 17:01:24.224 [main] INFO  o.s.b.a.e.jmx.EndpointMBeanExporter.registerBeanInstance(678) - Located managed bean 'traceEndpoint': registering with JMX server as MBean [org.springframework.boot:type=Endpoint,name=traceEndpoint]
2018-03-29 17:01:24.226 [main] INFO  o.s.b.a.e.jmx.EndpointMBeanExporter.registerBeanInstance(678) - Located managed bean 'dumpEndpoint': registering with JMX server as MBean [org.springframework.boot:type=Endpoint,name=dumpEndpoint]
2018-03-29 17:01:24.228 [main] INFO  o.s.b.a.e.jmx.EndpointMBeanExporter.registerBeanInstance(678) - Located managed bean 'autoConfigurationReportEndpoint': registering with JMX server as MBean [org.springframework.boot:type=Endpoint,name=autoConfigurationReportEndpoint]
2018-03-29 17:01:24.230 [main] INFO  o.s.b.a.e.jmx.EndpointMBeanExporter.registerBeanInstance(678) - Located managed bean 'configurationPropertiesReportEndpoint': registering with JMX server as MBean [org.springframework.boot:type=Endpoint,name=configurationPropertiesReportEndpoint]
2018-03-29 17:01:24.231 [main] INFO  o.s.c.s.DefaultLifecycleProcessor.start(343) - Starting beans in phase 2147483647
2018-03-29 17:01:24.525 [main] INFO  o.s.b.c.e.t.TomcatEmbeddedServletContainer.start(201) - Tomcat started on port(s): 8080 (http)
2018-03-29 17:01:24.531 [main] INFO  effect.effect.EffectApplication.logStarted(57) - Started EffectApplication in 7.187 seconds (JVM running for 8.29)
2018-03-29 17:01:41.821 [http-nio-8080-exec-1] INFO  o.s.web.servlet.DispatcherServlet.initServletBean(489) - FrameworkServlet 'dispatcherServlet': initialization started
2018-03-29 17:01:41.848 [http-nio-8080-exec-1] INFO  o.s.web.servlet.DispatcherServlet.initServletBean(508) - FrameworkServlet 'dispatcherServlet': initialization completed in 26 ms
2018-03-29 17:05:10.489 [Thread-18] INFO  o.s.b.c.e.AnnotationConfigEmbeddedWebApplicationContext.doClose(984) - Closing org.springframework.boot.context.embedded.AnnotationConfigEmbeddedWebApplicationContext@38e79ae3: startup date [Thu Mar 29 17:01:17 CST 2018]; root of context hierarchy
2018-03-29 17:05:10.517 [Thread-18] INFO  o.s.c.s.DefaultLifecycleProcessor.stop(358) - Stopping beans in phase 2147483647
2018-03-29 17:05:10.522 [Thread-18] INFO  o.s.c.s.DefaultLifecycleProcessor.stop(358) - Stopping beans in phase 0
2018-03-29 17:05:10.525 [Thread-18] INFO  o.s.b.a.e.jmx.EndpointMBeanExporter.destroy(449) - Unregistering JMX-exposed beans on shutdown
2018-03-29 17:05:10.526 [Thread-18] INFO  o.s.b.a.e.jmx.EndpointMBeanExporter.unregisterBeans(241) - Unregistering JMX-exposed beans
2018-03-29 17:05:10.527 [Thread-18] INFO  o.s.j.e.a.AnnotationMBeanExporter.destroy(449) - Unregistering JMX-exposed beans on shutdown
2018-03-29 17:05:10.527 [Thread-18] INFO  o.s.j.e.a.AnnotationMBeanExporter.unregisterBeans(241) - Unregistering JMX-exposed beans
2018-03-29 17:05:10.532 [Thread-18] INFO  o.s.o.j.LocalContainerEntityManagerFactoryBean.destroy(563) - Closing JPA EntityManagerFactory for persistence unit 'default'
2018-03-29 17:05:14.280 [main] INFO  effect.effect.EffectApplication.logStarting(48) - Starting EffectApplication on Feilongs-MacBook-Pro.local with PID 80196 (/Users/feilongchen/source/myWorkspace/effect-backend/target/classes started by feilongchen in /Users/feilongchen/source/myWorkspace/effect-backend)
2018-03-29 17:05:14.283 [main] DEBUG effect.effect.EffectApplication.logStarting(51) - Running with Spring Boot v1.5.9.RELEASE, Spring v4.3.13.RELEASE
2018-03-29 17:05:14.283 [main] INFO  effect.effect.EffectApplication.logStartupProfileInfo(597) - The following profiles are active: dev
2018-03-29 17:05:14.328 [main] INFO  o.s.b.c.e.AnnotationConfigEmbeddedWebApplicationContext.prepareRefresh(583) - Refreshing org.springframework.boot.context.embedded.AnnotationConfigEmbeddedWebApplicationContext@38e79ae3: startup date [Thu Mar 29 17:05:14 CST 2018]; root of context hierarchy
2018-03-29 17:05:15.820 [main] INFO  o.s.c.s.PostProcessorRegistrationDelegate$BeanPostProcessorChecker.postProcessAfterInitialization(327) - Bean 'org.springframework.transaction.annotation.ProxyTransactionManagementConfiguration' of type [org.springframework.transaction.annotation.ProxyTransactionManagementConfiguration$$EnhancerBySpringCGLIB$$9134b211] is not eligible for getting processed by all BeanPostProcessors (for example: not eligible for auto-proxying)
2018-03-29 17:05:16.126 [main] INFO  o.s.b.c.e.t.TomcatEmbeddedServletContainer.initialize(89) - Tomcat initialized with port(s): 8080 (http)
2018-03-29 17:05:16.187 [localhost-startStop-1] INFO  o.s.web.context.ContextLoader.prepareEmbeddedWebApplicationContext(276) - Root WebApplicationContext: initialization completed in 1859 ms
2018-03-29 17:05:16.520 [localhost-startStop-1] INFO  o.s.o.j.LocalContainerEntityManagerFactoryBean.createNativeEntityManagerFactory(356) - Building JPA container EntityManagerFactory for persistence unit 'default'
2018-03-29 17:05:17.389 [localhost-startStop-1] INFO  o.s.o.j.LocalContainerEntityManagerFactoryBean.buildNativeEntityManagerFactory(392) - Initialized JPA EntityManagerFactory for persistence unit 'default'
2018-03-29 17:05:17.704 [localhost-startStop-1] INFO  o.s.b.w.s.FilterRegistrationBean.configure(258) - Mapping filter: 'corsFilter' to: [/*]
2018-03-29 17:05:17.704 [localhost-startStop-1] INFO  o.s.b.w.s.FilterRegistrationBean.configure(258) - Mapping filter: 'metricsFilter' to: [/*]
2018-03-29 17:05:17.704 [localhost-startStop-1] INFO  o.s.b.w.s.FilterRegistrationBean.configure(258) - Mapping filter: 'characterEncodingFilter' to: [/*]
2018-03-29 17:05:17.704 [localhost-startStop-1] INFO  o.s.b.w.s.FilterRegistrationBean.configure(271) - Mapping filter: 'tokenFilter' to urls: [/v1/member/*]
2018-03-29 17:05:17.704 [localhost-startStop-1] INFO  o.s.b.w.s.FilterRegistrationBean.configure(258) - Mapping filter: 'webRequestLoggingFilter' to: [/*]
2018-03-29 17:05:17.704 [localhost-startStop-1] INFO  o.s.b.w.s.FilterRegistrationBean.configure(258) - Mapping filter: 'applicationContextIdFilter' to: [/*]
2018-03-29 17:05:17.705 [localhost-startStop-1] INFO  o.s.b.w.s.ServletRegistrationBean.onStartup(190) - Mapping servlet: 'dispatcherServlet' to [/]
2018-03-29 17:05:17.714 [localhost-startStop-1] DEBUG e.effect.common.filter.TokenFilter.init(208) - Initializing filter 'tokenFilter'
2018-03-29 17:05:17.715 [localhost-startStop-1] DEBUG e.effect.common.filter.TokenFilter.init(239) - Filter 'tokenFilter' configured successfully
2018-03-29 17:05:18.036 [main] INFO  o.s.w.s.m.m.a.RequestMappingHandlerMapping.register(543) - Mapped "{[/v1/member/{account}/categories],methods=[POST]}" onto public effect.effect.common.vo.ResponseVO effect.effect.web.controller.member.ArticleCategoryMemberController.addArticleCategory(java.lang.String,effect.effect.web.vo.ArticleCategoryAddVO,javax.servlet.http.HttpServletRequest)
2018-03-29 17:05:18.039 [main] INFO  o.s.w.s.m.m.a.RequestMappingHandlerMapping.register(543) - Mapped "{[/v1/member/{account}/categories/{id}],methods=[DELETE]}" onto public effect.effect.common.vo.ResponseVO effect.effect.web.controller.member.ArticleCategoryMemberController.deleteArticleCategory(java.lang.String,java.lang.String)
2018-03-29 17:05:18.040 [main] INFO  o.s.w.s.m.m.a.RequestMappingHandlerMapping.register(543) - Mapped "{[/v1/member/{account}/categories],methods=[PUT]}" onto public effect.effect.common.vo.ResponseVO effect.effect.web.controller.member.ArticleCategoryMemberController.updateArticleCategory(java.lang.String,effect.effect.web.vo.ArticleCategoryVO)
2018-03-29 17:05:18.041 [main] INFO  o.s.w.s.m.m.a.RequestMappingHandlerMapping.register(543) - Mapped "{[/v1/member/{account}/articles],methods=[POST]}" onto public effect.effect.common.vo.ResponseVO effect.effect.web.controller.member.ArticleMemberController.newArticle(java.lang.String,effect.effect.web.vo.ArticleAddVO,javax.servlet.http.HttpServletRequest)
2018-03-29 17:05:18.042 [main] INFO  o.s.w.s.m.m.a.RequestMappingHandlerMapping.register(543) - Mapped "{[/v1/member/{account}/articles/{id}],methods=[DELETE]}" onto public effect.effect.common.vo.ResponseVO effect.effect.web.controller.member.ArticleMemberController.deleteArticle(java.lang.String,java.lang.String)
2018-03-29 17:05:18.042 [main] INFO  o.s.w.s.m.m.a.RequestMappingHandlerMapping.register(543) - Mapped "{[/v1/member/{account}/articles],methods=[PUT]}" onto public effect.effect.common.vo.ResponseVO effect.effect.web.controller.member.ArticleMemberController.updateArticle(java.lang.String,effect.effect.web.vo.ArticleUpdateVO)
2018-03-29 17:05:18.043 [main] INFO  o.s.w.s.m.m.a.RequestMappingHandlerMapping.register(543) - Mapped "{[/v1/member/{account}/comments],methods=[POST]}" onto public effect.effect.common.vo.ResponseVO effect.effect.web.controller.member.CommentMemberController.commit(java.lang.String,effect.effect.web.vo.CommentAddVO,javax.servlet.http.HttpServletRequest)
2018-03-29 17:05:18.044 [main] INFO  o.s.w.s.m.m.a.RequestMappingHandlerMapping.register(543) - Mapped "{[/v1/member/{account}/replies],methods=[POST]}" onto public effect.effect.common.vo.ResponseVO effect.effect.web.controller.member.ReplyMemberController.addReply(java.lang.String,effect.effect.web.vo.ReplyAddVO,javax.servlet.http.HttpServletRequest)
2018-03-29 17:05:18.044 [main] INFO  o.s.w.s.m.m.a.RequestMappingHandlerMapping.register(543) - Mapped "{[/v1/member/users/resetPwd],methods=[POST]}" onto public effect.effect.common.vo.ResponseVO effect.effect.web.controller.member.UserMemberController.resetPassword(effect.effect.web.vo.ResetPasswordVO)
2018-03-29 17:05:18.046 [main] INFO  o.s.w.s.m.m.a.RequestMappingHandlerMapping.register(543) - Mapped "{[/v1/pub/{account}/categories],methods=[GET]}" onto public effect.effect.common.vo.ResponseVO effect.effect.web.controller.pub.ArticleCategoryPubController.getArticleCategoryByAccount(java.lang.String)
2018-03-29 17:05:18.047 [main] INFO  o.s.w.s.m.m.a.RequestMappingHandlerMapping.register(543) - Mapped "{[/v1/pub/{account}/articles],methods=[GET]}" onto public effect.effect.common.vo.ResponseVO effect.effect.web.controller.pub.ArticlepubController.listArticle(java.lang.String,java.lang.Long,java.lang.Integer,java.lang.String)
2018-03-29 17:05:18.047 [main] INFO  o.s.w.s.m.m.a.RequestMappingHandlerMapping.register(543) - Mapped "{[/v1/pub/{account}/articles/{id}],methods=[GET]}" onto public effect.effect.common.vo.ResponseVO effect.effect.web.controller.pub.ArticlepubController.detail(java.lang.String,java.lang.String)
2018-03-29 17:05:18.048 [main] INFO  o.s.w.s.m.m.a.RequestMappingHandlerMapping.register(543) - Mapped "{[/v1/pub/{account}/comments/{id}],methods=[GET]}" onto public effect.effect.common.vo.ResponseVO effect.effect.web.controller.pub.CommentPubController.showComments(java.lang.String,java.lang.String,java.lang.Long,java.lang.Integer) throws java.lang.InstantiationException,java.lang.IllegalAccessException,java.lang.NoSuchMethodException,java.lang.reflect.InvocationTargetException
2018-03-29 17:05:18.049 [main] INFO  o.s.w.s.m.m.a.RequestMappingHandlerMapping.register(543) - Mapped "{[/v1/pub/search.do],methods=[GET]}" onto public effect.effect.common.vo.ResponseVO effect.effect.web.controller.pub.CommonController.queryArticle(java.lang.String,java.lang.Long,java.lang.Integer)
2018-03-29 17:05:18.049 [main] INFO  o.s.w.s.m.m.a.RequestMappingHandlerMapping.register(543) - Mapped "{[/v1/pub/{account}/replies/{commentId}],methods=[GET]}" onto public effect.effect.common.vo.ResponseVO effect.effect.web.controller.pub.ReplyPubController.showReply(java.lang.String,java.lang.String,java.lang.Long,java.lang.Integer)
2018-03-29 17:05:18.050 [main] INFO  o.s.w.s.m.m.a.RequestMappingHandlerMapping.register(543) - Mapped "{[/v1/pub/users/register],methods=[POST]}" onto public effect.effect.common.vo.ResponseVO effect.effect.web.controller.pub.UserPubController.register(effect.effect.web.vo.RegisterVO)
2018-03-29 17:05:18.051 [main] INFO  o.s.w.s.m.m.a.RequestMappingHandlerMapping.register(543) - Mapped "{[/v1/pub/users/login],methods=[POST]}" onto public effect.effect.common.vo.ResponseVO effect.effect.web.controller.pub.UserPubController.signup(effect.effect.web.vo.LoginVO)
2018-03-29 17:05:18.054 [main] INFO  o.s.w.s.m.m.a.RequestMappingHandlerMapping.register(543) - Mapped "{[/swagger-resources/configuration/ui]}" onto public org.springframework.http.ResponseEntity<springfox.documentation.swagger.web.UiConfiguration> springfox.documentation.swagger.web.ApiResourceController.uiConfiguration()
2018-03-29 17:05:18.055 [main] INFO  o.s.w.s.m.m.a.RequestMappingHandlerMapping.register(543) - Mapped "{[/swagger-resources/configuration/security]}" onto public org.springframework.http.ResponseEntity<springfox.documentation.swagger.web.SecurityConfiguration> springfox.documentation.swagger.web.ApiResourceController.securityConfiguration()
2018-03-29 17:05:18.055 [main] INFO  o.s.w.s.m.m.a.RequestMappingHandlerMapping.register(543) - Mapped "{[/swagger-resources]}" onto public org.springframework.http.ResponseEntity<java.util.List<springfox.documentation.swagger.web.SwaggerResource>> springfox.documentation.swagger.web.ApiResourceController.swaggerResources()
2018-03-29 17:05:18.058 [main] INFO  o.s.w.s.m.m.a.RequestMappingHandlerMapping.register(543) - Mapped "{[/error]}" onto public org.springframework.http.ResponseEntity<java.util.Map<java.lang.String, java.lang.Object>> org.springframework.boot.autoconfigure.web.BasicErrorController.error(javax.servlet.http.HttpServletRequest)
2018-03-29 17:05:18.058 [main] INFO  o.s.w.s.m.m.a.RequestMappingHandlerMapping.register(543) - Mapped "{[/error],produces=[text/html]}" onto public org.springframework.web.servlet.ModelAndView org.springframework.boot.autoconfigure.web.BasicErrorController.errorHtml(javax.servlet.http.HttpServletRequest,javax.servlet.http.HttpServletResponse)
2018-03-29 17:05:18.335 [main] INFO  o.s.b.a.e.mvc.EndpointHandlerMapping.register(543) - Mapped "{[/configprops || /configprops.json],methods=[GET],produces=[application/vnd.spring-boot.actuator.v1+json || application/json]}" onto public java.lang.Object org.springframework.boot.actuate.endpoint.mvc.EndpointMvcAdapter.invoke()
2018-03-29 17:05:18.335 [main] INFO  o.s.b.a.e.mvc.EndpointHandlerMapping.register(543) - Mapped "{[/mappings || /mappings.json],methods=[GET],produces=[application/vnd.spring-boot.actuator.v1+json || application/json]}" onto public java.lang.Object org.springframework.boot.actuate.endpoint.mvc.EndpointMvcAdapter.invoke()
2018-03-29 17:05:18.336 [main] INFO  o.s.b.a.e.mvc.EndpointHandlerMapping.register(543) - Mapped "{[/beans || /beans.json],methods=[GET],produces=[application/vnd.spring-boot.actuator.v1+json || application/json]}" onto public java.lang.Object org.springframework.boot.actuate.endpoint.mvc.EndpointMvcAdapter.invoke()
2018-03-29 17:05:18.337 [main] INFO  o.s.b.a.e.mvc.EndpointHandlerMapping.register(543) - Mapped "{[/trace || /trace.json],methods=[GET],produces=[application/vnd.spring-boot.actuator.v1+json || application/json]}" onto public java.lang.Object org.springframework.boot.actuate.endpoint.mvc.EndpointMvcAdapter.invoke()
2018-03-29 17:05:18.337 [main] INFO  o.s.b.a.e.mvc.EndpointHandlerMapping.register(543) - Mapped "{[/metrics/{name:.*}],methods=[GET],produces=[application/vnd.spring-boot.actuator.v1+json || application/json]}" onto public java.lang.Object org.springframework.boot.actuate.endpoint.mvc.MetricsMvcEndpoint.value(java.lang.String)
2018-03-29 17:05:18.338 [main] INFO  o.s.b.a.e.mvc.EndpointHandlerMapping.register(543) - Mapped "{[/metrics || /metrics.json],methods=[GET],produces=[application/vnd.spring-boot.actuator.v1+json || application/json]}" onto public java.lang.Object org.springframework.boot.actuate.endpoint.mvc.EndpointMvcAdapter.invoke()
2018-03-29 17:05:18.338 [main] INFO  o.s.b.a.e.mvc.EndpointHandlerMapping.register(543) - Mapped "{[/dump || /dump.json],methods=[GET],produces=[application/vnd.spring-boot.actuator.v1+json || application/json]}" onto public java.lang.Object org.springframework.boot.actuate.endpoint.mvc.EndpointMvcAdapter.invoke()
2018-03-29 17:05:18.339 [main] INFO  o.s.b.a.e.mvc.EndpointHandlerMapping.register(543) - Mapped "{[/info || /info.json],methods=[GET],produces=[application/vnd.spring-boot.actuator.v1+json || application/json]}" onto public java.lang.Object org.springframework.boot.actuate.endpoint.mvc.EndpointMvcAdapter.invoke()
2018-03-29 17:05:18.340 [main] INFO  o.s.b.a.e.mvc.EndpointHandlerMapping.register(543) - Mapped "{[/prometheus || /prometheus.json],methods=[GET],produces=[*/*]}" onto public org.springframework.http.ResponseEntity io.prometheus.client.spring.boot.PrometheusMvcEndpoint.value(java.util.Set<java.lang.String>)
2018-03-29 17:05:18.340 [main] INFO  o.s.b.a.e.mvc.EndpointHandlerMapping.register(543) - Mapped "{[/prometheus || /prometheus.json],methods=[GET],produces=[application/vnd.spring-boot.actuator.v1+json || application/json]}" onto public java.lang.Object org.springframework.boot.actuate.endpoint.mvc.EndpointMvcAdapter.invoke()
2018-03-29 17:05:18.341 [main] INFO  o.s.b.a.e.mvc.EndpointHandlerMapping.register(543) - Mapped "{[/env/{name:.*}],methods=[GET],produces=[application/vnd.spring-boot.actuator.v1+json || application/json]}" onto public java.lang.Object org.springframework.boot.actuate.endpoint.mvc.EnvironmentMvcEndpoint.value(java.lang.String)
2018-03-29 17:05:18.341 [main] INFO  o.s.b.a.e.mvc.EndpointHandlerMapping.register(543) - Mapped "{[/env || /env.json],methods=[GET],produces=[application/vnd.spring-boot.actuator.v1+json || application/json]}" onto public java.lang.Object org.springframework.boot.actuate.endpoint.mvc.EndpointMvcAdapter.invoke()
2018-03-29 17:05:18.342 [main] INFO  o.s.b.a.e.mvc.EndpointHandlerMapping.register(543) - Mapped "{[/heapdump || /heapdump.json],methods=[GET],produces=[application/octet-stream]}" onto public void org.springframework.boot.actuate.endpoint.mvc.HeapdumpMvcEndpoint.invoke(boolean,javax.servlet.http.HttpServletRequest,javax.servlet.http.HttpServletResponse) throws java.io.IOException,javax.servlet.ServletException
2018-03-29 17:05:18.343 [main] INFO  o.s.b.a.e.mvc.EndpointHandlerMapping.register(543) - Mapped "{[/health || /health.json],methods=[GET],produces=[application/vnd.spring-boot.actuator.v1+json || application/json]}" onto public java.lang.Object org.springframework.boot.actuate.endpoint.mvc.HealthMvcEndpoint.invoke(javax.servlet.http.HttpServletRequest,java.security.Principal)
2018-03-29 17:05:18.343 [main] INFO  o.s.b.a.e.mvc.EndpointHandlerMapping.register(543) - Mapped "{[/autoconfig || /autoconfig.json],methods=[GET],produces=[application/vnd.spring-boot.actuator.v1+json || application/json]}" onto public java.lang.Object org.springframework.boot.actuate.endpoint.mvc.EndpointMvcAdapter.invoke()
2018-03-29 17:05:18.344 [main] INFO  o.s.b.a.e.mvc.EndpointHandlerMapping.register(543) - Mapped "{[/loggers/{name:.*}],methods=[GET],produces=[application/vnd.spring-boot.actuator.v1+json || application/json]}" onto public java.lang.Object org.springframework.boot.actuate.endpoint.mvc.LoggersMvcEndpoint.get(java.lang.String)
2018-03-29 17:05:18.345 [main] INFO  o.s.b.a.e.mvc.EndpointHandlerMapping.register(543) - Mapped "{[/loggers/{name:.*}],methods=[POST],consumes=[application/vnd.spring-boot.actuator.v1+json || application/json],produces=[application/vnd.spring-boot.actuator.v1+json || application/json]}" onto public java.lang.Object org.springframework.boot.actuate.endpoint.mvc.LoggersMvcEndpoint.set(java.lang.String,java.util.Map<java.lang.String, java.lang.String>)
2018-03-29 17:05:18.345 [main] INFO  o.s.b.a.e.mvc.EndpointHandlerMapping.register(543) - Mapped "{[/loggers || /loggers.json],methods=[GET],produces=[application/vnd.spring-boot.actuator.v1+json || application/json]}" onto public java.lang.Object org.springframework.boot.actuate.endpoint.mvc.EndpointMvcAdapter.invoke()
2018-03-29 17:05:18.346 [main] INFO  o.s.b.a.e.mvc.EndpointHandlerMapping.register(543) - Mapped "{[/auditevents || /auditevents.json],methods=[GET],produces=[application/vnd.spring-boot.actuator.v1+json || application/json]}" onto public org.springframework.http.ResponseEntity<?> org.springframework.boot.actuate.endpoint.mvc.AuditEventsMvcEndpoint.findByPrincipalAndAfterAndType(java.lang.String,java.util.Date,java.lang.String)
2018-03-29 17:05:18.491 [main] INFO  o.s.w.s.h.SimpleUrlHandlerMapping.registerHandler(362) - Mapped URL path [/**] onto handler of type [class org.springframework.web.servlet.resource.ResourceHttpRequestHandler]
2018-03-29 17:05:18.491 [main] INFO  o.s.w.s.h.SimpleUrlHandlerMapping.registerHandler(362) - Mapped URL path [/swagger-ui.html] onto handler of type [class org.springframework.web.servlet.resource.ResourceHttpRequestHandler]
2018-03-29 17:05:18.491 [main] INFO  o.s.w.s.h.SimpleUrlHandlerMapping.registerHandler(362) - Mapped URL path [/webjars/**] onto handler of type [class org.springframework.web.servlet.resource.ResourceHttpRequestHandler]
2018-03-29 17:05:18.494 [main] INFO  o.s.w.s.h.SimpleUrlHandlerMapping.registerHandler(362) - Mapped URL path [/**] onto handler of type [class org.springframework.web.servlet.resource.DefaultServletHttpRequestHandler]
2018-03-29 17:05:18.524 [main] INFO  o.s.w.s.m.m.a.RequestMappingHandlerAdapter.initControllerAdviceCache(534) - Looking for @ControllerAdvice: org.springframework.boot.context.embedded.AnnotationConfigEmbeddedWebApplicationContext@38e79ae3: startup date [Thu Mar 29 17:05:14 CST 2018]; root of context hierarchy
2018-03-29 17:05:18.557 [main] INFO  o.s.w.s.m.m.a.ExceptionHandlerExceptionResolver.initExceptionHandlerAdviceCache(273) - Detected @ExceptionHandler methods in globalExceptionHandler
2018-03-29 17:05:18.933 [main] INFO  o.s.j.e.a.AnnotationMBeanExporter.afterSingletonsInstantiated(431) - Registering beans for JMX exposure on startup
2018-03-29 17:05:18.935 [main] INFO  o.s.j.e.a.AnnotationMBeanExporter.autodetect(916) - Bean with name 'dataSource' has been autodetected for JMX exposure
2018-03-29 17:05:18.940 [main] INFO  o.s.j.e.a.AnnotationMBeanExporter.registerBeanInstance(671) - Located MBean 'dataSource': registering with JMX server as MBean [com.alibaba.druid.pool:name=dataSource,type=DruidDataSource]
2018-03-29 17:05:18.940 [main] INFO  o.s.b.a.e.jmx.EndpointMBeanExporter.afterSingletonsInstantiated(431) - Registering beans for JMX exposure on startup
2018-03-29 17:05:18.944 [main] INFO  o.s.c.s.DefaultLifecycleProcessor.start(343) - Starting beans in phase 0
2018-03-29 17:05:18.945 [main] INFO  o.s.b.a.e.jmx.EndpointMBeanExporter.registerBeanInstance(678) - Located managed bean 'auditEventsEndpoint': registering with JMX server as MBean [org.springframework.boot:type=Endpoint,name=auditEventsEndpoint]
2018-03-29 17:05:18.956 [main] INFO  o.s.b.a.e.jmx.EndpointMBeanExporter.registerBeanInstance(678) - Located managed bean 'prometheusEndpoint': registering with JMX server as MBean [org.springframework.boot:type=Endpoint,name=prometheusEndpoint]
2018-03-29 17:05:18.963 [main] INFO  o.s.b.a.e.jmx.EndpointMBeanExporter.registerBeanInstance(678) - Located managed bean 'requestMappingEndpoint': registering with JMX server as MBean [org.springframework.boot:type=Endpoint,name=requestMappingEndpoint]
2018-03-29 17:05:18.966 [main] INFO  o.s.b.a.e.jmx.EndpointMBeanExporter.registerBeanInstance(678) - Located managed bean 'environmentEndpoint': registering with JMX server as MBean [org.springframework.boot:type=Endpoint,name=environmentEndpoint]
2018-03-29 17:05:18.968 [main] INFO  o.s.b.a.e.jmx.EndpointMBeanExporter.registerBeanInstance(678) - Located managed bean 'healthEndpoint': registering with JMX server as MBean [org.springframework.boot:type=Endpoint,name=healthEndpoint]
2018-03-29 17:05:18.970 [main] INFO  o.s.b.a.e.jmx.EndpointMBeanExporter.registerBeanInstance(678) - Located managed bean 'beansEndpoint': registering with JMX server as MBean [org.springframework.boot:type=Endpoint,name=beansEndpoint]
2018-03-29 17:05:18.972 [main] INFO  o.s.b.a.e.jmx.EndpointMBeanExporter.registerBeanInstance(678) - Located managed bean 'infoEndpoint': registering with JMX server as MBean [org.springframework.boot:type=Endpoint,name=infoEndpoint]
2018-03-29 17:05:18.975 [main] INFO  o.s.b.a.e.jmx.EndpointMBeanExporter.registerBeanInstance(678) - Located managed bean 'loggersEndpoint': registering with JMX server as MBean [org.springframework.boot:type=Endpoint,name=loggersEndpoint]
2018-03-29 17:05:18.978 [main] INFO  o.s.b.a.e.jmx.EndpointMBeanExporter.registerBeanInstance(678) - Located managed bean 'metricsEndpoint': registering with JMX server as MBean [org.springframework.boot:type=Endpoint,name=metricsEndpoint]
2018-03-29 17:05:18.980 [main] INFO  o.s.b.a.e.jmx.EndpointMBeanExporter.registerBeanInstance(678) - Located managed bean 'traceEndpoint': registering with JMX server as MBean [org.springframework.boot:type=Endpoint,name=traceEndpoint]
2018-03-29 17:05:18.981 [main] INFO  o.s.b.a.e.jmx.EndpointMBeanExporter.registerBeanInstance(678) - Located managed bean 'dumpEndpoint': registering with JMX server as MBean [org.springframework.boot:type=Endpoint,name=dumpEndpoint]
2018-03-29 17:05:18.983 [main] INFO  o.s.b.a.e.jmx.EndpointMBeanExporter.registerBeanInstance(678) - Located managed bean 'autoConfigurationReportEndpoint': registering with JMX server as MBean [org.springframework.boot:type=Endpoint,name=autoConfigurationReportEndpoint]
2018-03-29 17:05:18.984 [main] INFO  o.s.b.a.e.jmx.EndpointMBeanExporter.registerBeanInstance(678) - Located managed bean 'configurationPropertiesReportEndpoint': registering with JMX server as MBean [org.springframework.boot:type=Endpoint,name=configurationPropertiesReportEndpoint]
2018-03-29 17:05:18.985 [main] INFO  o.s.c.s.DefaultLifecycleProcessor.start(343) - Starting beans in phase 2147483647
2018-03-29 17:05:19.238 [main] INFO  o.s.b.c.e.t.TomcatEmbeddedServletContainer.start(201) - Tomcat started on port(s): 8080 (http)
2018-03-29 17:05:19.247 [main] INFO  effect.effect.EffectApplication.logStarted(57) - Started EffectApplication in 5.332 seconds (JVM running for 6.06)
2018-03-29 17:05:26.474 [http-nio-8080-exec-1] INFO  o.s.web.servlet.DispatcherServlet.initServletBean(489) - FrameworkServlet 'dispatcherServlet': initialization started
2018-03-29 17:05:26.494 [http-nio-8080-exec-1] INFO  o.s.web.servlet.DispatcherServlet.initServletBean(508) - FrameworkServlet 'dispatcherServlet': initialization completed in 19 ms
2018-03-29 17:06:07.945 [Thread-14] INFO  o.s.b.c.e.AnnotationConfigEmbeddedWebApplicationContext.doClose(984) - Closing org.springframework.boot.context.embedded.AnnotationConfigEmbeddedWebApplicationContext@38e79ae3: startup date [Thu Mar 29 17:05:14 CST 2018]; root of context hierarchy
2018-03-29 17:06:07.950 [Thread-14] INFO  o.s.c.s.DefaultLifecycleProcessor.stop(358) - Stopping beans in phase 2147483647
2018-03-29 17:06:07.951 [Thread-14] INFO  o.s.c.s.DefaultLifecycleProcessor.stop(358) - Stopping beans in phase 0
2018-03-29 17:06:07.951 [Thread-14] INFO  o.s.b.a.e.jmx.EndpointMBeanExporter.destroy(449) - Unregistering JMX-exposed beans on shutdown
2018-03-29 17:06:07.952 [Thread-14] INFO  o.s.b.a.e.jmx.EndpointMBeanExporter.unregisterBeans(241) - Unregistering JMX-exposed beans
2018-03-29 17:06:07.952 [Thread-14] INFO  o.s.j.e.a.AnnotationMBeanExporter.destroy(449) - Unregistering JMX-exposed beans on shutdown
2018-03-29 17:06:07.952 [Thread-14] INFO  o.s.j.e.a.AnnotationMBeanExporter.unregisterBeans(241) - Unregistering JMX-exposed beans
2018-03-29 17:06:07.955 [Thread-14] INFO  o.s.o.j.LocalContainerEntityManagerFactoryBean.destroy(563) - Closing JPA EntityManagerFactory for persistence unit 'default'
