2018-02-28 13:09:03.293 [main] INFO  effect.effect.EffectApplication.logStarting(48) - Starting EffectApplication on Feilongs-MacBook-Pro.local with PID 30433 (/Users/feilongchen/source/myWorkspace/effect-backend/target/classes started by feilongchen in /Users/feilongchen/source/myWorkspace/effect-backend)
2018-02-28 13:09:03.302 [main] DEBUG effect.effect.EffectApplication.logStarting(51) - Running with Spring Boot v1.5.9.RELEASE, Spring v4.3.13.RELEASE
2018-02-28 13:09:03.303 [main] INFO  effect.effect.EffectApplication.logStartupProfileInfo(597) - The following profiles are active: dev
2018-02-28 13:09:03.374 [main] INFO  o.s.b.c.e.AnnotationConfigEmbeddedWebApplicationContext.prepareRefresh(583) - Refreshing org.springframework.boot.context.embedded.AnnotationConfigEmbeddedWebApplicationContext@38e79ae3: startup date [Wed Feb 28 13:09:03 CST 2018]; root of context hierarchy
2018-02-28 13:09:04.899 [main] INFO  o.s.c.s.PostProcessorRegistrationDelegate$BeanPostProcessorChecker.postProcessAfterInitialization(327) - Bean 'org.springframework.transaction.annotation.ProxyTransactionManagementConfiguration' of type [org.springframework.transaction.annotation.ProxyTransactionManagementConfiguration$$EnhancerBySpringCGLIB$$c07ceef4] is not eligible for getting processed by all BeanPostProcessors (for example: not eligible for auto-proxying)
2018-02-28 13:09:05.362 [main] INFO  o.s.b.c.e.t.TomcatEmbeddedServletContainer.initialize(89) - Tomcat initialized with port(s): 8080 (http)
2018-02-28 13:09:05.457 [localhost-startStop-1] INFO  o.s.web.context.ContextLoader.prepareEmbeddedWebApplicationContext(276) - Root WebApplicationContext: initialization completed in 2083 ms
2018-02-28 13:09:06.005 [localhost-startStop-1] INFO  o.s.o.j.LocalContainerEntityManagerFactoryBean.createNativeEntityManagerFactory(356) - Building JPA container EntityManagerFactory for persistence unit 'default'
2018-02-28 13:09:07.654 [localhost-startStop-1] INFO  o.s.o.j.LocalContainerEntityManagerFactoryBean.buildNativeEntityManagerFactory(392) - Initialized JPA EntityManagerFactory for persistence unit 'default'
2018-02-28 13:09:08.126 [localhost-startStop-1] INFO  o.s.b.w.s.FilterRegistrationBean.configure(271) - Mapping filter: 'tokenFilter' to urls: [/v1/member/*]
2018-02-28 13:09:08.127 [localhost-startStop-1] INFO  o.s.b.w.s.FilterRegistrationBean.configure(258) - Mapping filter: 'metricsFilter' to: [/*]
2018-02-28 13:09:08.127 [localhost-startStop-1] INFO  o.s.b.w.s.FilterRegistrationBean.configure(258) - Mapping filter: 'characterEncodingFilter' to: [/*]
2018-02-28 13:09:08.127 [localhost-startStop-1] INFO  o.s.b.w.s.FilterRegistrationBean.configure(258) - Mapping filter: 'hiddenHttpMethodFilter' to: [/*]
2018-02-28 13:09:08.127 [localhost-startStop-1] INFO  o.s.b.w.s.FilterRegistrationBean.configure(258) - Mapping filter: 'httpPutFormContentFilter' to: [/*]
2018-02-28 13:09:08.127 [localhost-startStop-1] INFO  o.s.b.w.s.FilterRegistrationBean.configure(258) - Mapping filter: 'requestContextFilter' to: [/*]
2018-02-28 13:09:08.127 [localhost-startStop-1] INFO  o.s.b.w.s.FilterRegistrationBean.configure(258) - Mapping filter: 'corsFilter' to: [/*]
2018-02-28 13:09:08.127 [localhost-startStop-1] INFO  o.s.b.w.s.FilterRegistrationBean.configure(258) - Mapping filter: 'webRequestLoggingFilter' to: [/*]
2018-02-28 13:09:08.127 [localhost-startStop-1] INFO  o.s.b.w.s.FilterRegistrationBean.configure(258) - Mapping filter: 'applicationContextIdFilter' to: [/*]
2018-02-28 13:09:08.127 [localhost-startStop-1] INFO  o.s.b.w.s.ServletRegistrationBean.onStartup(190) - Mapping servlet: 'dispatcherServlet' to [/]
2018-02-28 13:09:08.158 [localhost-startStop-1] DEBUG e.effect.common.filter.TokenFilter.init(208) - Initializing filter 'tokenFilter'
2018-02-28 13:09:08.158 [localhost-startStop-1] DEBUG e.effect.common.filter.TokenFilter.init(239) - Filter 'tokenFilter' configured successfully
2018-02-28 13:09:08.844 [main] INFO  o.s.w.s.m.m.a.RequestMappingHandlerMapping.register(543) - Mapped "{[/v1/member/{account}/categories],methods=[POST]}" onto public effect.effect.common.vo.ResponseVO effect.effect.web.controller.member.ArticleCategoryMemberController.addArticleCategory(java.lang.String,effect.effect.web.vo.ArticleCategoryAddVO,javax.servlet.http.HttpServletRequest)
2018-02-28 13:09:08.845 [main] INFO  o.s.w.s.m.m.a.RequestMappingHandlerMapping.register(543) - Mapped "{[/v1/member/{account}/categories/{id}],methods=[DELETE]}" onto public effect.effect.common.vo.ResponseVO effect.effect.web.controller.member.ArticleCategoryMemberController.deleteArticleCategory(java.lang.String,java.lang.String)
2018-02-28 13:09:08.846 [main] INFO  o.s.w.s.m.m.a.RequestMappingHandlerMapping.register(543) - Mapped "{[/v1/member/{account}/categories],methods=[PUT]}" onto public effect.effect.common.vo.ResponseVO effect.effect.web.controller.member.ArticleCategoryMemberController.updateArticleCategory(java.lang.String,effect.effect.web.vo.ArticleCategoryVO)
2018-02-28 13:09:08.850 [main] INFO  o.s.w.s.m.m.a.RequestMappingHandlerMapping.register(543) - Mapped "{[/v1/member/{account}/articles],methods=[POST]}" onto public effect.effect.common.vo.ResponseVO effect.effect.web.controller.member.ArticleMemberController.newArticle(java.lang.String,effect.effect.web.vo.ArticleAddVO,javax.servlet.http.HttpServletRequest)
2018-02-28 13:09:08.851 [main] INFO  o.s.w.s.m.m.a.RequestMappingHandlerMapping.register(543) - Mapped "{[/v1/member/{account}/articles/{id}],methods=[DELETE]}" onto public effect.effect.common.vo.ResponseVO effect.effect.web.controller.member.ArticleMemberController.deleteArticle(java.lang.String,java.lang.String)
2018-02-28 13:09:08.851 [main] INFO  o.s.w.s.m.m.a.RequestMappingHandlerMapping.register(543) - Mapped "{[/v1/member/{account}/articles],methods=[PUT]}" onto public effect.effect.common.vo.ResponseVO effect.effect.web.controller.member.ArticleMemberController.updateArticle(java.lang.String,effect.effect.web.vo.ArticleUpdateVO)
2018-02-28 13:09:08.853 [main] INFO  o.s.w.s.m.m.a.RequestMappingHandlerMapping.register(543) - Mapped "{[/v1/member/{account}/comments],methods=[POST]}" onto public effect.effect.common.vo.ResponseVO effect.effect.web.controller.member.CommentMemberController.commit(java.lang.String,effect.effect.web.vo.CommentAddVO,javax.servlet.http.HttpServletRequest)
2018-02-28 13:09:08.854 [main] INFO  o.s.w.s.m.m.a.RequestMappingHandlerMapping.register(543) - Mapped "{[/v1/member/{account}/replies],methods=[POST]}" onto public effect.effect.common.vo.ResponseVO effect.effect.web.controller.member.ReplyMemberController.addReply(java.lang.String,effect.effect.web.vo.ReplyAddVO,javax.servlet.http.HttpServletRequest)
2018-02-28 13:09:08.855 [main] INFO  o.s.w.s.m.m.a.RequestMappingHandlerMapping.register(543) - Mapped "{[/v1/member/users/resetPwd],methods=[POST]}" onto public effect.effect.common.vo.ResponseVO effect.effect.web.controller.member.UserMemberController.resetPassword(effect.effect.web.vo.ResetPasswordVO)
2018-02-28 13:09:08.857 [main] INFO  o.s.w.s.m.m.a.RequestMappingHandlerMapping.register(543) - Mapped "{[/v1/pub/{account}/categories],methods=[GET]}" onto public effect.effect.common.vo.ResponseVO effect.effect.web.controller.pub.ArticleCategoryPubController.getArticleCategoryByAccount(java.lang.String)
2018-02-28 13:09:08.858 [main] INFO  o.s.w.s.m.m.a.RequestMappingHandlerMapping.register(543) - Mapped "{[/v1/pub/{account}/articles/{id}],methods=[GET]}" onto public effect.effect.common.vo.ResponseVO effect.effect.web.controller.pub.ArticlepubController.detail(java.lang.String,java.lang.String)
2018-02-28 13:09:08.858 [main] INFO  o.s.w.s.m.m.a.RequestMappingHandlerMapping.register(543) - Mapped "{[/v1/pub/{account}/articles],methods=[GET]}" onto public effect.effect.common.vo.ResponseVO effect.effect.web.controller.pub.ArticlepubController.listArticle(java.lang.String,java.lang.Long,java.lang.Integer,java.lang.String)
2018-02-28 13:09:08.859 [main] INFO  o.s.w.s.m.m.a.RequestMappingHandlerMapping.register(543) - Mapped "{[/v1/pub/{account}/comments/{id}],methods=[GET]}" onto public effect.effect.common.vo.ResponseVO effect.effect.web.controller.pub.CommentPubController.showComments(java.lang.String,java.lang.String,java.lang.Long,java.lang.Integer) throws java.lang.InstantiationException,java.lang.IllegalAccessException,java.lang.NoSuchMethodException,java.lang.reflect.InvocationTargetException
2018-02-28 13:09:08.859 [main] INFO  o.s.w.s.m.m.a.RequestMappingHandlerMapping.register(543) - Mapped "{[/v1/pub/search.do],methods=[GET]}" onto public effect.effect.common.vo.ResponseVO effect.effect.web.controller.pub.CommonController.queryArticle(java.lang.String,java.lang.Long,java.lang.Integer)
2018-02-28 13:09:08.862 [main] INFO  o.s.w.s.m.m.a.RequestMappingHandlerMapping.register(543) - Mapped "{[/v1/pub/{account}/replies/{id}],methods=[GET]}" onto public effect.effect.common.vo.ResponseVO effect.effect.web.controller.pub.ReplyPubController.showReply(java.lang.String,java.lang.String)
2018-02-28 13:09:08.864 [main] INFO  o.s.w.s.m.m.a.RequestMappingHandlerMapping.register(543) - Mapped "{[/v1/pub/users/register],methods=[POST]}" onto public effect.effect.common.vo.ResponseVO effect.effect.web.controller.pub.UserPubController.register(effect.effect.web.vo.RegisterVO)
2018-02-28 13:09:08.865 [main] INFO  o.s.w.s.m.m.a.RequestMappingHandlerMapping.register(543) - Mapped "{[/v1/pub/users/login],methods=[POST]}" onto public effect.effect.common.vo.ResponseVO effect.effect.web.controller.pub.UserPubController.signup(effect.effect.web.vo.LoginVO)
2018-02-28 13:09:08.868 [main] INFO  o.s.w.s.m.m.a.RequestMappingHandlerMapping.register(543) - Mapped "{[/swagger-resources/configuration/ui]}" onto public org.springframework.http.ResponseEntity<springfox.documentation.swagger.web.UiConfiguration> springfox.documentation.swagger.web.ApiResourceController.uiConfiguration()
2018-02-28 13:09:08.869 [main] INFO  o.s.w.s.m.m.a.RequestMappingHandlerMapping.register(543) - Mapped "{[/swagger-resources/configuration/security]}" onto public org.springframework.http.ResponseEntity<springfox.documentation.swagger.web.SecurityConfiguration> springfox.documentation.swagger.web.ApiResourceController.securityConfiguration()
2018-02-28 13:09:08.870 [main] INFO  o.s.w.s.m.m.a.RequestMappingHandlerMapping.register(543) - Mapped "{[/swagger-resources]}" onto public org.springframework.http.ResponseEntity<java.util.List<springfox.documentation.swagger.web.SwaggerResource>> springfox.documentation.swagger.web.ApiResourceController.swaggerResources()
2018-02-28 13:09:08.872 [main] INFO  o.s.w.s.m.m.a.RequestMappingHandlerMapping.register(543) - Mapped "{[/error]}" onto public org.springframework.http.ResponseEntity<java.util.Map<java.lang.String, java.lang.Object>> org.springframework.boot.autoconfigure.web.BasicErrorController.error(javax.servlet.http.HttpServletRequest)
2018-02-28 13:09:08.873 [main] INFO  o.s.w.s.m.m.a.RequestMappingHandlerMapping.register(543) - Mapped "{[/error],produces=[text/html]}" onto public org.springframework.web.servlet.ModelAndView org.springframework.boot.autoconfigure.web.BasicErrorController.errorHtml(javax.servlet.http.HttpServletRequest,javax.servlet.http.HttpServletResponse)
2018-02-28 13:09:09.139 [main] INFO  o.s.b.a.e.mvc.EndpointHandlerMapping.register(543) - Mapped "{[/dump || /dump.json],methods=[GET],produces=[application/vnd.spring-boot.actuator.v1+json || application/json]}" onto public java.lang.Object org.springframework.boot.actuate.endpoint.mvc.EndpointMvcAdapter.invoke()
2018-02-28 13:09:09.140 [main] INFO  o.s.b.a.e.mvc.EndpointHandlerMapping.register(543) - Mapped "{[/metrics/{name:.*}],methods=[GET],produces=[application/vnd.spring-boot.actuator.v1+json || application/json]}" onto public java.lang.Object org.springframework.boot.actuate.endpoint.mvc.MetricsMvcEndpoint.value(java.lang.String)
2018-02-28 13:09:09.141 [main] INFO  o.s.b.a.e.mvc.EndpointHandlerMapping.register(543) - Mapped "{[/metrics || /metrics.json],methods=[GET],produces=[application/vnd.spring-boot.actuator.v1+json || application/json]}" onto public java.lang.Object org.springframework.boot.actuate.endpoint.mvc.EndpointMvcAdapter.invoke()
2018-02-28 13:09:09.141 [main] INFO  o.s.b.a.e.mvc.EndpointHandlerMapping.register(543) - Mapped "{[/beans || /beans.json],methods=[GET],produces=[application/vnd.spring-boot.actuator.v1+json || application/json]}" onto public java.lang.Object org.springframework.boot.actuate.endpoint.mvc.EndpointMvcAdapter.invoke()
2018-02-28 13:09:09.142 [main] INFO  o.s.b.a.e.mvc.EndpointHandlerMapping.register(543) - Mapped "{[/trace || /trace.json],methods=[GET],produces=[application/vnd.spring-boot.actuator.v1+json || application/json]}" onto public java.lang.Object org.springframework.boot.actuate.endpoint.mvc.EndpointMvcAdapter.invoke()
2018-02-28 13:09:09.142 [main] INFO  o.s.b.a.e.mvc.EndpointHandlerMapping.register(543) - Mapped "{[/auditevents || /auditevents.json],methods=[GET],produces=[application/vnd.spring-boot.actuator.v1+json || application/json]}" onto public org.springframework.http.ResponseEntity<?> org.springframework.boot.actuate.endpoint.mvc.AuditEventsMvcEndpoint.findByPrincipalAndAfterAndType(java.lang.String,java.util.Date,java.lang.String)
2018-02-28 13:09:09.143 [main] INFO  o.s.b.a.e.mvc.EndpointHandlerMapping.register(543) - Mapped "{[/env/{name:.*}],methods=[GET],produces=[application/vnd.spring-boot.actuator.v1+json || application/json]}" onto public java.lang.Object org.springframework.boot.actuate.endpoint.mvc.EnvironmentMvcEndpoint.value(java.lang.String)
2018-02-28 13:09:09.143 [main] INFO  o.s.b.a.e.mvc.EndpointHandlerMapping.register(543) - Mapped "{[/env || /env.json],methods=[GET],produces=[application/vnd.spring-boot.actuator.v1+json || application/json]}" onto public java.lang.Object org.springframework.boot.actuate.endpoint.mvc.EndpointMvcAdapter.invoke()
2018-02-28 13:09:09.144 [main] INFO  o.s.b.a.e.mvc.EndpointHandlerMapping.register(543) - Mapped "{[/heapdump || /heapdump.json],methods=[GET],produces=[application/octet-stream]}" onto public void org.springframework.boot.actuate.endpoint.mvc.HeapdumpMvcEndpoint.invoke(boolean,javax.servlet.http.HttpServletRequest,javax.servlet.http.HttpServletResponse) throws java.io.IOException,javax.servlet.ServletException
2018-02-28 13:09:09.145 [main] INFO  o.s.b.a.e.mvc.EndpointHandlerMapping.register(543) - Mapped "{[/loggers/{name:.*}],methods=[GET],produces=[application/vnd.spring-boot.actuator.v1+json || application/json]}" onto public java.lang.Object org.springframework.boot.actuate.endpoint.mvc.LoggersMvcEndpoint.get(java.lang.String)
2018-02-28 13:09:09.146 [main] INFO  o.s.b.a.e.mvc.EndpointHandlerMapping.register(543) - Mapped "{[/loggers/{name:.*}],methods=[POST],consumes=[application/vnd.spring-boot.actuator.v1+json || application/json],produces=[application/vnd.spring-boot.actuator.v1+json || application/json]}" onto public java.lang.Object org.springframework.boot.actuate.endpoint.mvc.LoggersMvcEndpoint.set(java.lang.String,java.util.Map<java.lang.String, java.lang.String>)
2018-02-28 13:09:09.146 [main] INFO  o.s.b.a.e.mvc.EndpointHandlerMapping.register(543) - Mapped "{[/loggers || /loggers.json],methods=[GET],produces=[application/vnd.spring-boot.actuator.v1+json || application/json]}" onto public java.lang.Object org.springframework.boot.actuate.endpoint.mvc.EndpointMvcAdapter.invoke()
2018-02-28 13:09:09.147 [main] INFO  o.s.b.a.e.mvc.EndpointHandlerMapping.register(543) - Mapped "{[/mappings || /mappings.json],methods=[GET],produces=[application/vnd.spring-boot.actuator.v1+json || application/json]}" onto public java.lang.Object org.springframework.boot.actuate.endpoint.mvc.EndpointMvcAdapter.invoke()
2018-02-28 13:09:09.147 [main] INFO  o.s.b.a.e.mvc.EndpointHandlerMapping.register(543) - Mapped "{[/autoconfig || /autoconfig.json],methods=[GET],produces=[application/vnd.spring-boot.actuator.v1+json || application/json]}" onto public java.lang.Object org.springframework.boot.actuate.endpoint.mvc.EndpointMvcAdapter.invoke()
2018-02-28 13:09:09.148 [main] INFO  o.s.b.a.e.mvc.EndpointHandlerMapping.register(543) - Mapped "{[/configprops || /configprops.json],methods=[GET],produces=[application/vnd.spring-boot.actuator.v1+json || application/json]}" onto public java.lang.Object org.springframework.boot.actuate.endpoint.mvc.EndpointMvcAdapter.invoke()
2018-02-28 13:09:09.148 [main] INFO  o.s.b.a.e.mvc.EndpointHandlerMapping.register(543) - Mapped "{[/info || /info.json],methods=[GET],produces=[application/vnd.spring-boot.actuator.v1+json || application/json]}" onto public java.lang.Object org.springframework.boot.actuate.endpoint.mvc.EndpointMvcAdapter.invoke()
2018-02-28 13:09:09.149 [main] INFO  o.s.b.a.e.mvc.EndpointHandlerMapping.register(543) - Mapped "{[/prometheus || /prometheus.json],methods=[GET],produces=[*/*]}" onto public org.springframework.http.ResponseEntity io.prometheus.client.spring.boot.PrometheusMvcEndpoint.value(java.util.Set<java.lang.String>)
2018-02-28 13:09:09.149 [main] INFO  o.s.b.a.e.mvc.EndpointHandlerMapping.register(543) - Mapped "{[/prometheus || /prometheus.json],methods=[GET],produces=[application/vnd.spring-boot.actuator.v1+json || application/json]}" onto public java.lang.Object org.springframework.boot.actuate.endpoint.mvc.EndpointMvcAdapter.invoke()
2018-02-28 13:09:09.150 [main] INFO  o.s.b.a.e.mvc.EndpointHandlerMapping.register(543) - Mapped "{[/health || /health.json],methods=[GET],produces=[application/vnd.spring-boot.actuator.v1+json || application/json]}" onto public java.lang.Object org.springframework.boot.actuate.endpoint.mvc.HealthMvcEndpoint.invoke(javax.servlet.http.HttpServletRequest,java.security.Principal)
2018-02-28 13:09:09.807 [main] INFO  o.s.w.s.m.m.a.RequestMappingHandlerAdapter.initControllerAdviceCache(534) - Looking for @ControllerAdvice: org.springframework.boot.context.embedded.AnnotationConfigEmbeddedWebApplicationContext@38e79ae3: startup date [Wed Feb 28 13:09:03 CST 2018]; root of context hierarchy
2018-02-28 13:09:09.860 [main] INFO  o.s.w.s.h.SimpleUrlHandlerMapping.registerHandler(362) - Mapped URL path [/webjars/**] onto handler of type [class org.springframework.web.servlet.resource.ResourceHttpRequestHandler]
2018-02-28 13:09:09.860 [main] INFO  o.s.w.s.h.SimpleUrlHandlerMapping.registerHandler(362) - Mapped URL path [/**] onto handler of type [class org.springframework.web.servlet.resource.ResourceHttpRequestHandler]
2018-02-28 13:09:09.875 [main] INFO  o.s.w.s.m.m.a.ExceptionHandlerExceptionResolver.initExceptionHandlerAdviceCache(273) - Detected @ExceptionHandler methods in globalExceptionHandler
2018-02-28 13:09:09.895 [main] INFO  o.s.w.s.h.SimpleUrlHandlerMapping.registerHandler(362) - Mapped URL path [/**/favicon.ico] onto handler of type [class org.springframework.web.servlet.resource.ResourceHttpRequestHandler]
2018-02-28 13:09:10.237 [main] INFO  o.s.j.e.a.AnnotationMBeanExporter.afterSingletonsInstantiated(431) - Registering beans for JMX exposure on startup
2018-02-28 13:09:10.241 [main] INFO  o.s.j.e.a.AnnotationMBeanExporter.autodetect(916) - Bean with name 'dataSource' has been autodetected for JMX exposure
2018-02-28 13:09:10.248 [main] INFO  o.s.j.e.a.AnnotationMBeanExporter.registerBeanInstance(671) - Located MBean 'dataSource': registering with JMX server as MBean [com.alibaba.druid.pool:name=dataSource,type=DruidDataSource]
2018-02-28 13:09:10.249 [main] INFO  o.s.b.a.e.jmx.EndpointMBeanExporter.afterSingletonsInstantiated(431) - Registering beans for JMX exposure on startup
2018-02-28 13:09:10.253 [main] INFO  o.s.c.s.DefaultLifecycleProcessor.start(343) - Starting beans in phase 0
2018-02-28 13:09:10.255 [main] INFO  o.s.b.a.e.jmx.EndpointMBeanExporter.registerBeanInstance(678) - Located managed bean 'auditEventsEndpoint': registering with JMX server as MBean [org.springframework.boot:type=Endpoint,name=auditEventsEndpoint]
2018-02-28 13:09:10.275 [main] INFO  o.s.b.a.e.jmx.EndpointMBeanExporter.registerBeanInstance(678) - Located managed bean 'prometheusEndpoint': registering with JMX server as MBean [org.springframework.boot:type=Endpoint,name=prometheusEndpoint]
2018-02-28 13:09:10.282 [main] INFO  o.s.b.a.e.jmx.EndpointMBeanExporter.registerBeanInstance(678) - Located managed bean 'requestMappingEndpoint': registering with JMX server as MBean [org.springframework.boot:type=Endpoint,name=requestMappingEndpoint]
2018-02-28 13:09:10.287 [main] INFO  o.s.b.a.e.jmx.EndpointMBeanExporter.registerBeanInstance(678) - Located managed bean 'environmentEndpoint': registering with JMX server as MBean [org.springframework.boot:type=Endpoint,name=environmentEndpoint]
2018-02-28 13:09:10.290 [main] INFO  o.s.b.a.e.jmx.EndpointMBeanExporter.registerBeanInstance(678) - Located managed bean 'healthEndpoint': registering with JMX server as MBean [org.springframework.boot:type=Endpoint,name=healthEndpoint]
2018-02-28 13:09:10.292 [main] INFO  o.s.b.a.e.jmx.EndpointMBeanExporter.registerBeanInstance(678) - Located managed bean 'beansEndpoint': registering with JMX server as MBean [org.springframework.boot:type=Endpoint,name=beansEndpoint]
2018-02-28 13:09:10.295 [main] INFO  o.s.b.a.e.jmx.EndpointMBeanExporter.registerBeanInstance(678) - Located managed bean 'infoEndpoint': registering with JMX server as MBean [org.springframework.boot:type=Endpoint,name=infoEndpoint]
2018-02-28 13:09:10.298 [main] INFO  o.s.b.a.e.jmx.EndpointMBeanExporter.registerBeanInstance(678) - Located managed bean 'loggersEndpoint': registering with JMX server as MBean [org.springframework.boot:type=Endpoint,name=loggersEndpoint]
2018-02-28 13:09:10.302 [main] INFO  o.s.b.a.e.jmx.EndpointMBeanExporter.registerBeanInstance(678) - Located managed bean 'metricsEndpoint': registering with JMX server as MBean [org.springframework.boot:type=Endpoint,name=metricsEndpoint]
2018-02-28 13:09:10.304 [main] INFO  o.s.b.a.e.jmx.EndpointMBeanExporter.registerBeanInstance(678) - Located managed bean 'traceEndpoint': registering with JMX server as MBean [org.springframework.boot:type=Endpoint,name=traceEndpoint]
2018-02-28 13:09:10.305 [main] INFO  o.s.b.a.e.jmx.EndpointMBeanExporter.registerBeanInstance(678) - Located managed bean 'dumpEndpoint': registering with JMX server as MBean [org.springframework.boot:type=Endpoint,name=dumpEndpoint]
2018-02-28 13:09:10.307 [main] INFO  o.s.b.a.e.jmx.EndpointMBeanExporter.registerBeanInstance(678) - Located managed bean 'autoConfigurationReportEndpoint': registering with JMX server as MBean [org.springframework.boot:type=Endpoint,name=autoConfigurationReportEndpoint]
2018-02-28 13:09:10.310 [main] INFO  o.s.b.a.e.jmx.EndpointMBeanExporter.registerBeanInstance(678) - Located managed bean 'configurationPropertiesReportEndpoint': registering with JMX server as MBean [org.springframework.boot:type=Endpoint,name=configurationPropertiesReportEndpoint]
2018-02-28 13:09:10.311 [main] INFO  o.s.c.s.DefaultLifecycleProcessor.start(343) - Starting beans in phase 2147483647
2018-02-28 13:09:10.673 [main] INFO  o.s.b.c.e.t.TomcatEmbeddedServletContainer.start(201) - Tomcat started on port(s): 8080 (http)
2018-02-28 13:09:10.679 [main] INFO  effect.effect.EffectApplication.logStarted(57) - Started EffectApplication in 7.96 seconds (JVM running for 9.489)
2018-02-28 13:09:36.877 [http-nio-8080-exec-1] INFO  o.s.web.servlet.DispatcherServlet.initServletBean(489) - FrameworkServlet 'dispatcherServlet': initialization started
2018-02-28 13:09:36.903 [http-nio-8080-exec-1] INFO  o.s.web.servlet.DispatcherServlet.initServletBean(508) - FrameworkServlet 'dispatcherServlet': initialization completed in 25 ms
2018-02-28 15:49:56.744 [Thread-19] INFO  o.s.b.c.e.AnnotationConfigEmbeddedWebApplicationContext.doClose(984) - Closing org.springframework.boot.context.embedded.AnnotationConfigEmbeddedWebApplicationContext@38e79ae3: startup date [Wed Feb 28 13:09:03 CST 2018]; root of context hierarchy
2018-02-28 15:49:56.767 [Thread-19] INFO  o.s.c.s.DefaultLifecycleProcessor.stop(358) - Stopping beans in phase 2147483647
2018-02-28 15:49:56.774 [Thread-19] INFO  o.s.c.s.DefaultLifecycleProcessor.stop(358) - Stopping beans in phase 0
2018-02-28 15:49:56.776 [Thread-19] INFO  o.s.b.a.e.jmx.EndpointMBeanExporter.destroy(449) - Unregistering JMX-exposed beans on shutdown
2018-02-28 15:49:56.778 [Thread-19] INFO  o.s.b.a.e.jmx.EndpointMBeanExporter.unregisterBeans(241) - Unregistering JMX-exposed beans
2018-02-28 15:49:56.778 [Thread-19] INFO  o.s.j.e.a.AnnotationMBeanExporter.destroy(449) - Unregistering JMX-exposed beans on shutdown
2018-02-28 15:49:56.779 [Thread-19] INFO  o.s.j.e.a.AnnotationMBeanExporter.unregisterBeans(241) - Unregistering JMX-exposed beans
2018-02-28 15:49:56.782 [Thread-19] INFO  o.s.o.j.LocalContainerEntityManagerFactoryBean.destroy(563) - Closing JPA EntityManagerFactory for persistence unit 'default'
